======================================================================
🚀 FRESH START - OPTIMIZED TRAINING
======================================================================
📦 Batch size: 160 × 2 = 320 effective
📊 Epochs: 13
📈 Learning rate: 0.0005
📉 LR decay at epochs: 8 10 12

   LR Schedule:
   Epoch 1-6:   lr = 0.0003
   Epoch 7-8:   lr = 0.00015
   Epoch 9-10:  lr = 0.000075
   Epoch 11-12: lr = 0.0000375
   Epoch 13:    lr = 0.00001875

🎬 Clip length: 16 frames
⚡ AMP: Enabled

📋 Full command:
python train.py     -d charades_ag     -v yowo_v2_x3d_m_yolo11m_multitask     --cuda     --amp     -bs 160     -accu 2     --max_epoch 13     --lr_epoch 8 10 12     --root /content/yowo/data     -K 16     -lr 0.0005     --num_workers 4     --save_folder /content/yowo/weights

======================================================================

Creating new Ultralytics Settings v0.0.6 file ✅ 
View Ultralytics Settings with 'yolo settings' or at '/root/.config/Ultralytics/settings.json'
Update Settings with 'yolo settings key=value', i.e. 'yolo settings runs_dir=path/to/dir'. For help see https://docs.ultralytics.com/quickstart/#ultralytics-settings.
Setting Arguments.. :  Namespace(cuda=True, tfboard=False, save_folder='/content/yowo/weights', vis_data=False, eval=False, eval_epoch=1, save_dir='inference_results/', eval_first=False, batch_size=160, test_batch_size=16, accumulate=2, base_lr=0.0005, lr_decay_ratio=0.5, max_epoch=13, lr_epoch=[8, 10, 12], version='yowo_v2_x3d_m_yolo11m_multitask', resume=None, conf_thresh=0.1, nms_thresh=0.5, topk=40, len_clip=16, freeze_backbone_2d=False, freeze_backbone_3d=False, memory=False, dataset='charades_ag', root='/content/yowo/data', num_workers=4, center_sampling_radius=2.5, topk_candicate=10, loss_conf_weight=1, loss_cls_weight=1, loss_reg_weight=5, focal_loss=False, distributed=False, dist_url='env://', world_size=1, sybn=False, amp=True)
----------------------------------------------------------
World size: 1
use cuda
==============================
Dataset Config: CHARADES_AG 
==============================
Model Config: YOWO_V2_X3D_M_YOLO11M_MULTITASK 
Loaded 274086 keyframes for train
==============================
Training model on: charades_ag
The dataset size: 274086
==============================
Build YOWO_V2_X3D_M_YOLO11M_MULTITASK (Multi-Task) ...
  Objects: 36
  Actions: 157
  Relations: 26
==============================
2D Backbone: YOLO11M
--pretrained: True
Downloading https://github.com/ultralytics/assets/releases/download/v8.3.0/yolo11m.pt to 'yolo11m.pt': 100% ━━━━━━━━━━━━ 38.8MB 190.7MB/s 0.2s
YOLO11 feature dimensions: [256, 512, 512]
YOLO11 feature strides: [8, 16, 32]
==============================
3D Backbone: X3D_M
--pretrained: True
Loading X3D model: x3d_m (pretrained=True)
Downloading: "https://github.com/facebookresearch/pytorchvideo/zipball/main" to /root/.cache/torch/hub/main.zip
Downloading: "https://dl.fbaipublicfiles.com/pytorchvideo/model_zoo/kinetics/X3D_M.pyth" to /root/.cache/torch/hub/checkpoints/X3D_M.pyth
100% 29.4M/29.4M [00:01<00:00, 15.6MB/s]
==============================
Head: Decoupled Head
==============================
Head: Decoupled Head
==============================
Head: Decoupled Head
==============================
[INFO] Register count_convNd() for <class 'torch.nn.modules.conv.Conv2d'>.
[INFO] Register count_normalization() for <class 'torch.nn.modules.batchnorm.BatchNorm2d'>.
[INFO] Register zero_ops() for <class 'torch.nn.modules.container.Sequential'>.
[INFO] Register zero_ops() for <class 'torch.nn.modules.pooling.MaxPool2d'>.
[INFO] Register count_upsample() for <class 'torch.nn.modules.upsampling.Upsample'>.
[INFO] Register count_convNd() for <class 'torch.nn.modules.conv.Conv3d'>.
[INFO] Register count_normalization() for <class 'torch.nn.modules.batchnorm.BatchNorm3d'>.
[INFO] Register zero_ops() for <class 'torch.nn.modules.activation.ReLU'>.
[INFO] Register count_softmax() for <class 'torch.nn.modules.activation.Softmax'>.
[INFO] Register zero_ops() for <class 'torch.nn.modules.dropout.Dropout'>.
[INFO] Register count_linear() for <class 'torch.nn.modules.linear.Linear'>.
[INFO] Register count_normalization() for <class 'torch.nn.modules.normalization.LayerNorm'>.
/usr/local/lib/python3.12/dist-packages/torch/functional.py:505: UserWarning: torch.meshgrid: in an upcoming release, it will be required to pass the indexing argument. (Triggered internally at /pytorch/aten/src/ATen/native/TensorShape.cpp:4317.)
  return _VF.meshgrid(tensors, **kwargs)  # type: ignore[attr-defined]
==============================
FLOPs : 10.25 G
Params : 25.03 M
==============================
Optimizer: adamw
--momentum: 0.9
--weight_decay: 0.0005
==============================
WarmUpScheduler: linear
--base_lr: 0.0005
--warmup_factor: 0.00066667
--wp_iter: 500
Using Automatic Mixed Precision (AMP) training
/content/yowo/train.py:218: FutureWarning: `torch.cuda.amp.GradScaler(args...)` is deprecated. Please use `torch.amp.GradScaler('cuda', args...)` instead.
  scaler = GradScaler()
/content/yowo/train.py:252: FutureWarning: `torch.cuda.amp.autocast(args...)` is deprecated. Please use `torch.amp.autocast('cuda', args...)` instead.
  with autocast():
/content/yowo/models/yowo/matcher.py:59: FutureWarning: `torch.cuda.amp.autocast(args...)` is deprecated. Please use `torch.amp.autocast('cuda', args...)` instead.
  with torch.cuda.amp.autocast(enabled=False):
[Epoch: 1/13][Iter: 0/1713][lr: 0.000000][loss_conf: 8.05][loss_obj: 3.63][loss_act: 13.70][loss_rel: 17.35][loss_box: 0.88][losses: 94.28][time: 69.17]
[Epoch: 1/13][Iter: 10/1713][lr: 0.000010][loss_conf: 7.74][loss_obj: 3.64][loss_act: 15.20][loss_rel: 17.27][loss_box: 0.88][losses: 96.53][time: 34.26]
[Epoch: 1/13][Iter: 20/1713][lr: 0.000020][loss_conf: 7.82][loss_obj: 3.62][loss_act: 14.44][loss_rel: 16.68][loss_box: 0.86][losses: 93.77][time: 62.27]
[Epoch: 1/13][Iter: 30/1713][lr: 0.000030][loss_conf: 7.21][loss_obj: 3.54][loss_act: 13.88][loss_rel: 15.73][loss_box: 0.81][losses: 88.78][time: 73.96]
[Epoch: 1/13][Iter: 40/1713][lr: 0.000040][loss_conf: 5.74][loss_obj: 3.32][loss_act: 15.33][loss_rel: 16.18][loss_box: 0.73][losses: 88.45][time: 61.08]
[Epoch: 1/13][Iter: 50/1713][lr: 0.000050][loss_conf: 5.10][loss_obj: 3.17][loss_act: 15.98][loss_rel: 15.83][loss_box: 0.69][losses: 87.07][time: 73.59]
[Epoch: 1/13][Iter: 60/1713][lr: 0.000060][loss_conf: 4.86][loss_obj: 2.83][loss_act: 16.18][loss_rel: 14.83][loss_box: 0.65][losses: 83.88][time: 61.31]
[Epoch: 1/13][Iter: 70/1713][lr: 0.000070][loss_conf: 4.65][loss_obj: 2.57][loss_act: 17.88][loss_rel: 14.41][loss_box: 0.64][losses: 85.42][time: 72.06]
[Epoch: 1/13][Iter: 80/1713][lr: 0.000080][loss_conf: 4.71][loss_obj: 2.51][loss_act: 15.65][loss_rel: 13.18][loss_box: 0.60][losses: 78.12][time: 61.12]
[Epoch: 1/13][Iter: 90/1713][lr: 0.000090][loss_conf: 4.38][loss_obj: 2.41][loss_act: 17.34][loss_rel: 13.48][loss_box: 0.58][losses: 80.99][time: 71.05]
[Epoch: 1/13][Iter: 100/1713][lr: 0.000100][loss_conf: 4.14][loss_obj: 2.32][loss_act: 16.86][loss_rel: 13.04][loss_box: 0.53][losses: 77.98][time: 60.64]
[Epoch: 1/13][Iter: 110/1713][lr: 0.000110][loss_conf: 4.07][loss_obj: 2.25][loss_act: 17.63][loss_rel: 12.70][loss_box: 0.51][losses: 78.43][time: 71.58]
[Epoch: 1/13][Iter: 120/1713][lr: 0.000120][loss_conf: 4.13][loss_obj: 2.11][loss_act: 15.31][loss_rel: 11.75][loss_box: 0.49][losses: 71.52][time: 60.04]
[Epoch: 1/13][Iter: 130/1713][lr: 0.000130][loss_conf: 4.03][loss_obj: 1.97][loss_act: 15.95][loss_rel: 11.28][loss_box: 0.47][losses: 71.14][time: 70.20]
[Epoch: 1/13][Iter: 140/1713][lr: 0.000140][loss_conf: 3.96][loss_obj: 2.13][loss_act: 16.26][loss_rel: 11.04][loss_box: 0.44][losses: 71.23][time: 59.50]
[Epoch: 1/13][Iter: 150/1713][lr: 0.000150][loss_conf: 3.85][loss_obj: 2.01][loss_act: 16.25][loss_rel: 10.90][loss_box: 0.44][losses: 70.44][time: 70.75]
[Epoch: 1/13][Iter: 160/1713][lr: 0.000160][loss_conf: 4.07][loss_obj: 1.95][loss_act: 15.60][loss_rel: 10.03][loss_box: 0.43][losses: 67.63][time: 60.49]
[Epoch: 1/13][Iter: 170/1713][lr: 0.000170][loss_conf: 3.87][loss_obj: 1.88][loss_act: 16.31][loss_rel: 9.79][loss_box: 0.42][losses: 67.93][time: 71.05]
[Epoch: 1/13][Iter: 180/1713][lr: 0.000180][loss_conf: 4.06][loss_obj: 1.88][loss_act: 15.72][loss_rel: 9.31][loss_box: 0.43][losses: 66.21][time: 60.66]
[Epoch: 1/13][Iter: 190/1713][lr: 0.000190][loss_conf: 3.99][loss_obj: 1.87][loss_act: 16.21][loss_rel: 9.02][loss_box: 0.41][losses: 66.26][time: 68.88]
[Epoch: 1/13][Iter: 200/1713][lr: 0.000200][loss_conf: 4.07][loss_obj: 1.87][loss_act: 14.81][loss_rel: 8.62][loss_box: 0.43][losses: 63.01][time: 60.56]
[Epoch: 1/13][Iter: 210/1713][lr: 0.000210][loss_conf: 3.86][loss_obj: 1.81][loss_act: 16.01][loss_rel: 8.57][loss_box: 0.40][losses: 64.54][time: 67.45]
[Epoch: 1/13][Iter: 220/1713][lr: 0.000220][loss_conf: 3.97][loss_obj: 1.67][loss_act: 15.08][loss_rel: 7.96][loss_box: 0.39][losses: 61.28][time: 61.70]
[Epoch: 1/13][Iter: 230/1713][lr: 0.000230][loss_conf: 3.97][loss_obj: 1.70][loss_act: 14.75][loss_rel: 7.68][loss_box: 0.40][losses: 60.19][time: 67.97]
[Epoch: 1/13][Iter: 240/1713][lr: 0.000240][loss_conf: 3.95][loss_obj: 1.67][loss_act: 14.54][loss_rel: 7.43][loss_box: 0.38][losses: 59.00][time: 60.72]
[Epoch: 1/13][Iter: 250/1713][lr: 0.000250][loss_conf: 3.99][loss_obj: 1.64][loss_act: 15.38][loss_rel: 7.22][loss_box: 0.38][losses: 60.27][time: 68.22]
[Epoch: 1/13][Iter: 260/1713][lr: 0.000260][loss_conf: 3.96][loss_obj: 1.53][loss_act: 15.11][loss_rel: 7.29][loss_box: 0.39][losses: 59.66][time: 61.22]
[Epoch: 1/13][Iter: 270/1713][lr: 0.000270][loss_conf: 3.96][loss_obj: 1.51][loss_act: 14.54][loss_rel: 7.09][loss_box: 0.38][losses: 58.03][time: 67.27]
[Epoch: 1/13][Iter: 280/1713][lr: 0.000280][loss_conf: 3.95][loss_obj: 1.49][loss_act: 15.03][loss_rel: 6.84][loss_box: 0.37][losses: 58.31][time: 61.25]
[Epoch: 1/13][Iter: 290/1713][lr: 0.000290][loss_conf: 3.95][loss_obj: 1.46][loss_act: 15.33][loss_rel: 6.87][loss_box: 0.38][losses: 59.06][time: 66.55]
[Epoch: 1/13][Iter: 300/1713][lr: 0.000300][loss_conf: 3.87][loss_obj: 1.47][loss_act: 15.17][loss_rel: 6.74][loss_box: 0.38][losses: 58.28][time: 61.12]
[Epoch: 1/13][Iter: 310/1713][lr: 0.000310][loss_conf: 3.85][loss_obj: 1.38][loss_act: 14.07][loss_rel: 7.01][loss_box: 0.36][losses: 56.25][time: 66.65]
[Epoch: 1/13][Iter: 320/1713][lr: 0.000320][loss_conf: 3.87][loss_obj: 1.38][loss_act: 14.71][loss_rel: 6.61][loss_box: 0.36][losses: 56.77][time: 61.51]
[Epoch: 1/13][Iter: 330/1713][lr: 0.000330][loss_conf: 3.90][loss_obj: 1.39][loss_act: 13.88][loss_rel: 6.31][loss_box: 0.35][losses: 54.49][time: 65.44]
[Epoch: 1/13][Iter: 340/1713][lr: 0.000340][loss_conf: 3.83][loss_obj: 1.36][loss_act: 14.26][loss_rel: 6.24][loss_box: 0.35][losses: 54.90][time: 61.66]
[Epoch: 1/13][Iter: 350/1713][lr: 0.000350][loss_conf: 3.87][loss_obj: 1.29][loss_act: 13.53][loss_rel: 6.28][loss_box: 0.37][losses: 53.63][time: 64.60]
[Epoch: 1/13][Iter: 360/1713][lr: 0.000360][loss_conf: 3.79][loss_obj: 1.26][loss_act: 13.74][loss_rel: 5.99][loss_box: 0.35][losses: 53.04][time: 62.36]
[Epoch: 1/13][Iter: 370/1713][lr: 0.000370][loss_conf: 3.76][loss_obj: 1.26][loss_act: 14.87][loss_rel: 6.27][loss_box: 0.36][losses: 55.89][time: 64.42]
[Epoch: 1/13][Iter: 380/1713][lr: 0.000380][loss_conf: 3.73][loss_obj: 1.26][loss_act: 13.98][loss_rel: 6.17][loss_box: 0.35][losses: 53.78][time: 61.60]
[Epoch: 1/13][Iter: 390/1713][lr: 0.000390][loss_conf: 3.77][loss_obj: 1.24][loss_act: 13.96][loss_rel: 6.03][loss_box: 0.35][losses: 53.50][time: 65.07]
[Epoch: 1/13][Iter: 400/1713][lr: 0.000400][loss_conf: 3.81][loss_obj: 1.25][loss_act: 13.04][loss_rel: 6.21][loss_box: 0.34][losses: 52.04][time: 60.83]
[Epoch: 1/13][Iter: 410/1713][lr: 0.000410][loss_conf: 3.72][loss_obj: 1.25][loss_act: 12.86][loss_rel: 5.97][loss_box: 0.35][losses: 51.07][time: 67.95]
[Epoch: 1/13][Iter: 420/1713][lr: 0.000420][loss_conf: 3.76][loss_obj: 1.15][loss_act: 12.94][loss_rel: 5.77][loss_box: 0.34][losses: 50.68][time: 59.47]
[Epoch: 1/13][Iter: 430/1713][lr: 0.000430][loss_conf: 3.72][loss_obj: 1.19][loss_act: 13.91][loss_rel: 6.29][loss_box: 0.34][losses: 53.60][time: 68.22]
[Epoch: 1/13][Iter: 440/1713][lr: 0.000440][loss_conf: 3.65][loss_obj: 1.09][loss_act: 13.69][loss_rel: 6.16][loss_box: 0.34][losses: 52.57][time: 58.80]
[Epoch: 1/13][Iter: 450/1713][lr: 0.000450][loss_conf: 3.69][loss_obj: 1.19][loss_act: 13.92][loss_rel: 6.06][loss_box: 0.35][losses: 53.21][time: 68.43]
[Epoch: 1/13][Iter: 460/1713][lr: 0.000460][loss_conf: 3.76][loss_obj: 1.14][loss_act: 13.06][loss_rel: 5.90][loss_box: 0.33][losses: 51.00][time: 57.90]
[Epoch: 1/13][Iter: 470/1713][lr: 0.000470][loss_conf: 3.62][loss_obj: 1.12][loss_act: 13.34][loss_rel: 6.07][loss_box: 0.34][losses: 51.73][time: 70.02]
[Epoch: 1/13][Iter: 480/1713][lr: 0.000480][loss_conf: 3.69][loss_obj: 1.06][loss_act: 12.46][loss_rel: 5.97][loss_box: 0.34][losses: 49.72][time: 57.12]
[Epoch: 1/13][Iter: 490/1713][lr: 0.000490][loss_conf: 3.65][loss_obj: 1.13][loss_act: 12.78][loss_rel: 5.75][loss_box: 0.34][losses: 50.03][time: 69.73]
Warmup is over
[Epoch: 1/13][Iter: 500/1713][lr: 0.000500][loss_conf: 3.59][loss_obj: 1.05][loss_act: 12.55][loss_rel: 5.22][loss_box: 0.32][losses: 48.07][time: 57.60]
[Epoch: 1/13][Iter: 510/1713][lr: 0.000500][loss_conf: 3.63][loss_obj: 1.18][loss_act: 13.17][loss_rel: 5.96][loss_box: 0.34][losses: 51.31][time: 69.46]
[Epoch: 1/13][Iter: 520/1713][lr: 0.000500][loss_conf: 3.59][loss_obj: 1.14][loss_act: 12.69][loss_rel: 5.49][loss_box: 0.33][losses: 49.16][time: 60.04]
[Epoch: 1/13][Iter: 530/1713][lr: 0.000500][loss_conf: 3.53][loss_obj: 1.11][loss_act: 12.71][loss_rel: 5.77][loss_box: 0.33][losses: 49.56][time: 69.76]
[Epoch: 1/13][Iter: 540/1713][lr: 0.000500][loss_conf: 3.54][loss_obj: 1.07][loss_act: 12.70][loss_rel: 5.52][loss_box: 0.33][losses: 48.94][time: 58.12]
[Epoch: 1/13][Iter: 550/1713][lr: 0.000500][loss_conf: 3.59][loss_obj: 1.05][loss_act: 11.89][loss_rel: 5.22][loss_box: 0.34][losses: 46.93][time: 70.49]
[Epoch: 1/13][Iter: 560/1713][lr: 0.000500][loss_conf: 3.48][loss_obj: 1.01][loss_act: 12.74][loss_rel: 5.70][loss_box: 0.33][losses: 49.16][time: 58.88]
[Epoch: 1/13][Iter: 570/1713][lr: 0.000500][loss_conf: 3.45][loss_obj: 1.10][loss_act: 13.89][loss_rel: 5.81][loss_box: 0.33][losses: 51.82][time: 72.11]
[Epoch: 1/13][Iter: 580/1713][lr: 0.000500][loss_conf: 3.49][loss_obj: 1.08][loss_act: 12.09][loss_rel: 5.70][loss_box: 0.33][losses: 48.00][time: 57.47]
[Epoch: 1/13][Iter: 590/1713][lr: 0.000500][loss_conf: 3.49][loss_obj: 1.06][loss_act: 13.46][loss_rel: 5.34][loss_box: 0.33][losses: 50.03][time: 72.12]
[Epoch: 1/13][Iter: 600/1713][lr: 0.000500][loss_conf: 3.54][loss_obj: 1.00][loss_act: 13.07][loss_rel: 5.38][loss_box: 0.33][losses: 49.30][time: 57.13]
[Epoch: 1/13][Iter: 610/1713][lr: 0.000500][loss_conf: 3.50][loss_obj: 1.07][loss_act: 13.23][loss_rel: 5.72][loss_box: 0.34][losses: 50.41][time: 71.69]
[Epoch: 1/13][Iter: 620/1713][lr: 0.000500][loss_conf: 3.51][loss_obj: 1.07][loss_act: 11.60][loss_rel: 5.31][loss_box: 0.33][losses: 46.32][time: 56.80]
[Epoch: 1/13][Iter: 630/1713][lr: 0.000500][loss_conf: 3.49][loss_obj: 1.02][loss_act: 13.01][loss_rel: 5.60][loss_box: 0.32][losses: 49.46][time: 71.83]
[Epoch: 1/13][Iter: 640/1713][lr: 0.000500][loss_conf: 3.49][loss_obj: 1.01][loss_act: 12.19][loss_rel: 5.34][loss_box: 0.33][losses: 47.42][time: 59.08]
[Epoch: 1/13][Iter: 650/1713][lr: 0.000500][loss_conf: 3.52][loss_obj: 1.01][loss_act: 13.46][loss_rel: 5.31][loss_box: 0.31][losses: 49.75][time: 71.27]
[Epoch: 1/13][Iter: 660/1713][lr: 0.000500][loss_conf: 3.54][loss_obj: 1.10][loss_act: 12.88][loss_rel: 5.19][loss_box: 0.33][losses: 48.71][time: 56.21]
[Epoch: 1/13][Iter: 670/1713][lr: 0.000500][loss_conf: 3.53][loss_obj: 0.98][loss_act: 12.61][loss_rel: 5.49][loss_box: 0.31][losses: 48.34][time: 71.05]
[Epoch: 1/13][Iter: 680/1713][lr: 0.000500][loss_conf: 3.40][loss_obj: 1.01][loss_act: 12.17][loss_rel: 5.32][loss_box: 0.31][losses: 46.89][time: 56.03]
[Epoch: 1/13][Iter: 690/1713][lr: 0.000500][loss_conf: 3.42][loss_obj: 1.04][loss_act: 12.39][loss_rel: 5.48][loss_box: 0.31][losses: 47.73][time: 70.20]
[Epoch: 1/13][Iter: 700/1713][lr: 0.000500][loss_conf: 3.57][loss_obj: 1.05][loss_act: 11.90][loss_rel: 5.54][loss_box: 0.33][losses: 47.40][time: 56.40]
[Epoch: 1/13][Iter: 710/1713][lr: 0.000500][loss_conf: 3.48][loss_obj: 1.08][loss_act: 11.96][loss_rel: 5.41][loss_box: 0.32][losses: 47.04][time: 71.97]
[Epoch: 1/13][Iter: 720/1713][lr: 0.000500][loss_conf: 3.36][loss_obj: 0.93][loss_act: 11.78][loss_rel: 5.40][loss_box: 0.32][losses: 46.12][time: 57.01]
[Epoch: 1/13][Iter: 730/1713][lr: 0.000500][loss_conf: 3.41][loss_obj: 1.00][loss_act: 12.60][loss_rel: 5.39][loss_box: 0.33][losses: 48.14][time: 69.53]
[Epoch: 1/13][Iter: 740/1713][lr: 0.000500][loss_conf: 3.38][loss_obj: 0.97][loss_act: 12.44][loss_rel: 5.45][loss_box: 0.33][losses: 47.75][time: 56.68]
[Epoch: 1/13][Iter: 750/1713][lr: 0.000500][loss_conf: 3.36][loss_obj: 0.95][loss_act: 12.62][loss_rel: 5.56][loss_box: 0.32][losses: 48.21][time: 70.71]
[Epoch: 1/13][Iter: 760/1713][lr: 0.000500][loss_conf: 3.39][loss_obj: 1.03][loss_act: 12.23][loss_rel: 5.45][loss_box: 0.33][losses: 47.48][time: 56.21]
[Epoch: 1/13][Iter: 770/1713][lr: 0.000500][loss_conf: 3.39][loss_obj: 1.02][loss_act: 12.57][loss_rel: 5.47][loss_box: 0.33][losses: 48.17][time: 70.43]
[Epoch: 1/13][Iter: 780/1713][lr: 0.000500][loss_conf: 3.39][loss_obj: 1.05][loss_act: 12.24][loss_rel: 5.46][loss_box: 0.33][losses: 47.58][time: 56.34]
[Epoch: 1/13][Iter: 790/1713][lr: 0.000500][loss_conf: 3.50][loss_obj: 0.98][loss_act: 11.47][loss_rel: 5.29][loss_box: 0.33][losses: 45.81][time: 71.12]
[Epoch: 1/13][Iter: 800/1713][lr: 0.000500][loss_conf: 3.36][loss_obj: 0.90][loss_act: 11.63][loss_rel: 4.92][loss_box: 0.31][losses: 44.70][time: 58.43]
[Epoch: 1/13][Iter: 810/1713][lr: 0.000500][loss_conf: 3.45][loss_obj: 1.06][loss_act: 12.45][loss_rel: 5.46][loss_box: 0.34][losses: 48.21][time: 71.09]
[Epoch: 1/13][Iter: 820/1713][lr: 0.000500][loss_conf: 3.44][loss_obj: 1.07][loss_act: 12.95][loss_rel: 5.52][loss_box: 0.34][losses: 49.35][time: 56.05]
[Epoch: 1/13][Iter: 830/1713][lr: 0.000500][loss_conf: 3.28][loss_obj: 1.00][loss_act: 11.27][loss_rel: 5.49][loss_box: 0.31][losses: 45.16][time: 70.75]
[Epoch: 1/13][Iter: 840/1713][lr: 0.000500][loss_conf: 3.39][loss_obj: 1.07][loss_act: 11.30][loss_rel: 5.36][loss_box: 0.31][losses: 45.38][time: 55.55]
[Epoch: 1/13][Iter: 850/1713][lr: 0.000500][loss_conf: 3.48][loss_obj: 0.89][loss_act: 12.22][loss_rel: 5.28][loss_box: 0.31][losses: 46.80][time: 70.08]
[Epoch: 1/13][Iter: 860/1713][lr: 0.000500][loss_conf: 3.37][loss_obj: 1.02][loss_act: 11.51][loss_rel: 5.27][loss_box: 0.30][losses: 45.37][time: 56.21]
[Epoch: 1/13][Iter: 870/1713][lr: 0.000500][loss_conf: 3.27][loss_obj: 0.97][loss_act: 12.06][loss_rel: 4.96][loss_box: 0.31][losses: 45.63][time: 70.31]
[Epoch: 1/13][Iter: 880/1713][lr: 0.000500][loss_conf: 3.45][loss_obj: 1.04][loss_act: 11.86][loss_rel: 5.29][loss_box: 0.33][losses: 46.59][time: 56.66]
[Epoch: 1/13][Iter: 890/1713][lr: 0.000500][loss_conf: 3.32][loss_obj: 1.02][loss_act: 12.00][loss_rel: 5.18][loss_box: 0.32][losses: 46.26][time: 70.59]
[Epoch: 1/13][Iter: 900/1713][lr: 0.000500][loss_conf: 3.41][loss_obj: 1.00][loss_act: 11.84][loss_rel: 5.30][loss_box: 0.31][losses: 46.22][time: 56.24]
[Epoch: 1/13][Iter: 910/1713][lr: 0.000500][loss_conf: 3.30][loss_obj: 0.89][loss_act: 12.23][loss_rel: 5.36][loss_box: 0.32][losses: 46.73][time: 71.43]
[Epoch: 1/13][Iter: 920/1713][lr: 0.000500][loss_conf: 3.38][loss_obj: 0.98][loss_act: 10.49][loss_rel: 5.46][loss_box: 0.31][losses: 43.73][time: 55.63]
[Epoch: 1/13][Iter: 930/1713][lr: 0.000500][loss_conf: 3.33][loss_obj: 0.92][loss_act: 11.59][loss_rel: 5.36][loss_box: 0.32][losses: 45.57][time: 70.04]
[Epoch: 1/13][Iter: 940/1713][lr: 0.000500][loss_conf: 3.29][loss_obj: 0.93][loss_act: 12.12][loss_rel: 5.17][loss_box: 0.30][losses: 46.04][time: 56.43]
[Epoch: 1/13][Iter: 950/1713][lr: 0.000500][loss_conf: 3.29][loss_obj: 0.92][loss_act: 11.25][loss_rel: 5.36][loss_box: 0.31][losses: 44.70][time: 69.70]
[Epoch: 1/13][Iter: 960/1713][lr: 0.000500][loss_conf: 3.35][loss_obj: 0.92][loss_act: 12.04][loss_rel: 5.44][loss_box: 0.31][losses: 46.62][time: 56.31]
[Epoch: 1/13][Iter: 970/1713][lr: 0.000500][loss_conf: 3.20][loss_obj: 0.90][loss_act: 12.24][loss_rel: 4.94][loss_box: 0.30][losses: 45.56][time: 69.86]
[Epoch: 1/13][Iter: 980/1713][lr: 0.000500][loss_conf: 3.30][loss_obj: 0.94][loss_act: 11.07][loss_rel: 5.12][loss_box: 0.32][losses: 44.01][time: 56.70]
[Epoch: 1/13][Iter: 990/1713][lr: 0.000500][loss_conf: 3.32][loss_obj: 0.91][loss_act: 11.57][loss_rel: 5.25][loss_box: 0.30][losses: 45.13][time: 70.80]
[Epoch: 1/13][Iter: 1000/1713][lr: 0.000500][loss_conf: 3.30][loss_obj: 0.85][loss_act: 11.04][loss_rel: 4.97][loss_box: 0.31][losses: 43.42][time: 60.00]
[Epoch: 1/13][Iter: 1010/1713][lr: 0.000500][loss_conf: 3.29][loss_obj: 0.88][loss_act: 12.37][loss_rel: 5.14][loss_box: 0.33][losses: 46.63][time: 71.98]
[Epoch: 1/13][Iter: 1020/1713][lr: 0.000500][loss_conf: 3.29][loss_obj: 1.03][loss_act: 11.40][loss_rel: 5.14][loss_box: 0.32][losses: 44.97][time: 56.92]
[Epoch: 1/13][Iter: 1030/1713][lr: 0.000500][loss_conf: 3.39][loss_obj: 0.97][loss_act: 11.17][loss_rel: 5.05][loss_box: 0.30][losses: 44.16][time: 69.86]
[Epoch: 1/13][Iter: 1040/1713][lr: 0.000500][loss_conf: 3.23][loss_obj: 0.88][loss_act: 11.81][loss_rel: 5.14][loss_box: 0.31][losses: 45.22][time: 56.22]
[Epoch: 1/13][Iter: 1050/1713][lr: 0.000500][loss_conf: 3.17][loss_obj: 0.89][loss_act: 12.11][loss_rel: 5.06][loss_box: 0.31][losses: 45.59][time: 70.23]
[Epoch: 1/13][Iter: 1060/1713][lr: 0.000500][loss_conf: 3.25][loss_obj: 0.84][loss_act: 10.84][loss_rel: 4.94][loss_box: 0.29][losses: 42.63][time: 56.36]
[Epoch: 1/13][Iter: 1070/1713][lr: 0.000500][loss_conf: 3.23][loss_obj: 0.91][loss_act: 11.88][loss_rel: 5.21][loss_box: 0.30][losses: 45.46][time: 70.63]
[Epoch: 1/13][Iter: 1080/1713][lr: 0.000500][loss_conf: 3.29][loss_obj: 0.81][loss_act: 10.57][loss_rel: 4.93][loss_box: 0.30][losses: 42.20][time: 56.17]
[Epoch: 1/13][Iter: 1090/1713][lr: 0.000500][loss_conf: 3.22][loss_obj: 0.97][loss_act: 11.62][loss_rel: 4.93][loss_box: 0.31][losses: 44.57][time: 70.02]
[Epoch: 1/13][Iter: 1100/1713][lr: 0.000500][loss_conf: 3.19][loss_obj: 0.89][loss_act: 11.60][loss_rel: 5.12][loss_box: 0.31][losses: 44.74][time: 56.29]
[Epoch: 1/13][Iter: 1110/1713][lr: 0.000500][loss_conf: 3.14][loss_obj: 0.85][loss_act: 11.60][loss_rel: 5.09][loss_box: 0.30][losses: 44.39][time: 70.98]
[Epoch: 1/13][Iter: 1120/1713][lr: 0.000500][loss_conf: 3.28][loss_obj: 0.90][loss_act: 11.32][loss_rel: 5.15][loss_box: 0.32][losses: 44.49][time: 57.38]
[Epoch: 1/13][Iter: 1130/1713][lr: 0.000500][loss_conf: 3.20][loss_obj: 0.89][loss_act: 11.19][loss_rel: 5.29][loss_box: 0.30][losses: 44.18][time: 71.53]
[Epoch: 1/13][Iter: 1140/1713][lr: 0.000500][loss_conf: 3.26][loss_obj: 0.87][loss_act: 11.29][loss_rel: 4.93][loss_box: 0.30][losses: 43.75][time: 56.81]
[Epoch: 1/13][Iter: 1150/1713][lr: 0.000500][loss_conf: 3.22][loss_obj: 0.92][loss_act: 10.69][loss_rel: 5.41][loss_box: 0.30][losses: 43.46][time: 70.46]
[Epoch: 1/13][Iter: 1160/1713][lr: 0.000500][loss_conf: 3.35][loss_obj: 0.79][loss_act: 10.50][loss_rel: 5.30][loss_box: 0.31][losses: 42.93][time: 55.94]
[Epoch: 1/13][Iter: 1170/1713][lr: 0.000500][loss_conf: 3.24][loss_obj: 0.85][loss_act: 11.34][loss_rel: 5.33][loss_box: 0.31][losses: 44.65][time: 70.66]
[Epoch: 1/13][Iter: 1180/1713][lr: 0.000500][loss_conf: 3.23][loss_obj: 0.91][loss_act: 10.69][loss_rel: 5.02][loss_box: 0.31][losses: 42.79][time: 56.98]
[Epoch: 1/13][Iter: 1190/1713][lr: 0.000500][loss_conf: 3.20][loss_obj: 0.87][loss_act: 10.77][loss_rel: 4.65][loss_box: 0.31][losses: 42.07][time: 69.96]
[Epoch: 1/13][Iter: 1200/1713][lr: 0.000500][loss_conf: 3.15][loss_obj: 0.86][loss_act: 11.09][loss_rel: 4.97][loss_box: 0.31][losses: 43.22][time: 56.66]
[Epoch: 1/13][Iter: 1210/1713][lr: 0.000500][loss_conf: 3.18][loss_obj: 0.90][loss_act: 11.27][loss_rel: 5.15][loss_box: 0.30][losses: 43.97][time: 71.35]
[Epoch: 1/13][Iter: 1220/1713][lr: 0.000500][loss_conf: 3.15][loss_obj: 0.84][loss_act: 10.96][loss_rel: 4.81][loss_box: 0.30][losses: 42.53][time: 56.90]
[Epoch: 1/13][Iter: 1230/1713][lr: 0.000500][loss_conf: 3.16][loss_obj: 0.87][loss_act: 11.29][loss_rel: 5.33][loss_box: 0.30][losses: 44.29][time: 70.14]
[Epoch: 1/13][Iter: 1240/1713][lr: 0.000500][loss_conf: 3.18][loss_obj: 0.92][loss_act: 11.43][loss_rel: 4.78][loss_box: 0.32][losses: 43.79][time: 60.76]
[Epoch: 1/13][Iter: 1250/1713][lr: 0.000500][loss_conf: 3.20][loss_obj: 0.90][loss_act: 11.10][loss_rel: 4.97][loss_box: 0.31][losses: 43.40][time: 71.78]
[Epoch: 1/13][Iter: 1260/1713][lr: 0.000500][loss_conf: 3.26][loss_obj: 0.93][loss_act: 11.07][loss_rel: 5.29][loss_box: 0.32][losses: 44.28][time: 56.28]
[Epoch: 1/13][Iter: 1270/1713][lr: 0.000500][loss_conf: 3.12][loss_obj: 0.80][loss_act: 11.74][loss_rel: 4.83][loss_box: 0.30][losses: 44.02][time: 69.78]
[Epoch: 1/13][Iter: 1280/1713][lr: 0.000500][loss_conf: 3.12][loss_obj: 0.89][loss_act: 10.75][loss_rel: 5.15][loss_box: 0.30][losses: 42.83][time: 56.76]
[Epoch: 1/13][Iter: 1290/1713][lr: 0.000500][loss_conf: 3.13][loss_obj: 0.81][loss_act: 11.66][loss_rel: 4.84][loss_box: 0.30][losses: 43.82][time: 72.17]
[Epoch: 1/13][Iter: 1300/1713][lr: 0.000500][loss_conf: 3.14][loss_obj: 0.85][loss_act: 10.55][loss_rel: 5.00][loss_box: 0.30][losses: 42.10][time: 56.26]
[Epoch: 1/13][Iter: 1310/1713][lr: 0.000500][loss_conf: 3.14][loss_obj: 0.88][loss_act: 11.55][loss_rel: 5.07][loss_box: 0.29][losses: 44.22][time: 70.36]
[Epoch: 1/13][Iter: 1320/1713][lr: 0.000500][loss_conf: 3.11][loss_obj: 0.92][loss_act: 11.43][loss_rel: 4.85][loss_box: 0.31][losses: 43.69][time: 56.92]
[Epoch: 1/13][Iter: 1330/1713][lr: 0.000500][loss_conf: 3.15][loss_obj: 0.87][loss_act: 10.88][loss_rel: 5.13][loss_box: 0.30][losses: 43.07][time: 70.58]
[Epoch: 1/13][Iter: 1340/1713][lr: 0.000500][loss_conf: 3.15][loss_obj: 0.84][loss_act: 11.47][loss_rel: 4.77][loss_box: 0.30][losses: 43.49][time: 56.55]
[Epoch: 1/13][Iter: 1350/1713][lr: 0.000500][loss_conf: 3.19][loss_obj: 0.81][loss_act: 10.83][loss_rel: 5.07][loss_box: 0.30][losses: 42.77][time: 71.71]
[Epoch: 1/13][Iter: 1360/1713][lr: 0.000500][loss_conf: 3.11][loss_obj: 0.81][loss_act: 10.98][loss_rel: 4.98][loss_box: 0.29][losses: 42.64][time: 56.21]
[Epoch: 1/13][Iter: 1370/1713][lr: 0.000500][loss_conf: 3.26][loss_obj: 0.93][loss_act: 11.84][loss_rel: 5.49][loss_box: 0.32][losses: 46.24][time: 72.02]
[Epoch: 1/13][Iter: 1380/1713][lr: 0.000500][loss_conf: 3.14][loss_obj: 0.84][loss_act: 11.66][loss_rel: 5.13][loss_box: 0.30][losses: 44.57][time: 56.37]
[Epoch: 1/13][Iter: 1390/1713][lr: 0.000500][loss_conf: 3.17][loss_obj: 0.86][loss_act: 10.22][loss_rel: 5.15][loss_box: 0.31][losses: 41.88][time: 69.82]
[Epoch: 1/13][Iter: 1400/1713][lr: 0.000500][loss_conf: 3.17][loss_obj: 0.86][loss_act: 10.77][loss_rel: 5.26][loss_box: 0.29][losses: 43.03][time: 55.80]
[Epoch: 1/13][Iter: 1410/1713][lr: 0.000500][loss_conf: 3.19][loss_obj: 0.87][loss_act: 11.27][loss_rel: 5.06][loss_box: 0.29][losses: 43.71][time: 70.66]
[Epoch: 1/13][Iter: 1420/1713][lr: 0.000500][loss_conf: 3.20][loss_obj: 0.83][loss_act: 10.53][loss_rel: 4.75][loss_box: 0.30][losses: 41.59][time: 57.05]
[Epoch: 1/13][Iter: 1430/1713][lr: 0.000500][loss_conf: 3.10][loss_obj: 0.80][loss_act: 11.38][loss_rel: 4.94][loss_box: 0.29][losses: 43.40][time: 70.39]
[Epoch: 1/13][Iter: 1440/1713][lr: 0.000500][loss_conf: 3.04][loss_obj: 0.73][loss_act: 10.25][loss_rel: 4.63][loss_box: 0.29][losses: 40.18][time: 56.17]
[Epoch: 1/13][Iter: 1450/1713][lr: 0.000500][loss_conf: 3.16][loss_obj: 0.78][loss_act: 10.32][loss_rel: 4.78][loss_box: 0.29][losses: 40.99][time: 71.62]
[Epoch: 1/13][Iter: 1460/1713][lr: 0.000500][loss_conf: 3.09][loss_obj: 0.83][loss_act: 10.49][loss_rel: 4.85][loss_box: 0.30][losses: 41.51][time: 55.30]
[Epoch: 1/13][Iter: 1470/1713][lr: 0.000500][loss_conf: 3.10][loss_obj: 0.85][loss_act: 11.65][loss_rel: 4.97][loss_box: 0.31][losses: 44.21][time: 69.88]
[Epoch: 1/13][Iter: 1480/1713][lr: 0.000500][loss_conf: 3.04][loss_obj: 0.79][loss_act: 10.39][loss_rel: 4.93][loss_box: 0.29][losses: 41.21][time: 56.44]
[Epoch: 1/13][Iter: 1490/1713][lr: 0.000500][loss_conf: 3.20][loss_obj: 0.85][loss_act: 11.55][loss_rel: 4.90][loss_box: 0.30][losses: 44.00][time: 70.20]
[Epoch: 1/13][Iter: 1500/1713][lr: 0.000500][loss_conf: 3.06][loss_obj: 0.81][loss_act: 10.82][loss_rel: 4.87][loss_box: 0.30][losses: 42.11][time: 55.40]
[Epoch: 1/13][Iter: 1510/1713][lr: 0.000500][loss_conf: 3.14][loss_obj: 0.83][loss_act: 11.26][loss_rel: 4.84][loss_box: 0.30][losses: 43.12][time: 69.83]
[Epoch: 1/13][Iter: 1520/1713][lr: 0.000500][loss_conf: 3.11][loss_obj: 0.84][loss_act: 10.95][loss_rel: 4.78][loss_box: 0.29][losses: 42.28][time: 55.48]
[Epoch: 1/13][Iter: 1530/1713][lr: 0.000500][loss_conf: 3.08][loss_obj: 0.92][loss_act: 11.50][loss_rel: 5.13][loss_box: 0.29][losses: 44.20][time: 70.42]
[Epoch: 1/13][Iter: 1540/1713][lr: 0.000500][loss_conf: 3.06][loss_obj: 0.87][loss_act: 10.88][loss_rel: 5.04][loss_box: 0.30][losses: 42.65][time: 55.76]
[Epoch: 1/13][Iter: 1550/1713][lr: 0.000500][loss_conf: 3.23][loss_obj: 0.91][loss_act: 10.82][loss_rel: 5.07][loss_box: 0.31][losses: 43.13][time: 74.93]
[Epoch: 1/13][Iter: 1560/1713][lr: 0.000500][loss_conf: 3.03][loss_obj: 0.90][loss_act: 11.08][loss_rel: 4.90][loss_box: 0.28][losses: 42.62][time: 56.79]
[Epoch: 1/13][Iter: 1570/1713][lr: 0.000500][loss_conf: 3.15][loss_obj: 0.86][loss_act: 10.40][loss_rel: 4.92][loss_box: 0.30][losses: 41.64][time: 70.14]
[Epoch: 1/13][Iter: 1580/1713][lr: 0.000500][loss_conf: 3.12][loss_obj: 0.88][loss_act: 10.95][loss_rel: 5.10][loss_box: 0.31][losses: 43.17][time: 56.76]
[Epoch: 1/13][Iter: 1590/1713][lr: 0.000500][loss_conf: 3.03][loss_obj: 0.85][loss_act: 10.38][loss_rel: 4.75][loss_box: 0.28][losses: 40.78][time: 70.00]
[Epoch: 1/13][Iter: 1600/1713][lr: 0.000500][loss_conf: 2.97][loss_obj: 0.74][loss_act: 11.12][loss_rel: 4.73][loss_box: 0.29][losses: 42.04][time: 57.96]
[Epoch: 1/13][Iter: 1610/1713][lr: 0.000500][loss_conf: 3.11][loss_obj: 0.69][loss_act: 10.61][loss_rel: 5.13][loss_box: 0.29][losses: 41.98][time: 69.79]
[Epoch: 1/13][Iter: 1620/1713][lr: 0.000500][loss_conf: 3.11][loss_obj: 0.82][loss_act: 10.16][loss_rel: 4.86][loss_box: 0.29][losses: 40.76][time: 58.29]
[Epoch: 1/13][Iter: 1630/1713][lr: 0.000500][loss_conf: 3.06][loss_obj: 0.82][loss_act: 11.58][loss_rel: 4.93][loss_box: 0.28][losses: 43.59][time: 69.56]
[Epoch: 1/13][Iter: 1640/1713][lr: 0.000500][loss_conf: 3.04][loss_obj: 0.77][loss_act: 10.82][loss_rel: 4.91][loss_box: 0.30][losses: 42.05][time: 57.86]
[Epoch: 1/13][Iter: 1650/1713][lr: 0.000500][loss_conf: 3.09][loss_obj: 0.78][loss_act: 11.16][loss_rel: 4.79][loss_box: 0.29][losses: 42.50][time: 69.47]
[Epoch: 1/13][Iter: 1660/1713][lr: 0.000500][loss_conf: 3.11][loss_obj: 0.82][loss_act: 11.19][loss_rel: 4.81][loss_box: 0.30][losses: 42.85][time: 57.33]
[Epoch: 1/13][Iter: 1670/1713][lr: 0.000500][loss_conf: 3.12][loss_obj: 0.85][loss_act: 10.46][loss_rel: 4.79][loss_box: 0.29][losses: 41.32][time: 70.90]
[Epoch: 1/13][Iter: 1680/1713][lr: 0.000500][loss_conf: 3.14][loss_obj: 0.79][loss_act: 12.22][loss_rel: 4.89][loss_box: 0.30][losses: 45.12][time: 55.87]
[Epoch: 1/13][Iter: 1690/1713][lr: 0.000500][loss_conf: 3.11][loss_obj: 0.73][loss_act: 10.74][loss_rel: 4.92][loss_box: 0.28][losses: 41.84][time: 71.63]
[Epoch: 1/13][Iter: 1700/1713][lr: 0.000500][loss_conf: 3.04][loss_obj: 0.74][loss_act: 10.28][loss_rel: 4.76][loss_box: 0.30][losses: 40.63][time: 56.48]
[Epoch: 1/13][Iter: 1710/1713][lr: 0.000500][loss_conf: 3.09][loss_obj: 0.88][loss_act: 10.99][loss_rel: 5.19][loss_box: 0.30][losses: 43.30][time: 70.51]
No evaluator ... save model and go on training.
Saving state, epoch: 1
[Epoch: 2/13][Iter: 0/1713][lr: 0.000500][loss_conf: 3.17][loss_obj: 0.88][loss_act: 10.67][loss_rel: 5.01][loss_box: 0.30][losses: 42.47][time: 35.23]
[Epoch: 2/13][Iter: 10/1713][lr: 0.000500][loss_conf: 3.06][loss_obj: 0.81][loss_act: 11.32][loss_rel: 4.78][loss_box: 0.29][losses: 42.83][time: 53.26]
[Epoch: 2/13][Iter: 20/1713][lr: 0.000500][loss_conf: 3.04][loss_obj: 0.80][loss_act: 10.69][loss_rel: 4.98][loss_box: 0.31][losses: 42.08][time: 64.14]
[Epoch: 2/13][Iter: 30/1713][lr: 0.000500][loss_conf: 3.11][loss_obj: 0.86][loss_act: 10.49][loss_rel: 4.84][loss_box: 0.30][losses: 41.60][time: 52.65]
[Epoch: 2/13][Iter: 40/1713][lr: 0.000500][loss_conf: 3.16][loss_obj: 0.81][loss_act: 10.79][loss_rel: 5.07][loss_box: 0.30][losses: 42.63][time: 65.59]
[Epoch: 2/13][Iter: 50/1713][lr: 0.000500][loss_conf: 3.03][loss_obj: 0.86][loss_act: 10.75][loss_rel: 4.41][loss_box: 0.30][losses: 41.12][time: 52.78]
[Epoch: 2/13][Iter: 60/1713][lr: 0.000500][loss_conf: 3.06][loss_obj: 0.75][loss_act: 10.62][loss_rel: 4.77][loss_box: 0.30][losses: 41.35][time: 65.25]
[Epoch: 2/13][Iter: 70/1713][lr: 0.000500][loss_conf: 3.01][loss_obj: 0.82][loss_act: 10.83][loss_rel: 4.76][loss_box: 0.29][losses: 41.74][time: 53.17]
[Epoch: 2/13][Iter: 80/1713][lr: 0.000500][loss_conf: 3.25][loss_obj: 0.76][loss_act: 11.08][loss_rel: 4.91][loss_box: 0.30][losses: 43.00][time: 65.82]
[Epoch: 2/13][Iter: 90/1713][lr: 0.000500][loss_conf: 3.11][loss_obj: 0.79][loss_act: 10.93][loss_rel: 5.09][loss_box: 0.30][losses: 42.81][time: 52.35]
[Epoch: 2/13][Iter: 100/1713][lr: 0.000500][loss_conf: 2.96][loss_obj: 0.81][loss_act: 11.13][loss_rel: 5.27][loss_box: 0.29][losses: 43.26][time: 65.73]
[Epoch: 2/13][Iter: 110/1713][lr: 0.000500][loss_conf: 2.98][loss_obj: 0.73][loss_act: 11.29][loss_rel: 4.75][loss_box: 0.29][losses: 42.37][time: 52.68]
[Epoch: 2/13][Iter: 120/1713][lr: 0.000500][loss_conf: 3.02][loss_obj: 0.76][loss_act: 9.98][loss_rel: 4.83][loss_box: 0.28][losses: 40.01][time: 65.90]
[Epoch: 2/13][Iter: 130/1713][lr: 0.000500][loss_conf: 2.98][loss_obj: 0.79][loss_act: 10.93][loss_rel: 4.77][loss_box: 0.29][losses: 41.89][time: 52.94]
[Epoch: 2/13][Iter: 140/1713][lr: 0.000500][loss_conf: 3.05][loss_obj: 0.85][loss_act: 10.34][loss_rel: 4.65][loss_box: 0.29][losses: 40.70][time: 66.66]
[Epoch: 2/13][Iter: 150/1713][lr: 0.000500][loss_conf: 3.09][loss_obj: 0.85][loss_act: 10.42][loss_rel: 4.99][loss_box: 0.29][losses: 41.60][time: 53.21]
[Epoch: 2/13][Iter: 160/1713][lr: 0.000500][loss_conf: 3.06][loss_obj: 0.83][loss_act: 10.44][loss_rel: 5.28][loss_box: 0.29][losses: 42.12][time: 67.09]
[Epoch: 2/13][Iter: 170/1713][lr: 0.000500][loss_conf: 3.03][loss_obj: 0.79][loss_act: 10.25][loss_rel: 4.54][loss_box: 0.30][losses: 40.19][time: 53.46]
[Epoch: 2/13][Iter: 180/1713][lr: 0.000500][loss_conf: 2.93][loss_obj: 0.81][loss_act: 10.65][loss_rel: 4.64][loss_box: 0.28][losses: 40.87][time: 67.24]
[Epoch: 2/13][Iter: 190/1713][lr: 0.000500][loss_conf: 3.01][loss_obj: 0.74][loss_act: 10.66][loss_rel: 4.91][loss_box: 0.29][losses: 41.51][time: 53.00]
[Epoch: 2/13][Iter: 200/1713][lr: 0.000500][loss_conf: 2.90][loss_obj: 0.76][loss_act: 10.64][loss_rel: 4.91][loss_box: 0.28][losses: 41.24][time: 66.91]
[Epoch: 2/13][Iter: 210/1713][lr: 0.000500][loss_conf: 3.08][loss_obj: 0.75][loss_act: 9.41][loss_rel: 4.72][loss_box: 0.29][losses: 38.85][time: 59.88]
[Epoch: 2/13][Iter: 220/1713][lr: 0.000500][loss_conf: 3.01][loss_obj: 0.69][loss_act: 10.74][loss_rel: 4.63][loss_box: 0.28][losses: 40.99][time: 65.59]
[Epoch: 2/13][Iter: 230/1713][lr: 0.000500][loss_conf: 3.03][loss_obj: 0.83][loss_act: 10.64][loss_rel: 4.76][loss_box: 0.29][losses: 41.41][time: 54.05]
[Epoch: 2/13][Iter: 240/1713][lr: 0.000500][loss_conf: 3.09][loss_obj: 0.80][loss_act: 11.07][loss_rel: 4.92][loss_box: 0.30][losses: 42.73][time: 65.48]
[Epoch: 2/13][Iter: 250/1713][lr: 0.000500][loss_conf: 3.06][loss_obj: 0.78][loss_act: 10.36][loss_rel: 4.78][loss_box: 0.28][losses: 40.78][time: 54.59]
[Epoch: 2/13][Iter: 260/1713][lr: 0.000500][loss_conf: 3.08][loss_obj: 0.77][loss_act: 10.42][loss_rel: 4.95][loss_box: 0.28][losses: 41.27][time: 66.60]
[Epoch: 2/13][Iter: 270/1713][lr: 0.000500][loss_conf: 3.01][loss_obj: 0.79][loss_act: 10.59][loss_rel: 5.01][loss_box: 0.30][losses: 41.78][time: 53.70]
[Epoch: 2/13][Iter: 280/1713][lr: 0.000500][loss_conf: 2.92][loss_obj: 0.76][loss_act: 10.01][loss_rel: 4.83][loss_box: 0.29][losses: 39.88][time: 67.54]
[Epoch: 2/13][Iter: 290/1713][lr: 0.000500][loss_conf: 2.97][loss_obj: 0.76][loss_act: 10.57][loss_rel: 4.99][loss_box: 0.30][losses: 41.54][time: 54.34]
[Epoch: 2/13][Iter: 300/1713][lr: 0.000500][loss_conf: 3.06][loss_obj: 0.81][loss_act: 10.58][loss_rel: 4.65][loss_box: 0.30][losses: 41.17][time: 66.64]
[Epoch: 2/13][Iter: 310/1713][lr: 0.000500][loss_conf: 3.06][loss_obj: 0.81][loss_act: 10.86][loss_rel: 4.81][loss_box: 0.30][losses: 42.02][time: 53.32]
[Epoch: 2/13][Iter: 320/1713][lr: 0.000500][loss_conf: 3.02][loss_obj: 0.71][loss_act: 10.02][loss_rel: 4.61][loss_box: 0.29][losses: 39.64][time: 66.32]
[Epoch: 2/13][Iter: 330/1713][lr: 0.000500][loss_conf: 2.88][loss_obj: 0.73][loss_act: 10.43][loss_rel: 4.63][loss_box: 0.29][losses: 40.24][time: 55.00]
[Epoch: 2/13][Iter: 340/1713][lr: 0.000500][loss_conf: 2.98][loss_obj: 0.74][loss_act: 9.92][loss_rel: 4.87][loss_box: 0.28][losses: 39.84][time: 66.19]
[Epoch: 2/13][Iter: 350/1713][lr: 0.000500][loss_conf: 3.04][loss_obj: 0.72][loss_act: 11.31][loss_rel: 4.65][loss_box: 0.29][losses: 42.31][time: 55.13]
[Epoch: 2/13][Iter: 360/1713][lr: 0.000500][loss_conf: 2.95][loss_obj: 0.81][loss_act: 10.34][loss_rel: 4.48][loss_box: 0.28][losses: 39.99][time: 66.00]
[Epoch: 2/13][Iter: 370/1713][lr: 0.000500][loss_conf: 3.03][loss_obj: 0.79][loss_act: 10.18][loss_rel: 4.71][loss_box: 0.30][losses: 40.40][time: 55.52]
[Epoch: 2/13][Iter: 380/1713][lr: 0.000500][loss_conf: 2.96][loss_obj: 0.79][loss_act: 10.34][loss_rel: 4.95][loss_box: 0.30][losses: 41.09][time: 66.44]
[Epoch: 2/13][Iter: 390/1713][lr: 0.000500][loss_conf: 3.10][loss_obj: 0.88][loss_act: 10.53][loss_rel: 4.91][loss_box: 0.29][losses: 41.76][time: 55.82]
[Epoch: 2/13][Iter: 400/1713][lr: 0.000500][loss_conf: 2.99][loss_obj: 0.68][loss_act: 10.49][loss_rel: 4.71][loss_box: 0.29][losses: 40.68][time: 65.78]
[Epoch: 2/13][Iter: 410/1713][lr: 0.000500][loss_conf: 3.01][loss_obj: 0.75][loss_act: 10.44][loss_rel: 4.47][loss_box: 0.30][losses: 40.32][time: 55.42]
[Epoch: 2/13][Iter: 420/1713][lr: 0.000500][loss_conf: 2.98][loss_obj: 0.73][loss_act: 9.78][loss_rel: 4.61][loss_box: 0.29][losses: 39.09][time: 66.88]
[Epoch: 2/13][Iter: 430/1713][lr: 0.000500][loss_conf: 2.93][loss_obj: 0.71][loss_act: 10.19][loss_rel: 4.87][loss_box: 0.27][losses: 40.12][time: 54.88]
[Epoch: 2/13][Iter: 440/1713][lr: 0.000500][loss_conf: 2.98][loss_obj: 0.82][loss_act: 10.52][loss_rel: 4.79][loss_box: 0.30][losses: 41.24][time: 67.68]
[Epoch: 2/13][Iter: 450/1713][lr: 0.000500][loss_conf: 2.86][loss_obj: 0.73][loss_act: 10.56][loss_rel: 4.65][loss_box: 0.27][losses: 40.31][time: 55.20]
[Epoch: 2/13][Iter: 460/1713][lr: 0.000500][loss_conf: 2.97][loss_obj: 0.71][loss_act: 10.32][loss_rel: 4.51][loss_box: 0.29][losses: 39.91][time: 66.83]
[Epoch: 2/13][Iter: 470/1713][lr: 0.000500][loss_conf: 3.09][loss_obj: 0.80][loss_act: 10.17][loss_rel: 4.76][loss_box: 0.29][losses: 40.51][time: 56.00]
[Epoch: 2/13][Iter: 480/1713][lr: 0.000500][loss_conf: 2.98][loss_obj: 0.88][loss_act: 11.45][loss_rel: 5.03][loss_box: 0.31][losses: 43.77][time: 69.48]
[Epoch: 2/13][Iter: 490/1713][lr: 0.000500][loss_conf: 3.01][loss_obj: 0.72][loss_act: 10.45][loss_rel: 4.79][loss_box: 0.28][losses: 40.75][time: 55.24]
[Epoch: 2/13][Iter: 500/1713][lr: 0.000500][loss_conf: 2.95][loss_obj: 0.77][loss_act: 10.64][loss_rel: 4.96][loss_box: 0.31][losses: 41.69][time: 67.14]
[Epoch: 2/13][Iter: 510/1713][lr: 0.000500][loss_conf: 3.03][loss_obj: 0.86][loss_act: 10.18][loss_rel: 5.02][loss_box: 0.29][losses: 41.10][time: 55.82]
[Epoch: 2/13][Iter: 520/1713][lr: 0.000500][loss_conf: 2.94][loss_obj: 0.66][loss_act: 9.79][loss_rel: 4.46][loss_box: 0.28][losses: 38.52][time: 66.86]
[Epoch: 2/13][Iter: 530/1713][lr: 0.000500][loss_conf: 2.94][loss_obj: 0.80][loss_act: 9.70][loss_rel: 4.78][loss_box: 0.29][losses: 39.32][time: 57.90]
[Epoch: 2/13][Iter: 540/1713][lr: 0.000500][loss_conf: 3.00][loss_obj: 0.76][loss_act: 10.29][loss_rel: 4.80][loss_box: 0.27][losses: 40.43][time: 65.76]
[Epoch: 2/13][Iter: 550/1713][lr: 0.000500][loss_conf: 3.01][loss_obj: 0.75][loss_act: 9.98][loss_rel: 4.67][loss_box: 0.29][losses: 39.68][time: 59.79]
[Epoch: 2/13][Iter: 560/1713][lr: 0.000500][loss_conf: 2.89][loss_obj: 0.76][loss_act: 11.12][loss_rel: 4.79][loss_box: 0.28][losses: 41.96][time: 63.09]
[Epoch: 2/13][Iter: 570/1713][lr: 0.000500][loss_conf: 3.03][loss_obj: 0.77][loss_act: 10.11][loss_rel: 4.72][loss_box: 0.27][losses: 39.98][time: 60.51]
[Epoch: 2/13][Iter: 580/1713][lr: 0.000500][loss_conf: 2.96][loss_obj: 0.83][loss_act: 10.74][loss_rel: 4.85][loss_box: 0.28][losses: 41.58][time: 64.26]
[Epoch: 2/13][Iter: 590/1713][lr: 0.000500][loss_conf: 2.90][loss_obj: 0.82][loss_act: 10.32][loss_rel: 4.90][loss_box: 0.28][losses: 40.74][time: 59.72]
[Epoch: 2/13][Iter: 600/1713][lr: 0.000500][loss_conf: 2.80][loss_obj: 0.66][loss_act: 9.93][loss_rel: 4.51][loss_box: 0.28][losses: 38.62][time: 64.61]
[Epoch: 2/13][Iter: 610/1713][lr: 0.000500][loss_conf: 3.05][loss_obj: 0.78][loss_act: 10.02][loss_rel: 4.92][loss_box: 0.29][losses: 40.48][time: 58.22]
[Epoch: 2/13][Iter: 620/1713][lr: 0.000500][loss_conf: 3.08][loss_obj: 0.84][loss_act: 9.47][loss_rel: 4.63][loss_box: 0.29][losses: 38.90][time: 65.31]
[Epoch: 2/13][Iter: 630/1713][lr: 0.000500][loss_conf: 2.80][loss_obj: 0.68][loss_act: 9.67][loss_rel: 4.66][loss_box: 0.28][losses: 38.47][time: 57.95]
[Epoch: 2/13][Iter: 640/1713][lr: 0.000500][loss_conf: 3.02][loss_obj: 0.75][loss_act: 9.60][loss_rel: 4.58][loss_box: 0.28][losses: 38.71][time: 65.89]
[Epoch: 2/13][Iter: 650/1713][lr: 0.000500][loss_conf: 3.03][loss_obj: 0.72][loss_act: 10.24][loss_rel: 4.89][loss_box: 0.29][losses: 40.69][time: 58.09]
[Epoch: 2/13][Iter: 660/1713][lr: 0.000500][loss_conf: 2.96][loss_obj: 0.71][loss_act: 9.20][loss_rel: 4.63][loss_box: 0.28][losses: 37.81][time: 65.01]
[Epoch: 2/13][Iter: 670/1713][lr: 0.000500][loss_conf: 2.91][loss_obj: 0.74][loss_act: 9.58][loss_rel: 4.88][loss_box: 0.28][losses: 39.03][time: 58.95]
[Epoch: 2/13][Iter: 680/1713][lr: 0.000500][loss_conf: 3.01][loss_obj: 0.66][loss_act: 10.93][loss_rel: 4.49][loss_box: 0.30][losses: 41.11][time: 72.04]
[Epoch: 2/13][Iter: 690/1713][lr: 0.000500][loss_conf: 2.98][loss_obj: 0.67][loss_act: 9.85][loss_rel: 4.86][loss_box: 0.29][losses: 39.57][time: 59.77]
[Epoch: 2/13][Iter: 700/1713][lr: 0.000500][loss_conf: 2.93][loss_obj: 0.70][loss_act: 9.63][loss_rel: 4.55][loss_box: 0.28][losses: 38.44][time: 64.32]
[Epoch: 2/13][Iter: 710/1713][lr: 0.000500][loss_conf: 2.84][loss_obj: 0.76][loss_act: 9.70][loss_rel: 4.66][loss_box: 0.28][losses: 38.76][time: 59.99]
[Epoch: 2/13][Iter: 720/1713][lr: 0.000500][loss_conf: 2.93][loss_obj: 0.62][loss_act: 9.55][loss_rel: 4.76][loss_box: 0.28][losses: 38.53][time: 65.69]
[Epoch: 2/13][Iter: 730/1713][lr: 0.000500][loss_conf: 2.95][loss_obj: 0.78][loss_act: 9.89][loss_rel: 4.67][loss_box: 0.30][losses: 39.52][time: 58.77]
[Epoch: 2/13][Iter: 740/1713][lr: 0.000500][loss_conf: 2.83][loss_obj: 0.72][loss_act: 10.08][loss_rel: 4.47][loss_box: 0.28][losses: 39.03][time: 64.38]
[Epoch: 2/13][Iter: 750/1713][lr: 0.000500][loss_conf: 3.08][loss_obj: 0.68][loss_act: 10.23][loss_rel: 4.64][loss_box: 0.28][losses: 40.03][time: 59.81]
[Epoch: 2/13][Iter: 760/1713][lr: 0.000500][loss_conf: 3.04][loss_obj: 0.73][loss_act: 9.45][loss_rel: 4.78][loss_box: 0.28][losses: 38.78][time: 63.57]
[Epoch: 2/13][Iter: 770/1713][lr: 0.000500][loss_conf: 2.86][loss_obj: 0.72][loss_act: 10.20][loss_rel: 4.70][loss_box: 0.29][losses: 39.85][time: 59.60]
[Epoch: 2/13][Iter: 780/1713][lr: 0.000500][loss_conf: 2.98][loss_obj: 0.71][loss_act: 9.43][loss_rel: 4.92][loss_box: 0.29][losses: 38.92][time: 63.52]
[Epoch: 2/13][Iter: 790/1713][lr: 0.000500][loss_conf: 3.04][loss_obj: 0.74][loss_act: 9.47][loss_rel: 4.79][loss_box: 0.29][losses: 38.96][time: 60.17]
[Epoch: 2/13][Iter: 800/1713][lr: 0.000500][loss_conf: 2.89][loss_obj: 0.72][loss_act: 10.14][loss_rel: 4.76][loss_box: 0.29][losses: 39.89][time: 63.04]
[Epoch: 2/13][Iter: 810/1713][lr: 0.000500][loss_conf: 2.96][loss_obj: 0.77][loss_act: 9.89][loss_rel: 4.66][loss_box: 0.31][losses: 39.66][time: 60.66]
[Epoch: 2/13][Iter: 820/1713][lr: 0.000500][loss_conf: 3.11][loss_obj: 0.79][loss_act: 9.79][loss_rel: 4.82][loss_box: 0.29][losses: 39.93][time: 61.50]
[Epoch: 2/13][Iter: 830/1713][lr: 0.000500][loss_conf: 2.97][loss_obj: 0.71][loss_act: 9.50][loss_rel: 4.89][loss_box: 0.28][losses: 38.98][time: 61.93]
[Epoch: 2/13][Iter: 840/1713][lr: 0.000500][loss_conf: 3.04][loss_obj: 0.90][loss_act: 9.75][loss_rel: 4.92][loss_box: 0.28][losses: 40.04][time: 60.79]
[Epoch: 2/13][Iter: 850/1713][lr: 0.000500][loss_conf: 2.85][loss_obj: 0.75][loss_act: 10.33][loss_rel: 4.79][loss_box: 0.28][losses: 40.20][time: 62.12]
[Epoch: 2/13][Iter: 860/1713][lr: 0.000500][loss_conf: 2.95][loss_obj: 0.75][loss_act: 9.17][loss_rel: 4.50][loss_box: 0.29][losses: 37.60][time: 61.80]
[Epoch: 2/13][Iter: 870/1713][lr: 0.000500][loss_conf: 2.88][loss_obj: 0.78][loss_act: 10.14][loss_rel: 5.18][loss_box: 0.29][losses: 40.81][time: 62.19]
[Epoch: 2/13][Iter: 880/1713][lr: 0.000500][loss_conf: 2.85][loss_obj: 0.74][loss_act: 10.22][loss_rel: 4.76][loss_box: 0.29][losses: 40.03][time: 61.43]
[Epoch: 2/13][Iter: 890/1713][lr: 0.000500][loss_conf: 2.95][loss_obj: 0.73][loss_act: 10.50][loss_rel: 4.78][loss_box: 0.28][losses: 40.74][time: 61.93]
[Epoch: 2/13][Iter: 900/1713][lr: 0.000500][loss_conf: 2.85][loss_obj: 0.64][loss_act: 10.26][loss_rel: 4.55][loss_box: 0.28][losses: 39.40][time: 60.83]
[Epoch: 2/13][Iter: 910/1713][lr: 0.000500][loss_conf: 2.98][loss_obj: 0.77][loss_act: 10.11][loss_rel: 4.91][loss_box: 0.28][losses: 40.29][time: 61.86]
[Epoch: 2/13][Iter: 920/1713][lr: 0.000500][loss_conf: 2.92][loss_obj: 0.72][loss_act: 9.63][loss_rel: 4.90][loss_box: 0.28][losses: 39.16][time: 60.44]
[Epoch: 2/13][Iter: 930/1713][lr: 0.000500][loss_conf: 2.94][loss_obj: 0.78][loss_act: 9.72][loss_rel: 4.60][loss_box: 0.29][losses: 38.95][time: 62.80]
[Epoch: 2/13][Iter: 940/1713][lr: 0.000500][loss_conf: 2.81][loss_obj: 0.68][loss_act: 10.10][loss_rel: 4.62][loss_box: 0.28][losses: 39.18][time: 59.39]
[Epoch: 2/13][Iter: 950/1713][lr: 0.000500][loss_conf: 2.89][loss_obj: 0.69][loss_act: 10.22][loss_rel: 4.57][loss_box: 0.29][losses: 39.66][time: 65.46]
[Epoch: 2/13][Iter: 960/1713][lr: 0.000500][loss_conf: 2.93][loss_obj: 0.71][loss_act: 9.57][loss_rel: 4.87][loss_box: 0.27][losses: 38.91][time: 58.01]
[Epoch: 2/13][Iter: 970/1713][lr: 0.000500][loss_conf: 2.91][loss_obj: 0.71][loss_act: 9.35][loss_rel: 4.46][loss_box: 0.28][losses: 37.68][time: 66.04]
[Epoch: 2/13][Iter: 980/1713][lr: 0.000500][loss_conf: 2.91][loss_obj: 0.75][loss_act: 9.76][loss_rel: 4.61][loss_box: 0.29][losses: 38.98][time: 57.09]
[Epoch: 2/13][Iter: 990/1713][lr: 0.000500][loss_conf: 2.95][loss_obj: 0.71][loss_act: 9.68][loss_rel: 4.48][loss_box: 0.29][losses: 38.60][time: 66.07]
[Epoch: 2/13][Iter: 1000/1713][lr: 0.000500][loss_conf: 2.96][loss_obj: 0.71][loss_act: 9.70][loss_rel: 4.82][loss_box: 0.27][losses: 39.06][time: 56.72]
[Epoch: 2/13][Iter: 1010/1713][lr: 0.000500][loss_conf: 2.96][loss_obj: 0.72][loss_act: 10.48][loss_rel: 4.72][loss_box: 0.28][losses: 40.61][time: 66.92]
[Epoch: 2/13][Iter: 1020/1713][lr: 0.000500][loss_conf: 2.91][loss_obj: 0.69][loss_act: 9.54][loss_rel: 4.82][loss_box: 0.28][losses: 38.74][time: 58.22]
[Epoch: 2/13][Iter: 1030/1713][lr: 0.000500][loss_conf: 2.88][loss_obj: 0.68][loss_act: 9.97][loss_rel: 4.75][loss_box: 0.28][losses: 39.35][time: 66.01]
[Epoch: 2/13][Iter: 1040/1713][lr: 0.000500][loss_conf: 2.83][loss_obj: 0.72][loss_act: 10.18][loss_rel: 4.62][loss_box: 0.28][losses: 39.50][time: 58.27]
[Epoch: 2/13][Iter: 1050/1713][lr: 0.000500][loss_conf: 2.90][loss_obj: 0.76][loss_act: 9.51][loss_rel: 4.79][loss_box: 0.29][losses: 38.81][time: 64.93]
[Epoch: 2/13][Iter: 1060/1713][lr: 0.000500][loss_conf: 2.92][loss_obj: 0.79][loss_act: 9.62][loss_rel: 4.55][loss_box: 0.30][losses: 38.74][time: 58.22]
[Epoch: 2/13][Iter: 1070/1713][lr: 0.000500][loss_conf: 2.95][loss_obj: 0.68][loss_act: 10.11][loss_rel: 4.74][loss_box: 0.28][losses: 39.79][time: 65.89]
[Epoch: 2/13][Iter: 1080/1713][lr: 0.000500][loss_conf: 2.87][loss_obj: 0.80][loss_act: 10.01][loss_rel: 4.61][loss_box: 0.28][losses: 39.34][time: 57.14]
[Epoch: 2/13][Iter: 1090/1713][lr: 0.000500][loss_conf: 2.95][loss_obj: 0.71][loss_act: 9.95][loss_rel: 4.80][loss_box: 0.29][losses: 39.74][time: 66.34]
[Epoch: 2/13][Iter: 1100/1713][lr: 0.000500][loss_conf: 2.96][loss_obj: 0.73][loss_act: 9.08][loss_rel: 4.51][loss_box: 0.28][losses: 37.31][time: 56.90]
[Epoch: 2/13][Iter: 1110/1713][lr: 0.000500][loss_conf: 2.85][loss_obj: 0.63][loss_act: 9.32][loss_rel: 4.46][loss_box: 0.27][losses: 37.23][time: 66.28]
[Epoch: 2/13][Iter: 1120/1713][lr: 0.000500][loss_conf: 2.82][loss_obj: 0.68][loss_act: 9.94][loss_rel: 4.59][loss_box: 0.28][losses: 38.90][time: 56.59]
[Epoch: 2/13][Iter: 1130/1713][lr: 0.000500][loss_conf: 3.00][loss_obj: 0.81][loss_act: 9.89][loss_rel: 4.75][loss_box: 0.29][losses: 39.74][time: 66.78]
[Epoch: 2/13][Iter: 1140/1713][lr: 0.000500][loss_conf: 2.79][loss_obj: 0.68][loss_act: 9.51][loss_rel: 4.80][loss_box: 0.28][losses: 38.37][time: 57.03]
[Epoch: 2/13][Iter: 1150/1713][lr: 0.000500][loss_conf: 2.86][loss_obj: 0.71][loss_act: 9.75][loss_rel: 4.27][loss_box: 0.27][losses: 37.91][time: 66.73]
[Epoch: 2/13][Iter: 1160/1713][lr: 0.000500][loss_conf: 2.94][loss_obj: 0.76][loss_act: 9.67][loss_rel: 4.69][loss_box: 0.29][losses: 39.01][time: 57.35]
[Epoch: 2/13][Iter: 1170/1713][lr: 0.000500][loss_conf: 2.92][loss_obj: 0.78][loss_act: 9.79][loss_rel: 4.87][loss_box: 0.28][losses: 39.56][time: 66.77]
[Epoch: 2/13][Iter: 1180/1713][lr: 0.000500][loss_conf: 2.93][loss_obj: 0.76][loss_act: 10.02][loss_rel: 4.79][loss_box: 0.28][losses: 39.83][time: 56.02]
[Epoch: 2/13][Iter: 1190/1713][lr: 0.000500][loss_conf: 2.87][loss_obj: 0.71][loss_act: 9.94][loss_rel: 4.37][loss_box: 0.28][losses: 38.60][time: 67.23]
[Epoch: 2/13][Iter: 1200/1713][lr: 0.000500][loss_conf: 2.93][loss_obj: 0.71][loss_act: 9.44][loss_rel: 4.86][loss_box: 0.27][losses: 38.56][time: 55.88]
[Epoch: 2/13][Iter: 1210/1713][lr: 0.000500][loss_conf: 2.79][loss_obj: 0.64][loss_act: 9.90][loss_rel: 4.30][loss_box: 0.27][losses: 37.99][time: 68.95]
[Epoch: 2/13][Iter: 1220/1713][lr: 0.000500][loss_conf: 2.96][loss_obj: 0.67][loss_act: 9.52][loss_rel: 4.65][loss_box: 0.27][losses: 38.27][time: 55.83]
[Epoch: 2/13][Iter: 1230/1713][lr: 0.000500][loss_conf: 2.87][loss_obj: 0.73][loss_act: 9.21][loss_rel: 4.26][loss_box: 0.29][losses: 37.06][time: 68.60]
[Epoch: 2/13][Iter: 1240/1713][lr: 0.000500][loss_conf: 3.07][loss_obj: 0.71][loss_act: 9.43][loss_rel: 4.48][loss_box: 0.29][losses: 38.25][time: 56.56]
[Epoch: 2/13][Iter: 1250/1713][lr: 0.000500][loss_conf: 2.85][loss_obj: 0.80][loss_act: 9.56][loss_rel: 4.47][loss_box: 0.28][losses: 38.12][time: 67.46]
[Epoch: 2/13][Iter: 1260/1713][lr: 0.000500][loss_conf: 2.92][loss_obj: 0.68][loss_act: 9.41][loss_rel: 4.47][loss_box: 0.28][losses: 37.72][time: 56.48]
[Epoch: 2/13][Iter: 1270/1713][lr: 0.000500][loss_conf: 2.92][loss_obj: 0.75][loss_act: 10.00][loss_rel: 4.81][loss_box: 0.28][losses: 39.77][time: 78.37]
[Epoch: 2/13][Iter: 1280/1713][lr: 0.000500][loss_conf: 2.91][loss_obj: 0.73][loss_act: 9.89][loss_rel: 4.86][loss_box: 0.28][losses: 39.60][time: 56.03]
[Epoch: 2/13][Iter: 1290/1713][lr: 0.000500][loss_conf: 2.79][loss_obj: 0.74][loss_act: 10.17][loss_rel: 4.45][loss_box: 0.28][losses: 39.08][time: 69.86]
[Epoch: 2/13][Iter: 1300/1713][lr: 0.000500][loss_conf: 2.78][loss_obj: 0.65][loss_act: 9.01][loss_rel: 4.66][loss_box: 0.28][losses: 36.99][time: 55.65]
[Epoch: 2/13][Iter: 1310/1713][lr: 0.000500][loss_conf: 2.85][loss_obj: 0.71][loss_act: 9.85][loss_rel: 4.40][loss_box: 0.28][losses: 38.42][time: 68.25]
[Epoch: 2/13][Iter: 1320/1713][lr: 0.000500][loss_conf: 2.90][loss_obj: 0.62][loss_act: 9.35][loss_rel: 4.99][loss_box: 0.28][losses: 38.50][time: 57.41]
[Epoch: 2/13][Iter: 1330/1713][lr: 0.000500][loss_conf: 2.90][loss_obj: 0.65][loss_act: 10.30][loss_rel: 4.87][loss_box: 0.28][losses: 40.25][time: 67.68]
[Epoch: 2/13][Iter: 1340/1713][lr: 0.000500][loss_conf: 2.91][loss_obj: 0.65][loss_act: 9.27][loss_rel: 4.52][loss_box: 0.28][losses: 37.45][time: 56.28]
[Epoch: 2/13][Iter: 1350/1713][lr: 0.000500][loss_conf: 2.96][loss_obj: 0.70][loss_act: 10.42][loss_rel: 4.57][loss_box: 0.29][losses: 40.18][time: 66.51]
[Epoch: 2/13][Iter: 1360/1713][lr: 0.000500][loss_conf: 2.88][loss_obj: 0.64][loss_act: 10.04][loss_rel: 4.56][loss_box: 0.29][losses: 39.13][time: 57.52]
[Epoch: 2/13][Iter: 1370/1713][lr: 0.000500][loss_conf: 2.79][loss_obj: 0.68][loss_act: 9.92][loss_rel: 4.58][loss_box: 0.28][losses: 38.78][time: 66.49]
[Epoch: 2/13][Iter: 1380/1713][lr: 0.000500][loss_conf: 2.90][loss_obj: 0.70][loss_act: 10.01][loss_rel: 4.58][loss_box: 0.28][losses: 39.16][time: 58.70]
[Epoch: 2/13][Iter: 1390/1713][lr: 0.000500][loss_conf: 2.94][loss_obj: 0.70][loss_act: 9.01][loss_rel: 4.57][loss_box: 0.27][losses: 37.17][time: 64.58]
[Epoch: 2/13][Iter: 1400/1713][lr: 0.000500][loss_conf: 2.79][loss_obj: 0.71][loss_act: 9.04][loss_rel: 4.55][loss_box: 0.28][losses: 37.00][time: 59.14]
[Epoch: 2/13][Iter: 1410/1713][lr: 0.000500][loss_conf: 2.82][loss_obj: 0.74][loss_act: 10.23][loss_rel: 4.42][loss_box: 0.28][losses: 39.22][time: 65.36]
[Epoch: 2/13][Iter: 1420/1713][lr: 0.000500][loss_conf: 2.83][loss_obj: 0.67][loss_act: 9.52][loss_rel: 4.41][loss_box: 0.28][losses: 37.69][time: 59.55]
[Epoch: 2/13][Iter: 1430/1713][lr: 0.000500][loss_conf: 2.87][loss_obj: 0.74][loss_act: 10.62][loss_rel: 5.21][loss_box: 0.29][losses: 41.73][time: 65.46]
[Epoch: 2/13][Iter: 1440/1713][lr: 0.000500][loss_conf: 2.75][loss_obj: 0.71][loss_act: 9.04][loss_rel: 4.90][loss_box: 0.27][losses: 37.52][time: 57.98]
[Epoch: 2/13][Iter: 1450/1713][lr: 0.000500][loss_conf: 2.83][loss_obj: 0.71][loss_act: 9.24][loss_rel: 4.28][loss_box: 0.28][losses: 36.89][time: 65.99]
[Epoch: 2/13][Iter: 1460/1713][lr: 0.000500][loss_conf: 2.88][loss_obj: 0.66][loss_act: 9.77][loss_rel: 4.31][loss_box: 0.27][losses: 37.97][time: 57.64]
[Epoch: 2/13][Iter: 1470/1713][lr: 0.000500][loss_conf: 2.82][loss_obj: 0.64][loss_act: 8.94][loss_rel: 4.63][loss_box: 0.27][losses: 36.72][time: 66.26]
[Epoch: 2/13][Iter: 1480/1713][lr: 0.000500][loss_conf: 2.89][loss_obj: 0.82][loss_act: 9.88][loss_rel: 4.97][loss_box: 0.29][losses: 40.04][time: 58.75]
[Epoch: 2/13][Iter: 1490/1713][lr: 0.000500][loss_conf: 2.86][loss_obj: 0.76][loss_act: 10.01][loss_rel: 4.43][loss_box: 0.29][losses: 39.05][time: 65.06]
[Epoch: 2/13][Iter: 1500/1713][lr: 0.000500][loss_conf: 2.84][loss_obj: 0.73][loss_act: 8.83][loss_rel: 4.53][loss_box: 0.29][losses: 36.69][time: 58.58]
[Epoch: 2/13][Iter: 1510/1713][lr: 0.000500][loss_conf: 2.90][loss_obj: 0.74][loss_act: 9.72][loss_rel: 4.84][loss_box: 0.27][losses: 39.12][time: 66.14]
[Epoch: 2/13][Iter: 1520/1713][lr: 0.000500][loss_conf: 2.88][loss_obj: 0.65][loss_act: 9.84][loss_rel: 4.67][loss_box: 0.27][losses: 38.82][time: 59.17]
[Epoch: 2/13][Iter: 1530/1713][lr: 0.000500][loss_conf: 2.84][loss_obj: 0.66][loss_act: 9.64][loss_rel: 4.58][loss_box: 0.27][losses: 38.17][time: 65.73]
[Epoch: 2/13][Iter: 1540/1713][lr: 0.000500][loss_conf: 2.83][loss_obj: 0.72][loss_act: 9.14][loss_rel: 4.89][loss_box: 0.27][losses: 37.84][time: 58.17]
[Epoch: 2/13][Iter: 1550/1713][lr: 0.000500][loss_conf: 2.80][loss_obj: 0.67][loss_act: 9.17][loss_rel: 4.60][loss_box: 0.27][losses: 37.20][time: 67.45]
[Epoch: 2/13][Iter: 1560/1713][lr: 0.000500][loss_conf: 2.92][loss_obj: 0.70][loss_act: 10.13][loss_rel: 4.80][loss_box: 0.27][losses: 39.81][time: 58.31]
[Epoch: 2/13][Iter: 1570/1713][lr: 0.000500][loss_conf: 2.78][loss_obj: 0.61][loss_act: 9.54][loss_rel: 4.45][loss_box: 0.28][losses: 37.53][time: 65.98]
[Epoch: 2/13][Iter: 1580/1713][lr: 0.000500][loss_conf: 2.87][loss_obj: 0.62][loss_act: 8.58][loss_rel: 4.70][loss_box: 0.27][losses: 36.27][time: 58.78]
[Epoch: 2/13][Iter: 1590/1713][lr: 0.000500][loss_conf: 2.83][loss_obj: 0.66][loss_act: 9.15][loss_rel: 4.42][loss_box: 0.28][losses: 36.91][time: 65.38]
[Epoch: 2/13][Iter: 1600/1713][lr: 0.000500][loss_conf: 2.85][loss_obj: 0.69][loss_act: 8.82][loss_rel: 4.63][loss_box: 0.28][losses: 36.73][time: 59.50]
[Epoch: 2/13][Iter: 1610/1713][lr: 0.000500][loss_conf: 2.78][loss_obj: 0.60][loss_act: 9.72][loss_rel: 4.55][loss_box: 0.29][losses: 38.17][time: 65.37]
[Epoch: 2/13][Iter: 1620/1713][lr: 0.000500][loss_conf: 2.89][loss_obj: 0.70][loss_act: 9.49][loss_rel: 4.47][loss_box: 0.28][losses: 37.87][time: 58.76]
[Epoch: 2/13][Iter: 1630/1713][lr: 0.000500][loss_conf: 2.84][loss_obj: 0.65][loss_act: 10.48][loss_rel: 4.52][loss_box: 0.28][losses: 39.78][time: 65.39]
[Epoch: 2/13][Iter: 1640/1713][lr: 0.000500][loss_conf: 2.93][loss_obj: 0.74][loss_act: 9.00][loss_rel: 4.54][loss_box: 0.28][losses: 37.20][time: 59.57]
[Epoch: 2/13][Iter: 1650/1713][lr: 0.000500][loss_conf: 2.74][loss_obj: 0.68][loss_act: 9.33][loss_rel: 4.74][loss_box: 0.28][losses: 37.76][time: 63.92]
[Epoch: 2/13][Iter: 1660/1713][lr: 0.000500][loss_conf: 2.93][loss_obj: 0.65][loss_act: 10.01][loss_rel: 4.62][loss_box: 0.28][losses: 39.24][time: 60.54]
[Epoch: 2/13][Iter: 1670/1713][lr: 0.000500][loss_conf: 2.83][loss_obj: 0.71][loss_act: 9.00][loss_rel: 4.61][loss_box: 0.27][losses: 36.96][time: 63.59]
[Epoch: 2/13][Iter: 1680/1713][lr: 0.000500][loss_conf: 2.85][loss_obj: 0.74][loss_act: 9.47][loss_rel: 4.37][loss_box: 0.28][losses: 37.65][time: 60.71]
[Epoch: 2/13][Iter: 1690/1713][lr: 0.000500][loss_conf: 2.89][loss_obj: 0.69][loss_act: 9.85][loss_rel: 4.36][loss_box: 0.28][losses: 38.31][time: 64.20]
[Epoch: 2/13][Iter: 1700/1713][lr: 0.000500][loss_conf: 2.91][loss_obj: 0.69][loss_act: 10.17][loss_rel: 5.02][loss_box: 0.27][losses: 40.28][time: 60.92]
[Epoch: 2/13][Iter: 1710/1713][lr: 0.000500][loss_conf: 2.84][loss_obj: 0.69][loss_act: 9.36][loss_rel: 4.24][loss_box: 0.28][losses: 37.05][time: 60.94]
No evaluator ... save model and go on training.
Saving state, epoch: 2
[Epoch: 3/13][Iter: 0/1713][lr: 0.000500][loss_conf: 2.85][loss_obj: 0.66][loss_act: 8.42][loss_rel: 4.69][loss_box: 0.28][losses: 36.08][time: 40.83]
[Epoch: 3/13][Iter: 10/1713][lr: 0.000500][loss_conf: 2.87][loss_obj: 0.65][loss_act: 9.53][loss_rel: 4.65][loss_box: 0.28][losses: 38.21][time: 53.10]
[Epoch: 3/13][Iter: 20/1713][lr: 0.000500][loss_conf: 2.78][loss_obj: 0.63][loss_act: 9.05][loss_rel: 4.50][loss_box: 0.28][losses: 36.72][time: 67.53]
[Epoch: 3/13][Iter: 30/1713][lr: 0.000500][loss_conf: 2.88][loss_obj: 0.66][loss_act: 8.57][loss_rel: 4.40][loss_box: 0.27][losses: 35.77][time: 51.34]
[Epoch: 3/13][Iter: 40/1713][lr: 0.000500][loss_conf: 2.78][loss_obj: 0.70][loss_act: 9.73][loss_rel: 4.38][loss_box: 0.28][losses: 38.04][time: 66.36]
[Epoch: 3/13][Iter: 50/1713][lr: 0.000500][loss_conf: 2.81][loss_obj: 0.61][loss_act: 9.12][loss_rel: 4.49][loss_box: 0.29][losses: 36.92][time: 53.56]
[Epoch: 3/13][Iter: 60/1713][lr: 0.000500][loss_conf: 2.81][loss_obj: 0.63][loss_act: 9.15][loss_rel: 4.63][loss_box: 0.28][losses: 37.19][time: 66.09]
[Epoch: 3/13][Iter: 70/1713][lr: 0.000500][loss_conf: 2.73][loss_obj: 0.65][loss_act: 10.13][loss_rel: 4.77][loss_box: 0.27][losses: 39.29][time: 53.33]
[Epoch: 3/13][Iter: 80/1713][lr: 0.000500][loss_conf: 2.83][loss_obj: 0.66][loss_act: 8.81][loss_rel: 4.38][loss_box: 0.27][losses: 36.08][time: 67.33]
[Epoch: 3/13][Iter: 90/1713][lr: 0.000500][loss_conf: 2.78][loss_obj: 0.69][loss_act: 9.37][loss_rel: 4.14][loss_box: 0.27][losses: 36.64][time: 53.71]
[Epoch: 3/13][Iter: 100/1713][lr: 0.000500][loss_conf: 2.82][loss_obj: 0.71][loss_act: 9.17][loss_rel: 4.77][loss_box: 0.28][losses: 37.72][time: 67.18]
[Epoch: 3/13][Iter: 110/1713][lr: 0.000500][loss_conf: 2.94][loss_obj: 0.66][loss_act: 9.29][loss_rel: 4.75][loss_box: 0.28][losses: 38.11][time: 54.08]
[Epoch: 3/13][Iter: 120/1713][lr: 0.000500][loss_conf: 2.82][loss_obj: 0.61][loss_act: 9.07][loss_rel: 4.66][loss_box: 0.27][losses: 37.04][time: 66.92]
[Epoch: 3/13][Iter: 130/1713][lr: 0.000500][loss_conf: 2.82][loss_obj: 0.63][loss_act: 9.32][loss_rel: 4.67][loss_box: 0.28][losses: 37.63][time: 53.87]
[Epoch: 3/13][Iter: 140/1713][lr: 0.000500][loss_conf: 2.84][loss_obj: 0.65][loss_act: 9.39][loss_rel: 4.62][loss_box: 0.27][losses: 37.65][time: 66.97]
[Epoch: 3/13][Iter: 150/1713][lr: 0.000500][loss_conf: 2.81][loss_obj: 0.67][loss_act: 9.78][loss_rel: 4.51][loss_box: 0.28][losses: 38.33][time: 54.34]
[Epoch: 3/13][Iter: 160/1713][lr: 0.000500][loss_conf: 2.83][loss_obj: 0.72][loss_act: 9.00][loss_rel: 4.52][loss_box: 0.28][losses: 36.90][time: 65.71]
[Epoch: 3/13][Iter: 170/1713][lr: 0.000500][loss_conf: 2.73][loss_obj: 0.63][loss_act: 8.76][loss_rel: 4.35][loss_box: 0.28][losses: 35.73][time: 54.07]
[Epoch: 3/13][Iter: 180/1713][lr: 0.000500][loss_conf: 2.79][loss_obj: 0.65][loss_act: 8.62][loss_rel: 4.51][loss_box: 0.28][losses: 35.91][time: 66.43]
[Epoch: 3/13][Iter: 190/1713][lr: 0.000500][loss_conf: 2.83][loss_obj: 0.71][loss_act: 8.16][loss_rel: 4.69][loss_box: 0.28][losses: 35.54][time: 54.55]
[Epoch: 3/13][Iter: 200/1713][lr: 0.000500][loss_conf: 2.84][loss_obj: 0.66][loss_act: 8.86][loss_rel: 4.65][loss_box: 0.28][losses: 36.83][time: 68.49]
[Epoch: 3/13][Iter: 210/1713][lr: 0.000500][loss_conf: 2.78][loss_obj: 0.62][loss_act: 8.84][loss_rel: 4.44][loss_box: 0.28][losses: 36.14][time: 54.08]
[Epoch: 3/13][Iter: 220/1713][lr: 0.000500][loss_conf: 2.77][loss_obj: 0.73][loss_act: 8.94][loss_rel: 4.36][loss_box: 0.28][losses: 36.40][time: 67.19]
[Epoch: 3/13][Iter: 230/1713][lr: 0.000500][loss_conf: 2.83][loss_obj: 0.61][loss_act: 9.96][loss_rel: 4.39][loss_box: 0.28][losses: 38.34][time: 53.10]
[Epoch: 3/13][Iter: 240/1713][lr: 0.000500][loss_conf: 2.78][loss_obj: 0.66][loss_act: 9.53][loss_rel: 4.39][loss_box: 0.28][losses: 37.55][time: 67.16]
[Epoch: 3/13][Iter: 250/1713][lr: 0.000500][loss_conf: 2.74][loss_obj: 0.76][loss_act: 9.13][loss_rel: 4.52][loss_box: 0.28][losses: 37.14][time: 54.09]
[Epoch: 3/13][Iter: 260/1713][lr: 0.000500][loss_conf: 2.66][loss_obj: 0.70][loss_act: 9.54][loss_rel: 4.39][loss_box: 0.27][losses: 37.30][time: 68.02]
[Epoch: 3/13][Iter: 270/1713][lr: 0.000500][loss_conf: 2.81][loss_obj: 0.65][loss_act: 8.43][loss_rel: 4.66][loss_box: 0.27][losses: 35.79][time: 54.28]
[Epoch: 3/13][Iter: 280/1713][lr: 0.000500][loss_conf: 2.81][loss_obj: 0.69][loss_act: 9.76][loss_rel: 4.73][loss_box: 0.28][losses: 38.77][time: 68.14]
[Epoch: 3/13][Iter: 290/1713][lr: 0.000500][loss_conf: 2.75][loss_obj: 0.63][loss_act: 8.67][loss_rel: 4.49][loss_box: 0.28][losses: 35.89][time: 66.16]
[Epoch: 3/13][Iter: 300/1713][lr: 0.000500][loss_conf: 2.70][loss_obj: 0.57][loss_act: 9.39][loss_rel: 4.62][loss_box: 0.27][losses: 37.26][time: 67.15]
[Epoch: 3/13][Iter: 310/1713][lr: 0.000500][loss_conf: 2.83][loss_obj: 0.62][loss_act: 8.94][loss_rel: 4.63][loss_box: 0.28][losses: 36.79][time: 54.59]
[Epoch: 3/13][Iter: 320/1713][lr: 0.000500][loss_conf: 2.86][loss_obj: 0.73][loss_act: 8.62][loss_rel: 4.81][loss_box: 0.27][losses: 36.79][time: 67.91]
[Epoch: 3/13][Iter: 330/1713][lr: 0.000500][loss_conf: 2.88][loss_obj: 0.62][loss_act: 9.56][loss_rel: 4.62][loss_box: 0.29][losses: 38.21][time: 54.10]
[Epoch: 3/13][Iter: 340/1713][lr: 0.000500][loss_conf: 2.79][loss_obj: 0.65][loss_act: 8.67][loss_rel: 4.63][loss_box: 0.27][losses: 36.14][time: 67.58]
[Epoch: 3/13][Iter: 350/1713][lr: 0.000500][loss_conf: 2.74][loss_obj: 0.62][loss_act: 9.49][loss_rel: 4.42][loss_box: 0.28][losses: 37.30][time: 54.53]
[Epoch: 3/13][Iter: 360/1713][lr: 0.000500][loss_conf: 2.85][loss_obj: 0.66][loss_act: 9.44][loss_rel: 4.69][loss_box: 0.27][losses: 38.02][time: 68.00]
[Epoch: 3/13][Iter: 370/1713][lr: 0.000500][loss_conf: 2.82][loss_obj: 0.69][loss_act: 9.49][loss_rel: 4.81][loss_box: 0.27][losses: 38.30][time: 54.15]
[Epoch: 3/13][Iter: 380/1713][lr: 0.000500][loss_conf: 2.85][loss_obj: 0.71][loss_act: 9.15][loss_rel: 4.38][loss_box: 0.27][losses: 36.91][time: 68.76]
[Epoch: 3/13][Iter: 390/1713][lr: 0.000500][loss_conf: 2.72][loss_obj: 0.60][loss_act: 9.24][loss_rel: 4.44][loss_box: 0.28][losses: 36.83][time: 54.12]
[Epoch: 3/13][Iter: 400/1713][lr: 0.000500][loss_conf: 2.76][loss_obj: 0.67][loss_act: 9.30][loss_rel: 4.88][loss_box: 0.28][losses: 38.01][time: 67.77]
[Epoch: 3/13][Iter: 410/1713][lr: 0.000500][loss_conf: 2.90][loss_obj: 0.74][loss_act: 9.66][loss_rel: 4.28][loss_box: 0.28][losses: 37.92][time: 54.28]
[Epoch: 3/13][Iter: 420/1713][lr: 0.000500][loss_conf: 2.71][loss_obj: 0.64][loss_act: 9.08][loss_rel: 4.21][loss_box: 0.27][losses: 35.94][time: 68.56]
[Epoch: 3/13][Iter: 430/1713][lr: 0.000500][loss_conf: 2.64][loss_obj: 0.65][loss_act: 9.82][loss_rel: 4.37][loss_box: 0.27][losses: 37.70][time: 54.53]
[Epoch: 3/13][Iter: 440/1713][lr: 0.000500][loss_conf: 2.79][loss_obj: 0.66][loss_act: 8.71][loss_rel: 4.58][loss_box: 0.27][losses: 36.16][time: 69.28]
[Epoch: 3/13][Iter: 450/1713][lr: 0.000500][loss_conf: 2.77][loss_obj: 0.59][loss_act: 9.31][loss_rel: 4.69][loss_box: 0.27][losses: 37.39][time: 54.97]
[Epoch: 3/13][Iter: 460/1713][lr: 0.000500][loss_conf: 2.87][loss_obj: 0.72][loss_act: 9.82][loss_rel: 4.74][loss_box: 0.29][losses: 39.17][time: 69.57]
[Epoch: 3/13][Iter: 470/1713][lr: 0.000500][loss_conf: 2.85][loss_obj: 0.69][loss_act: 9.94][loss_rel: 4.94][loss_box: 0.27][losses: 39.52][time: 56.48]
[Epoch: 3/13][Iter: 480/1713][lr: 0.000500][loss_conf: 2.72][loss_obj: 0.67][loss_act: 9.54][loss_rel: 4.60][loss_box: 0.27][losses: 37.73][time: 70.56]
[Epoch: 3/13][Iter: 490/1713][lr: 0.000500][loss_conf: 2.81][loss_obj: 0.62][loss_act: 9.57][loss_rel: 4.47][loss_box: 0.28][losses: 37.70][time: 55.13]
[Epoch: 3/13][Iter: 500/1713][lr: 0.000500][loss_conf: 2.83][loss_obj: 0.62][loss_act: 8.87][loss_rel: 4.56][loss_box: 0.28][losses: 36.55][time: 69.45]
[Epoch: 3/13][Iter: 510/1713][lr: 0.000500][loss_conf: 2.88][loss_obj: 0.70][loss_act: 9.54][loss_rel: 4.66][loss_box: 0.28][losses: 38.39][time: 56.94]
[Epoch: 3/13][Iter: 520/1713][lr: 0.000500][loss_conf: 2.84][loss_obj: 0.62][loss_act: 9.26][loss_rel: 4.31][loss_box: 0.28][losses: 36.86][time: 69.33]
[Epoch: 3/13][Iter: 530/1713][lr: 0.000500][loss_conf: 2.86][loss_obj: 0.67][loss_act: 9.14][loss_rel: 4.53][loss_box: 0.27][losses: 37.13][time: 55.67]
[Epoch: 3/13][Iter: 540/1713][lr: 0.000500][loss_conf: 2.65][loss_obj: 0.60][loss_act: 9.14][loss_rel: 4.42][loss_box: 0.27][losses: 36.35][time: 70.20]
[Epoch: 3/13][Iter: 550/1713][lr: 0.000500][loss_conf: 2.67][loss_obj: 0.69][loss_act: 8.81][loss_rel: 4.42][loss_box: 0.27][losses: 35.93][time: 54.99]
[Epoch: 3/13][Iter: 560/1713][lr: 0.000500][loss_conf: 2.93][loss_obj: 0.68][loss_act: 8.92][loss_rel: 4.58][loss_box: 0.28][losses: 36.97][time: 69.92]
[Epoch: 3/13][Iter: 570/1713][lr: 0.000500][loss_conf: 2.72][loss_obj: 0.73][loss_act: 9.21][loss_rel: 4.46][loss_box: 0.28][losses: 37.04][time: 54.75]
[Epoch: 3/13][Iter: 580/1713][lr: 0.000500][loss_conf: 2.75][loss_obj: 0.63][loss_act: 8.66][loss_rel: 4.33][loss_box: 0.27][losses: 35.45][time: 70.37]
[Epoch: 3/13][Iter: 590/1713][lr: 0.000500][loss_conf: 2.70][loss_obj: 0.61][loss_act: 8.32][loss_rel: 4.35][loss_box: 0.26][losses: 34.57][time: 56.36]
[Epoch: 3/13][Iter: 600/1713][lr: 0.000500][loss_conf: 2.82][loss_obj: 0.61][loss_act: 9.18][loss_rel: 4.46][loss_box: 0.26][losses: 36.78][time: 69.80]
[Epoch: 3/13][Iter: 610/1713][lr: 0.000500][loss_conf: 2.73][loss_obj: 0.60][loss_act: 9.66][loss_rel: 4.40][loss_box: 0.27][losses: 37.47][time: 55.58]
[Epoch: 3/13][Iter: 620/1713][lr: 0.000500][loss_conf: 2.77][loss_obj: 0.64][loss_act: 8.81][loss_rel: 4.61][loss_box: 0.27][losses: 36.37][time: 70.65]
[Epoch: 3/13][Iter: 630/1713][lr: 0.000500][loss_conf: 2.76][loss_obj: 0.66][loss_act: 9.19][loss_rel: 4.40][loss_box: 0.27][losses: 36.70][time: 55.77]
[Epoch: 3/13][Iter: 640/1713][lr: 0.000500][loss_conf: 2.86][loss_obj: 0.62][loss_act: 8.72][loss_rel: 4.54][loss_box: 0.26][losses: 36.11][time: 71.31]
[Epoch: 3/13][Iter: 650/1713][lr: 0.000500][loss_conf: 2.80][loss_obj: 0.57][loss_act: 8.85][loss_rel: 4.48][loss_box: 0.26][losses: 36.06][time: 55.51]
[Epoch: 3/13][Iter: 660/1713][lr: 0.000500][loss_conf: 2.82][loss_obj: 0.57][loss_act: 8.51][loss_rel: 4.52][loss_box: 0.27][losses: 35.56][time: 68.42]
[Epoch: 3/13][Iter: 670/1713][lr: 0.000500][loss_conf: 2.83][loss_obj: 0.66][loss_act: 9.16][loss_rel: 4.69][loss_box: 0.27][losses: 37.41][time: 55.03]
[Epoch: 3/13][Iter: 680/1713][lr: 0.000500][loss_conf: 2.80][loss_obj: 0.61][loss_act: 8.97][loss_rel: 4.51][loss_box: 0.28][losses: 36.59][time: 70.88]
[Epoch: 3/13][Iter: 690/1713][lr: 0.000500][loss_conf: 2.85][loss_obj: 0.58][loss_act: 9.45][loss_rel: 4.94][loss_box: 0.26][losses: 38.28][time: 55.31]
[Epoch: 3/13][Iter: 700/1713][lr: 0.000500][loss_conf: 2.84][loss_obj: 0.61][loss_act: 9.44][loss_rel: 4.63][loss_box: 0.28][losses: 37.79][time: 70.17]
[Epoch: 3/13][Iter: 710/1713][lr: 0.000500][loss_conf: 2.78][loss_obj: 0.65][loss_act: 9.35][loss_rel: 4.46][loss_box: 0.27][losses: 37.19][time: 56.35]
[Epoch: 3/13][Iter: 720/1713][lr: 0.000500][loss_conf: 2.72][loss_obj: 0.62][loss_act: 9.21][loss_rel: 4.21][loss_box: 0.28][losses: 36.31][time: 70.32]
[Epoch: 3/13][Iter: 730/1713][lr: 0.000500][loss_conf: 2.88][loss_obj: 0.62][loss_act: 8.46][loss_rel: 4.50][loss_box: 0.27][losses: 35.57][time: 57.21]
[Epoch: 3/13][Iter: 740/1713][lr: 0.000500][loss_conf: 2.91][loss_obj: 0.67][loss_act: 9.12][loss_rel: 4.34][loss_box: 0.28][losses: 36.86][time: 69.64]
[Epoch: 3/13][Iter: 750/1713][lr: 0.000500][loss_conf: 2.67][loss_obj: 0.62][loss_act: 9.20][loss_rel: 4.37][loss_box: 0.27][losses: 36.47][time: 56.71]
[Epoch: 3/13][Iter: 760/1713][lr: 0.000500][loss_conf: 2.81][loss_obj: 0.66][loss_act: 8.25][loss_rel: 4.28][loss_box: 0.28][losses: 34.78][time: 71.65]
[Epoch: 3/13][Iter: 770/1713][lr: 0.000500][loss_conf: 2.71][loss_obj: 0.62][loss_act: 9.28][loss_rel: 4.28][loss_box: 0.26][losses: 36.38][time: 54.30]
[Epoch: 3/13][Iter: 780/1713][lr: 0.000500][loss_conf: 2.77][loss_obj: 0.70][loss_act: 8.51][loss_rel: 4.74][loss_box: 0.27][losses: 36.15][time: 69.86]
[Epoch: 3/13][Iter: 790/1713][lr: 0.000500][loss_conf: 2.80][loss_obj: 0.61][loss_act: 8.90][loss_rel: 4.69][loss_box: 0.27][losses: 36.72][time: 55.83]
[Epoch: 3/13][Iter: 800/1713][lr: 0.000500][loss_conf: 2.76][loss_obj: 0.60][loss_act: 8.69][loss_rel: 4.25][loss_box: 0.27][losses: 35.28][time: 69.79]
[Epoch: 3/13][Iter: 810/1713][lr: 0.000500][loss_conf: 2.83][loss_obj: 0.62][loss_act: 8.28][loss_rel: 4.53][loss_box: 0.28][losses: 35.28][time: 55.27]
[Epoch: 3/13][Iter: 820/1713][lr: 0.000500][loss_conf: 2.80][loss_obj: 0.70][loss_act: 8.96][loss_rel: 4.25][loss_box: 0.28][losses: 36.20][time: 68.69]
[Epoch: 3/13][Iter: 830/1713][lr: 0.000500][loss_conf: 2.72][loss_obj: 0.69][loss_act: 9.25][loss_rel: 4.65][loss_box: 0.27][losses: 37.38][time: 55.28]
[Epoch: 3/13][Iter: 840/1713][lr: 0.000500][loss_conf: 2.71][loss_obj: 0.61][loss_act: 8.95][loss_rel: 4.45][loss_box: 0.28][losses: 36.23][time: 69.50]
[Epoch: 3/13][Iter: 850/1713][lr: 0.000500][loss_conf: 2.90][loss_obj: 0.67][loss_act: 8.82][loss_rel: 4.64][loss_box: 0.27][losses: 36.76][time: 54.43]
[Epoch: 3/13][Iter: 860/1713][lr: 0.000500][loss_conf: 2.70][loss_obj: 0.59][loss_act: 9.39][loss_rel: 4.38][loss_box: 0.26][losses: 36.76][time: 68.92]
[Epoch: 3/13][Iter: 870/1713][lr: 0.000500][loss_conf: 2.70][loss_obj: 0.60][loss_act: 8.82][loss_rel: 4.77][loss_box: 0.28][losses: 36.52][time: 55.75]
[Epoch: 3/13][Iter: 880/1713][lr: 0.000500][loss_conf: 2.73][loss_obj: 0.61][loss_act: 9.23][loss_rel: 4.21][loss_box: 0.26][losses: 36.18][time: 69.88]
[Epoch: 3/13][Iter: 890/1713][lr: 0.000500][loss_conf: 2.67][loss_obj: 0.52][loss_act: 9.57][loss_rel: 4.29][loss_box: 0.26][losses: 36.73][time: 55.03]
[Epoch: 3/13][Iter: 900/1713][lr: 0.000500][loss_conf: 2.72][loss_obj: 0.67][loss_act: 9.01][loss_rel: 4.33][loss_box: 0.27][losses: 36.10][time: 70.16]
[Epoch: 3/13][Iter: 910/1713][lr: 0.000500][loss_conf: 2.72][loss_obj: 0.64][loss_act: 9.47][loss_rel: 4.53][loss_box: 0.26][losses: 37.32][time: 55.49]
[Epoch: 3/13][Iter: 920/1713][lr: 0.000500][loss_conf: 2.80][loss_obj: 0.68][loss_act: 8.74][loss_rel: 4.47][loss_box: 0.28][losses: 36.19][time: 69.45]
[Epoch: 3/13][Iter: 930/1713][lr: 0.000500][loss_conf: 2.79][loss_obj: 0.66][loss_act: 9.13][loss_rel: 4.34][loss_box: 0.27][losses: 36.53][time: 55.86]
[Epoch: 3/13][Iter: 940/1713][lr: 0.000500][loss_conf: 2.68][loss_obj: 0.58][loss_act: 8.57][loss_rel: 4.39][loss_box: 0.28][losses: 35.19][time: 71.60]
[Epoch: 3/13][Iter: 950/1713][lr: 0.000500][loss_conf: 2.75][loss_obj: 0.60][loss_act: 8.52][loss_rel: 4.32][loss_box: 0.28][losses: 35.21][time: 55.02]
[Epoch: 3/13][Iter: 960/1713][lr: 0.000500][loss_conf: 2.81][loss_obj: 0.58][loss_act: 8.67][loss_rel: 4.30][loss_box: 0.27][losses: 35.39][time: 68.46]
[Epoch: 3/13][Iter: 970/1713][lr: 0.000500][loss_conf: 2.74][loss_obj: 0.62][loss_act: 9.49][loss_rel: 4.41][loss_box: 0.27][losses: 37.19][time: 55.18]
[Epoch: 3/13][Iter: 980/1713][lr: 0.000500][loss_conf: 2.82][loss_obj: 0.59][loss_act: 9.08][loss_rel: 4.61][loss_box: 0.27][losses: 36.88][time: 70.09]
[Epoch: 3/13][Iter: 990/1713][lr: 0.000500][loss_conf: 2.64][loss_obj: 0.59][loss_act: 8.17][loss_rel: 3.92][loss_box: 0.27][losses: 33.28][time: 55.47]
[Epoch: 3/13][Iter: 1000/1713][lr: 0.000500][loss_conf: 2.73][loss_obj: 0.60][loss_act: 9.49][loss_rel: 4.36][loss_box: 0.27][losses: 37.09][time: 69.53]
[Epoch: 3/13][Iter: 1010/1713][lr: 0.000500][loss_conf: 2.75][loss_obj: 0.66][loss_act: 9.56][loss_rel: 4.46][loss_box: 0.27][losses: 37.52][time: 55.65]
[Epoch: 3/13][Iter: 1020/1713][lr: 0.000500][loss_conf: 2.64][loss_obj: 0.58][loss_act: 9.02][loss_rel: 4.54][loss_box: 0.26][losses: 36.16][time: 69.89]
[Epoch: 3/13][Iter: 1030/1713][lr: 0.000500][loss_conf: 2.81][loss_obj: 0.57][loss_act: 8.59][loss_rel: 4.72][loss_box: 0.27][losses: 36.04][time: 55.71]
[Epoch: 3/13][Iter: 1040/1713][lr: 0.000500][loss_conf: 2.74][loss_obj: 0.58][loss_act: 8.21][loss_rel: 4.30][loss_box: 0.26][losses: 34.30][time: 70.74]
[Epoch: 3/13][Iter: 1050/1713][lr: 0.000500][loss_conf: 2.85][loss_obj: 0.63][loss_act: 9.00][loss_rel: 4.27][loss_box: 0.27][losses: 36.20][time: 55.67]
[Epoch: 3/13][Iter: 1060/1713][lr: 0.000500][loss_conf: 2.66][loss_obj: 0.66][loss_act: 9.08][loss_rel: 4.49][loss_box: 0.27][losses: 36.51][time: 70.15]
[Epoch: 3/13][Iter: 1070/1713][lr: 0.000500][loss_conf: 2.61][loss_obj: 0.57][loss_act: 9.16][loss_rel: 4.53][loss_box: 0.27][losses: 36.42][time: 55.17]
[Epoch: 3/13][Iter: 1080/1713][lr: 0.000500][loss_conf: 2.66][loss_obj: 0.59][loss_act: 9.03][loss_rel: 4.68][loss_box: 0.28][losses: 36.75][time: 70.47]
[Epoch: 3/13][Iter: 1090/1713][lr: 0.000500][loss_conf: 2.79][loss_obj: 0.70][loss_act: 8.51][loss_rel: 4.57][loss_box: 0.27][losses: 35.84][time: 55.72]
[Epoch: 3/13][Iter: 1100/1713][lr: 0.000500][loss_conf: 2.69][loss_obj: 0.63][loss_act: 9.14][loss_rel: 4.57][loss_box: 0.28][losses: 36.81][time: 70.09]
[Epoch: 3/13][Iter: 1110/1713][lr: 0.000500][loss_conf: 2.71][loss_obj: 0.65][loss_act: 9.38][loss_rel: 4.46][loss_box: 0.26][losses: 37.04][time: 56.05]
[Epoch: 3/13][Iter: 1120/1713][lr: 0.000500][loss_conf: 2.70][loss_obj: 0.60][loss_act: 9.23][loss_rel: 4.73][loss_box: 0.28][losses: 37.26][time: 69.93]
[Epoch: 3/13][Iter: 1130/1713][lr: 0.000500][loss_conf: 2.78][loss_obj: 0.52][loss_act: 9.16][loss_rel: 4.44][loss_box: 0.28][losses: 36.58][time: 55.69]
[Epoch: 3/13][Iter: 1140/1713][lr: 0.000500][loss_conf: 2.77][loss_obj: 0.66][loss_act: 7.90][loss_rel: 4.36][loss_box: 0.27][losses: 34.06][time: 70.41]
[Epoch: 3/13][Iter: 1150/1713][lr: 0.000500][loss_conf: 2.82][loss_obj: 0.67][loss_act: 9.10][loss_rel: 4.50][loss_box: 0.27][losses: 36.86][time: 56.52]
[Epoch: 3/13][Iter: 1160/1713][lr: 0.000500][loss_conf: 2.65][loss_obj: 0.63][loss_act: 8.26][loss_rel: 4.32][loss_box: 0.27][losses: 34.47][time: 69.79]
[Epoch: 3/13][Iter: 1170/1713][lr: 0.000500][loss_conf: 2.70][loss_obj: 0.54][loss_act: 8.67][loss_rel: 4.55][loss_box: 0.27][losses: 35.59][time: 56.46]
[Epoch: 3/13][Iter: 1180/1713][lr: 0.000500][loss_conf: 2.75][loss_obj: 0.57][loss_act: 8.64][loss_rel: 4.27][loss_box: 0.26][losses: 35.05][time: 69.86]
[Epoch: 3/13][Iter: 1190/1713][lr: 0.000500][loss_conf: 2.66][loss_obj: 0.56][loss_act: 9.17][loss_rel: 4.33][loss_box: 0.27][losses: 36.14][time: 56.64]
[Epoch: 3/13][Iter: 1200/1713][lr: 0.000500][loss_conf: 2.76][loss_obj: 0.63][loss_act: 8.79][loss_rel: 4.45][loss_box: 0.27][losses: 35.92][time: 85.00]
[Epoch: 3/13][Iter: 1210/1713][lr: 0.000500][loss_conf: 2.68][loss_obj: 0.61][loss_act: 8.87][loss_rel: 4.39][loss_box: 0.27][losses: 35.77][time: 56.13]
[Epoch: 3/13][Iter: 1220/1713][lr: 0.000500][loss_conf: 2.77][loss_obj: 0.67][loss_act: 9.57][loss_rel: 4.69][loss_box: 0.28][losses: 38.17][time: 69.54]
[Epoch: 3/13][Iter: 1230/1713][lr: 0.000500][loss_conf: 2.68][loss_obj: 0.64][loss_act: 8.97][loss_rel: 4.34][loss_box: 0.26][losses: 35.87][time: 56.86]
[Epoch: 3/13][Iter: 1240/1713][lr: 0.000500][loss_conf: 2.71][loss_obj: 0.57][loss_act: 8.87][loss_rel: 4.71][loss_box: 0.27][losses: 36.44][time: 71.46]
[Epoch: 3/13][Iter: 1250/1713][lr: 0.000500][loss_conf: 2.83][loss_obj: 0.63][loss_act: 9.13][loss_rel: 4.18][loss_box: 0.27][losses: 36.20][time: 56.32]
[Epoch: 3/13][Iter: 1260/1713][lr: 0.000500][loss_conf: 2.70][loss_obj: 0.61][loss_act: 8.72][loss_rel: 4.35][loss_box: 0.27][losses: 35.45][time: 71.00]
[Epoch: 3/13][Iter: 1270/1713][lr: 0.000500][loss_conf: 2.62][loss_obj: 0.56][loss_act: 9.00][loss_rel: 3.89][loss_box: 0.27][losses: 34.83][time: 55.42]
[Epoch: 3/13][Iter: 1280/1713][lr: 0.000500][loss_conf: 2.72][loss_obj: 0.62][loss_act: 9.02][loss_rel: 4.34][loss_box: 0.27][losses: 36.09][time: 68.99]
[Epoch: 3/13][Iter: 1290/1713][lr: 0.000500][loss_conf: 2.75][loss_obj: 0.64][loss_act: 7.78][loss_rel: 4.51][loss_box: 0.28][losses: 34.19][time: 55.03]
[Epoch: 3/13][Iter: 1300/1713][lr: 0.000500][loss_conf: 2.74][loss_obj: 0.66][loss_act: 8.94][loss_rel: 4.54][loss_box: 0.28][losses: 36.53][time: 69.35]
[Epoch: 3/13][Iter: 1310/1713][lr: 0.000500][loss_conf: 2.74][loss_obj: 0.58][loss_act: 8.61][loss_rel: 4.28][loss_box: 0.27][losses: 35.16][time: 54.91]
[Epoch: 3/13][Iter: 1320/1713][lr: 0.000500][loss_conf: 2.66][loss_obj: 0.64][loss_act: 8.55][loss_rel: 4.33][loss_box: 0.28][losses: 35.14][time: 69.92]
[Epoch: 3/13][Iter: 1330/1713][lr: 0.000500][loss_conf: 2.75][loss_obj: 0.65][loss_act: 9.10][loss_rel: 4.40][loss_box: 0.28][losses: 36.58][time: 56.58]
[Epoch: 3/13][Iter: 1340/1713][lr: 0.000500][loss_conf: 2.73][loss_obj: 0.54][loss_act: 8.61][loss_rel: 4.20][loss_box: 0.27][losses: 34.87][time: 69.14]
[Epoch: 3/13][Iter: 1350/1713][lr: 0.000500][loss_conf: 2.69][loss_obj: 0.65][loss_act: 8.34][loss_rel: 4.19][loss_box: 0.27][losses: 34.47][time: 55.75]
[Epoch: 3/13][Iter: 1360/1713][lr: 0.000500][loss_conf: 2.75][loss_obj: 0.73][loss_act: 8.68][loss_rel: 4.58][loss_box: 0.28][losses: 36.24][time: 69.63]
[Epoch: 3/13][Iter: 1370/1713][lr: 0.000500][loss_conf: 2.63][loss_obj: 0.59][loss_act: 8.70][loss_rel: 4.44][loss_box: 0.26][losses: 35.33][time: 55.71]
[Epoch: 3/13][Iter: 1380/1713][lr: 0.000500][loss_conf: 2.67][loss_obj: 0.55][loss_act: 8.65][loss_rel: 4.17][loss_box: 0.27][losses: 34.73][time: 69.02]
[Epoch: 3/13][Iter: 1390/1713][lr: 0.000500][loss_conf: 2.67][loss_obj: 0.55][loss_act: 8.39][loss_rel: 4.32][loss_box: 0.27][losses: 34.53][time: 55.78]
[Epoch: 3/13][Iter: 1400/1713][lr: 0.000500][loss_conf: 2.82][loss_obj: 0.65][loss_act: 8.72][loss_rel: 4.54][loss_box: 0.26][losses: 36.07][time: 69.84]
[Epoch: 3/13][Iter: 1410/1713][lr: 0.000500][loss_conf: 2.57][loss_obj: 0.54][loss_act: 8.56][loss_rel: 4.13][loss_box: 0.27][losses: 34.27][time: 56.05]
[Epoch: 3/13][Iter: 1420/1713][lr: 0.000500][loss_conf: 2.75][loss_obj: 0.61][loss_act: 9.09][loss_rel: 4.69][loss_box: 0.27][losses: 37.03][time: 70.17]
[Epoch: 3/13][Iter: 1430/1713][lr: 0.000500][loss_conf: 2.76][loss_obj: 0.63][loss_act: 8.66][loss_rel: 4.15][loss_box: 0.26][losses: 35.00][time: 55.37]
[Epoch: 3/13][Iter: 1440/1713][lr: 0.000500][loss_conf: 2.77][loss_obj: 0.55][loss_act: 8.95][loss_rel: 3.96][loss_box: 0.25][losses: 35.01][time: 68.97]
[Epoch: 3/13][Iter: 1450/1713][lr: 0.000500][loss_conf: 2.73][loss_obj: 0.56][loss_act: 8.76][loss_rel: 4.36][loss_box: 0.27][losses: 35.58][time: 56.26]
[Epoch: 3/13][Iter: 1460/1713][lr: 0.000500][loss_conf: 2.71][loss_obj: 0.67][loss_act: 8.34][loss_rel: 4.42][loss_box: 0.27][losses: 34.93][time: 68.66]
[Epoch: 3/13][Iter: 1470/1713][lr: 0.000500][loss_conf: 2.80][loss_obj: 0.60][loss_act: 8.52][loss_rel: 4.57][loss_box: 0.28][losses: 35.79][time: 55.47]
[Epoch: 3/13][Iter: 1480/1713][lr: 0.000500][loss_conf: 2.71][loss_obj: 0.58][loss_act: 8.77][loss_rel: 4.35][loss_box: 0.26][losses: 35.42][time: 69.20]
[Epoch: 3/13][Iter: 1490/1713][lr: 0.000500][loss_conf: 2.73][loss_obj: 0.60][loss_act: 8.50][loss_rel: 4.31][loss_box: 0.27][losses: 34.96][time: 55.40]
[Epoch: 3/13][Iter: 1500/1713][lr: 0.000500][loss_conf: 2.70][loss_obj: 0.55][loss_act: 8.61][loss_rel: 4.13][loss_box: 0.27][losses: 34.70][time: 69.89]
[Epoch: 3/13][Iter: 1510/1713][lr: 0.000500][loss_conf: 2.67][loss_obj: 0.62][loss_act: 8.54][loss_rel: 4.36][loss_box: 0.26][losses: 35.03][time: 56.30]
[Epoch: 3/13][Iter: 1520/1713][lr: 0.000500][loss_conf: 2.64][loss_obj: 0.51][loss_act: 8.62][loss_rel: 4.24][loss_box: 0.26][losses: 34.64][time: 68.51]
[Epoch: 3/13][Iter: 1530/1713][lr: 0.000500][loss_conf: 2.66][loss_obj: 0.52][loss_act: 9.06][loss_rel: 4.14][loss_box: 0.27][losses: 35.45][time: 56.33]
[Epoch: 3/13][Iter: 1540/1713][lr: 0.000500][loss_conf: 2.86][loss_obj: 0.66][loss_act: 8.81][loss_rel: 4.34][loss_box: 0.27][losses: 36.07][time: 69.00]
[Epoch: 3/13][Iter: 1550/1713][lr: 0.000500][loss_conf: 2.93][loss_obj: 0.65][loss_act: 9.67][loss_rel: 4.69][loss_box: 0.28][losses: 38.68][time: 56.66]
[Epoch: 3/13][Iter: 1560/1713][lr: 0.000500][loss_conf: 2.81][loss_obj: 0.59][loss_act: 8.37][loss_rel: 4.59][loss_box: 0.26][losses: 35.34][time: 68.97]
[Epoch: 3/13][Iter: 1570/1713][lr: 0.000500][loss_conf: 2.72][loss_obj: 0.55][loss_act: 8.50][loss_rel: 4.48][loss_box: 0.26][losses: 35.12][time: 57.42]
[Epoch: 3/13][Iter: 1580/1713][lr: 0.000500][loss_conf: 2.78][loss_obj: 0.64][loss_act: 9.52][loss_rel: 4.27][loss_box: 0.27][losses: 37.11][time: 67.57]
[Epoch: 3/13][Iter: 1590/1713][lr: 0.000500][loss_conf: 2.70][loss_obj: 0.68][loss_act: 8.25][loss_rel: 4.42][loss_box: 0.27][losses: 34.77][time: 57.94]
[Epoch: 3/13][Iter: 1600/1713][lr: 0.000500][loss_conf: 2.66][loss_obj: 0.63][loss_act: 9.43][loss_rel: 4.44][loss_box: 0.27][losses: 37.02][time: 68.42]
[Epoch: 3/13][Iter: 1610/1713][lr: 0.000500][loss_conf: 2.81][loss_obj: 0.59][loss_act: 8.90][loss_rel: 4.65][loss_box: 0.28][losses: 36.72][time: 57.25]
[Epoch: 3/13][Iter: 1620/1713][lr: 0.000500][loss_conf: 2.79][loss_obj: 0.64][loss_act: 9.03][loss_rel: 4.37][loss_box: 0.27][losses: 36.32][time: 68.60]
[Epoch: 3/13][Iter: 1630/1713][lr: 0.000500][loss_conf: 2.63][loss_obj: 0.57][loss_act: 7.91][loss_rel: 4.35][loss_box: 0.26][losses: 33.56][time: 58.23]
[Epoch: 3/13][Iter: 1640/1713][lr: 0.000500][loss_conf: 2.80][loss_obj: 0.58][loss_act: 8.92][loss_rel: 4.38][loss_box: 0.27][losses: 36.07][time: 68.32]
[Epoch: 3/13][Iter: 1650/1713][lr: 0.000500][loss_conf: 2.73][loss_obj: 0.58][loss_act: 8.38][loss_rel: 4.30][loss_box: 0.28][losses: 34.73][time: 56.72]
[Epoch: 3/13][Iter: 1660/1713][lr: 0.000500][loss_conf: 2.68][loss_obj: 0.57][loss_act: 8.84][loss_rel: 4.59][loss_box: 0.26][losses: 35.96][time: 68.36]
[Epoch: 3/13][Iter: 1670/1713][lr: 0.000500][loss_conf: 2.67][loss_obj: 0.59][loss_act: 8.78][loss_rel: 4.43][loss_box: 0.28][losses: 35.73][time: 57.76]
[Epoch: 3/13][Iter: 1680/1713][lr: 0.000500][loss_conf: 2.71][loss_obj: 0.56][loss_act: 8.75][loss_rel: 4.35][loss_box: 0.27][losses: 35.42][time: 68.32]
[Epoch: 3/13][Iter: 1690/1713][lr: 0.000500][loss_conf: 2.65][loss_obj: 0.56][loss_act: 8.63][loss_rel: 4.26][loss_box: 0.27][losses: 34.88][time: 57.35]
[Epoch: 3/13][Iter: 1700/1713][lr: 0.000500][loss_conf: 2.79][loss_obj: 0.60][loss_act: 8.76][loss_rel: 4.54][loss_box: 0.27][losses: 36.04][time: 68.20]
[Epoch: 3/13][Iter: 1710/1713][lr: 0.000500][loss_conf: 2.68][loss_obj: 0.58][loss_act: 8.61][loss_rel: 4.17][loss_box: 0.27][losses: 34.78][time: 56.98]
No evaluator ... save model and go on training.
Saving state, epoch: 3
[Epoch: 4/13][Iter: 0/1713][lr: 0.000500][loss_conf: 2.73][loss_obj: 0.64][loss_act: 8.14][loss_rel: 4.31][loss_box: 0.27][losses: 34.34][time: 45.40]
[Epoch: 4/13][Iter: 10/1713][lr: 0.000500][loss_conf: 2.67][loss_obj: 0.57][loss_act: 8.13][loss_rel: 4.15][loss_box: 0.27][losses: 33.77][time: 51.61]
[Epoch: 4/13][Iter: 20/1713][lr: 0.000500][loss_conf: 2.78][loss_obj: 0.68][loss_act: 8.77][loss_rel: 4.12][loss_box: 0.27][losses: 35.42][time: 65.66]
[Epoch: 4/13][Iter: 30/1713][lr: 0.000500][loss_conf: 2.73][loss_obj: 0.67][loss_act: 8.34][loss_rel: 4.24][loss_box: 0.28][losses: 34.72][time: 52.90]
[Epoch: 4/13][Iter: 40/1713][lr: 0.000500][loss_conf: 2.83][loss_obj: 0.57][loss_act: 8.79][loss_rel: 4.13][loss_box: 0.27][losses: 35.35][time: 64.57]
[Epoch: 4/13][Iter: 50/1713][lr: 0.000500][loss_conf: 2.69][loss_obj: 0.55][loss_act: 8.73][loss_rel: 4.11][loss_box: 0.27][losses: 34.79][time: 52.20]
[Epoch: 4/13][Iter: 60/1713][lr: 0.000500][loss_conf: 2.64][loss_obj: 0.60][loss_act: 8.04][loss_rel: 4.39][loss_box: 0.27][losses: 34.07][time: 66.50]
[Epoch: 4/13][Iter: 70/1713][lr: 0.000500][loss_conf: 2.70][loss_obj: 0.69][loss_act: 8.14][loss_rel: 4.57][loss_box: 0.27][losses: 34.86][time: 51.66]
[Epoch: 4/13][Iter: 80/1713][lr: 0.000500][loss_conf: 2.67][loss_obj: 0.65][loss_act: 8.30][loss_rel: 4.59][loss_box: 0.27][losses: 35.16][time: 64.56]
[Epoch: 4/13][Iter: 90/1713][lr: 0.000500][loss_conf: 2.62][loss_obj: 0.62][loss_act: 8.38][loss_rel: 4.31][loss_box: 0.27][losses: 34.59][time: 52.94]
[Epoch: 4/13][Iter: 100/1713][lr: 0.000500][loss_conf: 2.79][loss_obj: 0.67][loss_act: 8.39][loss_rel: 4.45][loss_box: 0.27][losses: 35.28][time: 65.22]
[Epoch: 4/13][Iter: 110/1713][lr: 0.000500][loss_conf: 2.73][loss_obj: 0.62][loss_act: 8.45][loss_rel: 4.27][loss_box: 0.28][losses: 34.98][time: 51.77]
[Epoch: 4/13][Iter: 120/1713][lr: 0.000500][loss_conf: 2.69][loss_obj: 0.60][loss_act: 8.08][loss_rel: 4.20][loss_box: 0.27][losses: 33.89][time: 65.49]
[Epoch: 4/13][Iter: 130/1713][lr: 0.000500][loss_conf: 2.80][loss_obj: 0.66][loss_act: 9.29][loss_rel: 4.25][loss_box: 0.28][losses: 36.75][time: 52.23]
[Epoch: 4/13][Iter: 140/1713][lr: 0.000500][loss_conf: 2.70][loss_obj: 0.62][loss_act: 7.90][loss_rel: 4.29][loss_box: 0.26][losses: 33.66][time: 65.49]
