🔧 Applying fixes...
✅ Fixed optimizer.py (handles missing optimizer state)
✅ Fixed build_multitask.py (PyTorch 2.6 compatibility)
✅ All fixes applied!

======================================================================
🚀 RESUMING TRAINING FROM EPOCH 2
======================================================================
📦 Batch size: 144 (effective: 288)
📊 Max epochs: 13
📈 Base LR: 0.0001
📉 LR decay at epochs: 6 8 10 12

   LR Schedule:
   Epoch 3-4:   lr = 0.0001   (resuming here)
   Epoch 5-6:   lr = 0.00005
   Epoch 7-8:   lr = 0.000025
   Epoch 9-10:  lr = 0.0000125
   Epoch 11-13: lr = 0.00000625

🎬 Clip length: 16 frames
⚡ AMP: Enabled

📋 Full command:
python train.py     -d charades_ag     -v yowo_v2_x3d_m_yolo11m_multitask     --cuda     --amp     -bs 144     -accu 2     --max_epoch 13     --lr_epoch 6 8 10 12     --root /content/yowo/data     -K 16     -lr 0.0001     --num_workers 4     --save_folder /content/yowo/weights     -r /content/yowo/weights/charades_ag/yowo_v2_x3d_m_yolo11m_multitask/yowo_v2_x3d_m_yolo11m_multitask_epoch_2.pth

======================================================================
Setting Arguments.. :  Namespace(cuda=True, tfboard=False, save_folder='/content/yowo/weights', vis_data=False, eval=False, eval_epoch=1, save_dir='inference_results/', eval_first=False, batch_size=144, test_batch_size=16, accumulate=2, base_lr=0.0001, lr_decay_ratio=0.5, max_epoch=13, lr_epoch=[6, 8, 10, 12], version='yowo_v2_x3d_m_yolo11m_multitask', resume='/content/yowo/weights/charades_ag/yowo_v2_x3d_m_yolo11m_multitask/yowo_v2_x3d_m_yolo11m_multitask_epoch_2.pth', conf_thresh=0.1, nms_thresh=0.5, topk=40, len_clip=16, freeze_backbone_2d=False, freeze_backbone_3d=False, memory=False, dataset='charades_ag', root='/content/yowo/data', num_workers=4, center_sampling_radius=2.5, topk_candicate=10, loss_conf_weight=1, loss_cls_weight=1, loss_reg_weight=5, focal_loss=False, distributed=False, dist_url='env://', world_size=1, sybn=False, amp=True)
----------------------------------------------------------
World size: 1
use cuda
==============================
Dataset Config: CHARADES_AG 
==============================
Model Config: YOWO_V2_X3D_M_YOLO11M_MULTITASK 
Loaded 274086 keyframes for train
==============================
Training model on: charades_ag
The dataset size: 274086
==============================
Build YOWO_V2_X3D_M_YOLO11M_MULTITASK (Multi-Task) ...
  Objects: 36
  Actions: 157
  Relations: 26
==============================
2D Backbone: YOLO11M
--pretrained: True
YOLO11 feature dimensions: [256, 512, 512]
YOLO11 feature strides: [8, 16, 32]
==============================
3D Backbone: X3D_M
--pretrained: True
Loading X3D model: x3d_m (pretrained=True)
Using cache found in /root/.cache/torch/hub/facebookresearch_pytorchvideo_main
==============================
Head: Decoupled Head
==============================
Head: Decoupled Head
==============================
Head: Decoupled Head
Resuming from:  /content/yowo/weights/charades_ag/yowo_v2_x3d_m_yolo11m_multitask/yowo_v2_x3d_m_yolo11m_multitask_epoch_2.pth
==============================
[INFO] Register count_convNd() for <class 'torch.nn.modules.conv.Conv2d'>.
[INFO] Register count_normalization() for <class 'torch.nn.modules.batchnorm.BatchNorm2d'>.
[INFO] Register zero_ops() for <class 'torch.nn.modules.container.Sequential'>.
[INFO] Register zero_ops() for <class 'torch.nn.modules.pooling.MaxPool2d'>.
[INFO] Register count_upsample() for <class 'torch.nn.modules.upsampling.Upsample'>.
[INFO] Register count_convNd() for <class 'torch.nn.modules.conv.Conv3d'>.
[INFO] Register count_normalization() for <class 'torch.nn.modules.batchnorm.BatchNorm3d'>.
[INFO] Register zero_ops() for <class 'torch.nn.modules.activation.ReLU'>.
[INFO] Register count_softmax() for <class 'torch.nn.modules.activation.Softmax'>.
[INFO] Register zero_ops() for <class 'torch.nn.modules.dropout.Dropout'>.
/usr/local/lib/python3.12/dist-packages/torch/functional.py:505: UserWarning: torch.meshgrid: in an upcoming release, it will be required to pass the indexing argument. (Triggered internally at /pytorch/aten/src/ATen/native/TensorShape.cpp:4317.)
  return _VF.meshgrid(tensors, **kwargs)  # type: ignore[attr-defined]
==============================
FLOPs : 10.19 G
Params : 24.86 M
==============================
Optimizer: adamw
--momentum: 0.9
--weight_decay: 0.0005
keep training:  /content/yowo/weights/charades_ag/yowo_v2_x3d_m_yolo11m_multitask/yowo_v2_x3d_m_yolo11m_multitask_epoch_2.pth
No optimizer state in checkpoint, using fresh optimizer
Resuming from epoch 2
==============================
WarmUpScheduler: linear
--base_lr: 0.0001
--warmup_factor: 0.00066667
--wp_iter: 500
Using Automatic Mixed Precision (AMP) training
/content/yowo/train.py:218: FutureWarning: `torch.cuda.amp.GradScaler(args...)` is deprecated. Please use `torch.amp.GradScaler('cuda', args...)` instead.
  scaler = GradScaler()
/content/yowo/train.py:252: FutureWarning: `torch.cuda.amp.autocast(args...)` is deprecated. Please use `torch.amp.autocast('cuda', args...)` instead.
  with autocast():
/content/yowo/models/yowo/matcher.py:59: FutureWarning: `torch.cuda.amp.autocast(args...)` is deprecated. Please use `torch.amp.autocast('cuda', args...)` instead.
  with torch.cuda.amp.autocast(enabled=False):
[Epoch: 3/13][Iter: 0/1903][lr: 0.000100][loss_conf: 3.07][loss_obj: 0.88][loss_act: 10.91][loss_rel: 4.96][loss_interact: 0.03][loss_box: 0.31][losses: 42.82][time: 63.30]
[Epoch: 3/13][Iter: 10/1903][lr: 0.000100][loss_conf: 3.01][loss_obj: 0.83][loss_act: 10.07][loss_rel: 4.61][loss_interact: 0.04][loss_box: 0.30][losses: 40.08][time: 27.63]
[Epoch: 3/13][Iter: 20/1903][lr: 0.000100][loss_conf: 2.93][loss_obj: 0.88][loss_act: 10.30][loss_rel: 5.21][loss_interact: 0.02][loss_box: 0.30][losses: 41.64][time: 49.07]
[Epoch: 3/13][Iter: 30/1903][lr: 0.000100][loss_conf: 3.02][loss_obj: 0.72][loss_act: 10.71][loss_rel: 4.74][loss_interact: 0.03][loss_box: 0.29][losses: 41.38][time: 58.44]
[Epoch: 3/13][Iter: 40/1903][lr: 0.000100][loss_conf: 2.99][loss_obj: 0.80][loss_act: 10.09][loss_rel: 4.71][loss_interact: 0.03][loss_box: 0.29][losses: 40.18][time: 49.40]
[Epoch: 3/13][Iter: 50/1903][lr: 0.000100][loss_conf: 2.97][loss_obj: 0.90][loss_act: 11.08][loss_rel: 4.99][loss_interact: 0.03][loss_box: 0.29][losses: 42.87][time: 58.68]
[Epoch: 3/13][Iter: 60/1903][lr: 0.000100][loss_conf: 3.00][loss_obj: 0.79][loss_act: 11.44][loss_rel: 4.94][loss_interact: 0.03][loss_box: 0.29][losses: 43.34][time: 50.22]
[Epoch: 3/13][Iter: 70/1903][lr: 0.000100][loss_conf: 3.03][loss_obj: 0.90][loss_act: 11.79][loss_rel: 5.24][loss_interact: 0.04][loss_box: 0.30][losses: 44.97][time: 58.96]
[Epoch: 3/13][Iter: 80/1903][lr: 0.000100][loss_conf: 3.01][loss_obj: 0.89][loss_act: 12.14][loss_rel: 4.79][loss_interact: 0.02][loss_box: 0.30][losses: 44.70][time: 49.65]
[Epoch: 3/13][Iter: 90/1903][lr: 0.000100][loss_conf: 2.93][loss_obj: 0.79][loss_act: 10.20][loss_rel: 4.79][loss_interact: 0.02][loss_box: 0.30][losses: 40.45][time: 60.35]
[Epoch: 3/13][Iter: 100/1903][lr: 0.000100][loss_conf: 2.99][loss_obj: 0.73][loss_act: 10.97][loss_rel: 5.06][loss_interact: 0.02][loss_box: 0.30][losses: 42.51][time: 49.67]
[Epoch: 3/13][Iter: 110/1903][lr: 0.000100][loss_conf: 2.87][loss_obj: 0.82][loss_act: 10.77][loss_rel: 4.83][loss_interact: 0.03][loss_box: 0.30][losses: 41.66][time: 59.47]
[Epoch: 3/13][Iter: 120/1903][lr: 0.000100][loss_conf: 2.92][loss_obj: 0.80][loss_act: 9.93][loss_rel: 4.76][loss_interact: 0.02][loss_box: 0.29][losses: 39.74][time: 50.16]
[Epoch: 3/13][Iter: 130/1903][lr: 0.000100][loss_conf: 2.96][loss_obj: 0.80][loss_act: 11.16][loss_rel: 4.96][loss_interact: 0.02][loss_box: 0.29][losses: 42.71][time: 58.77]
[Epoch: 3/13][Iter: 140/1903][lr: 0.000100][loss_conf: 3.19][loss_obj: 0.93][loss_act: 10.91][loss_rel: 5.09][loss_interact: 0.04][loss_box: 0.32][losses: 43.50][time: 50.80]
[Epoch: 3/13][Iter: 150/1903][lr: 0.000100][loss_conf: 2.95][loss_obj: 0.69][loss_act: 11.04][loss_rel: 4.81][loss_interact: 0.02][loss_box: 0.29][losses: 41.87][time: 58.40]
[Epoch: 3/13][Iter: 160/1903][lr: 0.000100][loss_conf: 3.03][loss_obj: 0.81][loss_act: 11.24][loss_rel: 5.07][loss_interact: 0.02][loss_box: 0.29][losses: 43.29][time: 51.75]
[Epoch: 3/13][Iter: 170/1903][lr: 0.000100][loss_conf: 3.04][loss_obj: 0.83][loss_act: 11.86][loss_rel: 4.80][loss_interact: 0.02][loss_box: 0.29][losses: 44.00][time: 58.27]
[Epoch: 3/13][Iter: 180/1903][lr: 0.000100][loss_conf: 3.04][loss_obj: 0.82][loss_act: 10.62][loss_rel: 5.08][loss_interact: 0.05][loss_box: 0.31][losses: 42.32][time: 51.92]
[Epoch: 3/13][Iter: 190/1903][lr: 0.000100][loss_conf: 3.02][loss_obj: 0.78][loss_act: 10.27][loss_rel: 5.07][loss_interact: 0.02][loss_box: 0.29][losses: 41.26][time: 56.97]
[Epoch: 3/13][Iter: 200/1903][lr: 0.000100][loss_conf: 3.07][loss_obj: 0.89][loss_act: 10.33][loss_rel: 4.87][loss_interact: 0.02][loss_box: 0.30][losses: 41.37][time: 51.52]
[Epoch: 3/13][Iter: 210/1903][lr: 0.000100][loss_conf: 2.99][loss_obj: 0.77][loss_act: 10.25][loss_rel: 4.62][loss_interact: 0.02][loss_box: 0.29][losses: 40.22][time: 57.75]
[Epoch: 3/13][Iter: 220/1903][lr: 0.000100][loss_conf: 2.97][loss_obj: 0.74][loss_act: 10.69][loss_rel: 4.74][loss_interact: 0.01][loss_box: 0.30][losses: 41.34][time: 51.83]
[Epoch: 3/13][Iter: 230/1903][lr: 0.000100][loss_conf: 2.97][loss_obj: 0.82][loss_act: 9.77][loss_rel: 4.71][loss_interact: 0.02][loss_box: 0.30][losses: 39.53][time: 57.73]
[Epoch: 3/13][Iter: 240/1903][lr: 0.000100][loss_conf: 2.89][loss_obj: 0.80][loss_act: 10.76][loss_rel: 5.09][loss_interact: 0.01][loss_box: 0.29][losses: 42.01][time: 52.77]
[Epoch: 3/13][Iter: 250/1903][lr: 0.000100][loss_conf: 2.96][loss_obj: 0.78][loss_act: 11.17][loss_rel: 4.71][loss_interact: 0.01][loss_box: 0.30][losses: 42.28][time: 57.56]
[Epoch: 3/13][Iter: 260/1903][lr: 0.000100][loss_conf: 2.88][loss_obj: 0.72][loss_act: 10.56][loss_rel: 4.91][loss_interact: 0.02][loss_box: 0.30][losses: 41.15][time: 52.52]
[Epoch: 3/13][Iter: 270/1903][lr: 0.000100][loss_conf: 2.97][loss_obj: 0.82][loss_act: 10.90][loss_rel: 4.84][loss_interact: 0.02][loss_box: 0.31][losses: 42.15][time: 56.81]
[Epoch: 3/13][Iter: 280/1903][lr: 0.000100][loss_conf: 2.97][loss_obj: 0.86][loss_act: 11.71][loss_rel: 5.05][loss_interact: 0.01][loss_box: 0.30][losses: 44.25][time: 77.94]
[Epoch: 3/13][Iter: 290/1903][lr: 0.000100][loss_conf: 2.94][loss_obj: 0.76][loss_act: 11.00][loss_rel: 4.95][loss_interact: 0.01][loss_box: 0.30][losses: 42.30][time: 56.10]
[Epoch: 3/13][Iter: 300/1903][lr: 0.000100][loss_conf: 2.98][loss_obj: 0.80][loss_act: 10.45][loss_rel: 4.59][loss_interact: 0.02][loss_box: 0.29][losses: 40.59][time: 53.91]
[Epoch: 3/13][Iter: 310/1903][lr: 0.000100][loss_conf: 2.93][loss_obj: 0.79][loss_act: 10.64][loss_rel: 4.97][loss_interact: 0.01][loss_box: 0.30][losses: 41.65][time: 56.98]
[Epoch: 3/13][Iter: 320/1903][lr: 0.000100][loss_conf: 2.92][loss_obj: 0.78][loss_act: 10.71][loss_rel: 4.89][loss_interact: 0.02][loss_box: 0.29][losses: 41.58][time: 53.97]
[Epoch: 3/13][Iter: 330/1903][lr: 0.000100][loss_conf: 2.94][loss_obj: 0.88][loss_act: 10.75][loss_rel: 5.07][loss_interact: 0.02][loss_box: 0.31][losses: 42.42][time: 57.07]
[Epoch: 3/13][Iter: 340/1903][lr: 0.000100][loss_conf: 2.84][loss_obj: 0.85][loss_act: 9.67][loss_rel: 4.60][loss_interact: 0.02][loss_box: 0.29][losses: 38.90][time: 54.76]
[Epoch: 3/13][Iter: 350/1903][lr: 0.000100][loss_conf: 3.10][loss_obj: 0.83][loss_act: 11.40][loss_rel: 4.51][loss_interact: 0.02][loss_box: 0.31][losses: 42.78][time: 56.78]
[Epoch: 3/13][Iter: 360/1903][lr: 0.000100][loss_conf: 2.99][loss_obj: 0.78][loss_act: 10.30][loss_rel: 5.24][loss_interact: 0.01][loss_box: 0.29][losses: 41.57][time: 53.97]
[Epoch: 3/13][Iter: 370/1903][lr: 0.000100][loss_conf: 3.04][loss_obj: 0.76][loss_act: 11.13][loss_rel: 4.92][loss_interact: 0.02][loss_box: 0.29][losses: 42.61][time: 58.04]
[Epoch: 3/13][Iter: 380/1903][lr: 0.000100][loss_conf: 2.93][loss_obj: 0.79][loss_act: 10.06][loss_rel: 4.83][loss_interact: 0.03][loss_box: 0.29][losses: 40.14][time: 53.24]
[Epoch: 3/13][Iter: 390/1903][lr: 0.000100][loss_conf: 2.84][loss_obj: 0.80][loss_act: 11.41][loss_rel: 4.88][loss_interact: 0.02][loss_box: 0.30][losses: 42.91][time: 56.79]
[Epoch: 3/13][Iter: 400/1903][lr: 0.000100][loss_conf: 2.93][loss_obj: 0.92][loss_act: 10.40][loss_rel: 4.81][loss_interact: 0.02][loss_box: 0.30][losses: 41.14][time: 54.49]
[Epoch: 3/13][Iter: 410/1903][lr: 0.000100][loss_conf: 2.93][loss_obj: 0.73][loss_act: 9.63][loss_rel: 4.74][loss_interact: 0.02][loss_box: 0.30][losses: 39.12][time: 57.73]
[Epoch: 3/13][Iter: 420/1903][lr: 0.000100][loss_conf: 2.92][loss_obj: 0.78][loss_act: 10.40][loss_rel: 4.59][loss_interact: 0.01][loss_box: 0.29][losses: 40.27][time: 54.30]
[Epoch: 3/13][Iter: 430/1903][lr: 0.000100][loss_conf: 2.85][loss_obj: 0.80][loss_act: 11.15][loss_rel: 4.66][loss_interact: 0.01][loss_box: 0.30][losses: 41.93][time: 57.82]
[Epoch: 3/13][Iter: 440/1903][lr: 0.000100][loss_conf: 2.95][loss_obj: 0.85][loss_act: 11.34][loss_rel: 5.02][loss_interact: 0.03][loss_box: 0.29][losses: 43.27][time: 53.51]
[Epoch: 3/13][Iter: 450/1903][lr: 0.000100][loss_conf: 2.82][loss_obj: 0.81][loss_act: 11.05][loss_rel: 4.66][loss_interact: 0.01][loss_box: 0.29][losses: 41.57][time: 58.53]
[Epoch: 3/13][Iter: 460/1903][lr: 0.000100][loss_conf: 2.93][loss_obj: 0.86][loss_act: 10.20][loss_rel: 4.86][loss_interact: 0.02][loss_box: 0.30][losses: 40.75][time: 55.75]
[Epoch: 3/13][Iter: 470/1903][lr: 0.000100][loss_conf: 3.00][loss_obj: 0.87][loss_act: 10.92][loss_rel: 4.93][loss_interact: 0.02][loss_box: 0.29][losses: 42.42][time: 57.11]
[Epoch: 3/13][Iter: 480/1903][lr: 0.000100][loss_conf: 2.93][loss_obj: 0.83][loss_act: 11.02][loss_rel: 4.92][loss_interact: 0.01][loss_box: 0.29][losses: 42.37][time: 55.26]
[Epoch: 3/13][Iter: 490/1903][lr: 0.000100][loss_conf: 2.88][loss_obj: 0.82][loss_act: 11.55][loss_rel: 4.87][loss_interact: 0.02][loss_box: 0.30][losses: 43.27][time: 56.94]
[Epoch: 3/13][Iter: 500/1903][lr: 0.000100][loss_conf: 3.04][loss_obj: 0.79][loss_act: 10.58][loss_rel: 4.99][loss_interact: 0.03][loss_box: 0.30][losses: 41.82][time: 56.01]
[Epoch: 3/13][Iter: 510/1903][lr: 0.000100][loss_conf: 3.01][loss_obj: 0.75][loss_act: 11.08][loss_rel: 4.78][loss_interact: 0.02][loss_box: 0.29][losses: 42.17][time: 57.22]
[Epoch: 3/13][Iter: 520/1903][lr: 0.000100][loss_conf: 3.02][loss_obj: 0.80][loss_act: 10.04][loss_rel: 4.86][loss_interact: 0.02][loss_box: 0.31][losses: 40.58][time: 54.57]
[Epoch: 3/13][Iter: 530/1903][lr: 0.000100][loss_conf: 2.96][loss_obj: 0.71][loss_act: 10.00][loss_rel: 5.14][loss_interact: 0.01][loss_box: 0.29][losses: 40.57][time: 57.22]
[Epoch: 3/13][Iter: 540/1903][lr: 0.000100][loss_conf: 2.94][loss_obj: 0.84][loss_act: 10.80][loss_rel: 5.26][loss_interact: 0.01][loss_box: 0.29][losses: 42.60][time: 54.96]
[Epoch: 3/13][Iter: 550/1903][lr: 0.000100][loss_conf: 2.95][loss_obj: 0.73][loss_act: 10.47][loss_rel: 4.72][loss_interact: 0.02][loss_box: 0.29][losses: 40.71][time: 57.79]
[Epoch: 3/13][Iter: 560/1903][lr: 0.000100][loss_conf: 2.98][loss_obj: 0.71][loss_act: 11.19][loss_rel: 4.62][loss_interact: 0.01][loss_box: 0.30][losses: 42.03][time: 55.30]
[Epoch: 3/13][Iter: 570/1903][lr: 0.000100][loss_conf: 2.84][loss_obj: 0.78][loss_act: 10.53][loss_rel: 4.61][loss_interact: 0.01][loss_box: 0.30][losses: 40.50][time: 57.03]
[Epoch: 3/13][Iter: 580/1903][lr: 0.000100][loss_conf: 2.93][loss_obj: 0.81][loss_act: 10.16][loss_rel: 4.74][loss_interact: 0.01][loss_box: 0.30][losses: 40.37][time: 54.08]
[Epoch: 3/13][Iter: 590/1903][lr: 0.000100][loss_conf: 2.93][loss_obj: 0.73][loss_act: 10.01][loss_rel: 4.73][loss_interact: 0.01][loss_box: 0.29][losses: 39.77][time: 57.96]
[Epoch: 3/13][Iter: 600/1903][lr: 0.000100][loss_conf: 2.87][loss_obj: 0.72][loss_act: 10.58][loss_rel: 4.80][loss_interact: 0.02][loss_box: 0.30][losses: 40.97][time: 54.27]
[Epoch: 3/13][Iter: 610/1903][lr: 0.000100][loss_conf: 2.93][loss_obj: 0.73][loss_act: 10.02][loss_rel: 5.18][loss_interact: 0.01][loss_box: 0.29][losses: 40.65][time: 58.55]
[Epoch: 3/13][Iter: 620/1903][lr: 0.000100][loss_conf: 2.91][loss_obj: 0.80][loss_act: 9.67][loss_rel: 4.84][loss_interact: 0.01][loss_box: 0.29][losses: 39.32][time: 54.08]
[Epoch: 3/13][Iter: 630/1903][lr: 0.000100][loss_conf: 3.03][loss_obj: 0.77][loss_act: 10.89][loss_rel: 4.91][loss_interact: 0.02][loss_box: 0.29][losses: 42.11][time: 57.60]
[Epoch: 3/13][Iter: 640/1903][lr: 0.000100][loss_conf: 2.92][loss_obj: 0.83][loss_act: 11.08][loss_rel: 4.84][loss_interact: 0.01][loss_box: 0.29][losses: 42.26][time: 55.10]
[Epoch: 3/13][Iter: 650/1903][lr: 0.000100][loss_conf: 2.97][loss_obj: 0.84][loss_act: 10.40][loss_rel: 5.06][loss_interact: 0.01][loss_box: 0.29][losses: 41.52][time: 56.96]
[Epoch: 3/13][Iter: 660/1903][lr: 0.000100][loss_conf: 2.97][loss_obj: 0.76][loss_act: 9.90][loss_rel: 4.95][loss_interact: 0.01][loss_box: 0.30][losses: 40.16][time: 55.28]
[Epoch: 3/13][Iter: 670/1903][lr: 0.000100][loss_conf: 2.90][loss_obj: 0.84][loss_act: 11.23][loss_rel: 5.04][loss_interact: 0.01][loss_box: 0.30][losses: 43.06][time: 57.04]
[Epoch: 3/13][Iter: 680/1903][lr: 0.000100][loss_conf: 2.92][loss_obj: 0.78][loss_act: 10.92][loss_rel: 4.67][loss_interact: 0.02][loss_box: 0.29][losses: 41.58][time: 55.89]
[Epoch: 3/13][Iter: 690/1903][lr: 0.000100][loss_conf: 3.01][loss_obj: 0.80][loss_act: 11.74][loss_rel: 4.64][loss_interact: 0.02][loss_box: 0.30][losses: 43.45][time: 55.70]
[Epoch: 3/13][Iter: 700/1903][lr: 0.000100][loss_conf: 2.91][loss_obj: 0.82][loss_act: 10.50][loss_rel: 4.94][loss_interact: 0.02][loss_box: 0.30][losses: 41.38][time: 55.83]
[Epoch: 3/13][Iter: 710/1903][lr: 0.000100][loss_conf: 3.00][loss_obj: 0.81][loss_act: 10.06][loss_rel: 5.18][loss_interact: 0.01][loss_box: 0.30][losses: 41.10][time: 55.99]
[Epoch: 3/13][Iter: 720/1903][lr: 0.000100][loss_conf: 2.93][loss_obj: 0.85][loss_act: 11.01][loss_rel: 4.66][loss_interact: 0.01][loss_box: 0.30][losses: 41.91][time: 56.89]
[Epoch: 3/13][Iter: 730/1903][lr: 0.000100][loss_conf: 2.87][loss_obj: 0.74][loss_act: 9.94][loss_rel: 4.81][loss_interact: 0.01][loss_box: 0.29][losses: 39.67][time: 56.90]
[Epoch: 3/13][Iter: 740/1903][lr: 0.000100][loss_conf: 2.93][loss_obj: 0.83][loss_act: 10.78][loss_rel: 5.15][loss_interact: 0.01][loss_box: 0.30][losses: 42.37][time: 55.51]
[Epoch: 3/13][Iter: 750/1903][lr: 0.000100][loss_conf: 2.85][loss_obj: 0.66][loss_act: 10.50][loss_rel: 5.42][loss_interact: 0.01][loss_box: 0.30][losses: 41.85][time: 55.64]
[Epoch: 3/13][Iter: 760/1903][lr: 0.000100][loss_conf: 2.88][loss_obj: 0.84][loss_act: 10.16][loss_rel: 4.83][loss_interact: 0.01][loss_box: 0.30][losses: 40.41][time: 57.20]
[Epoch: 3/13][Iter: 770/1903][lr: 0.000100][loss_conf: 2.95][loss_obj: 0.83][loss_act: 11.45][loss_rel: 4.93][loss_interact: 0.01][loss_box: 0.29][losses: 43.22][time: 54.18]
[Epoch: 3/13][Iter: 780/1903][lr: 0.000100][loss_conf: 3.01][loss_obj: 0.85][loss_act: 10.12][loss_rel: 4.86][loss_interact: 0.01][loss_box: 0.29][losses: 40.65][time: 57.42]
[Epoch: 3/13][Iter: 790/1903][lr: 0.000100][loss_conf: 2.86][loss_obj: 0.67][loss_act: 10.48][loss_rel: 4.85][loss_interact: 0.01][loss_box: 0.28][losses: 40.54][time: 54.38]
[Epoch: 3/13][Iter: 800/1903][lr: 0.000100][loss_conf: 2.90][loss_obj: 0.65][loss_act: 9.72][loss_rel: 4.77][loss_interact: 0.02][loss_box: 0.29][losses: 39.04][time: 56.98]
[Epoch: 3/13][Iter: 810/1903][lr: 0.000100][loss_conf: 2.93][loss_obj: 0.79][loss_act: 10.92][loss_rel: 4.84][loss_interact: 0.01][loss_box: 0.28][losses: 41.82][time: 54.64]
[Epoch: 3/13][Iter: 820/1903][lr: 0.000100][loss_conf: 2.93][loss_obj: 0.75][loss_act: 10.23][loss_rel: 4.77][loss_interact: 0.01][loss_box: 0.29][losses: 40.30][time: 56.74]
[Epoch: 3/13][Iter: 830/1903][lr: 0.000100][loss_conf: 3.00][loss_obj: 0.78][loss_act: 10.03][loss_rel: 4.70][loss_interact: 0.01][loss_box: 0.31][losses: 40.14][time: 55.07]
[Epoch: 3/13][Iter: 840/1903][lr: 0.000100][loss_conf: 3.03][loss_obj: 0.76][loss_act: 11.17][loss_rel: 5.05][loss_interact: 0.01][loss_box: 0.30][losses: 43.07][time: 57.58]
[Epoch: 3/13][Iter: 850/1903][lr: 0.000100][loss_conf: 3.01][loss_obj: 0.78][loss_act: 10.62][loss_rel: 5.00][loss_interact: 0.01][loss_box: 0.29][losses: 41.78][time: 55.18]
[Epoch: 3/13][Iter: 860/1903][lr: 0.000100][loss_conf: 2.91][loss_obj: 0.78][loss_act: 10.83][loss_rel: 4.63][loss_interact: 0.01][loss_box: 0.29][losses: 41.23][time: 57.12]
[Epoch: 3/13][Iter: 870/1903][lr: 0.000100][loss_conf: 2.85][loss_obj: 0.80][loss_act: 11.15][loss_rel: 4.86][loss_interact: 0.01][loss_box: 0.30][losses: 42.31][time: 55.97]
[Epoch: 3/13][Iter: 880/1903][lr: 0.000100][loss_conf: 2.86][loss_obj: 0.80][loss_act: 10.50][loss_rel: 4.44][loss_interact: 0.01][loss_box: 0.29][losses: 40.14][time: 54.75]
[Epoch: 3/13][Iter: 890/1903][lr: 0.000100][loss_conf: 2.91][loss_obj: 0.77][loss_act: 9.27][loss_rel: 4.61][loss_interact: 0.01][loss_box: 0.29][losses: 38.04][time: 56.94]
[Epoch: 3/13][Iter: 900/1903][lr: 0.000100][loss_conf: 2.97][loss_obj: 0.82][loss_act: 11.18][loss_rel: 5.14][loss_interact: 0.01][loss_box: 0.30][losses: 43.18][time: 54.56]
[Epoch: 3/13][Iter: 910/1903][lr: 0.000100][loss_conf: 2.93][loss_obj: 0.78][loss_act: 10.03][loss_rel: 5.36][loss_interact: 0.01][loss_box: 0.29][losses: 41.16][time: 57.80]
[Epoch: 3/13][Iter: 920/1903][lr: 0.000100][loss_conf: 3.01][loss_obj: 0.71][loss_act: 10.96][loss_rel: 4.94][loss_interact: 0.01][loss_box: 0.29][losses: 42.17][time: 55.03]
[Epoch: 3/13][Iter: 930/1903][lr: 0.000100][loss_conf: 2.93][loss_obj: 0.76][loss_act: 11.00][loss_rel: 5.04][loss_interact: 0.01][loss_box: 0.29][losses: 42.36][time: 57.08]
[Epoch: 3/13][Iter: 940/1903][lr: 0.000100][loss_conf: 2.88][loss_obj: 0.68][loss_act: 11.05][loss_rel: 4.79][loss_interact: 0.01][loss_box: 0.28][losses: 41.65][time: 55.64]
[Epoch: 3/13][Iter: 950/1903][lr: 0.000100][loss_conf: 2.98][loss_obj: 0.75][loss_act: 10.42][loss_rel: 4.47][loss_interact: 0.01][loss_box: 0.30][losses: 40.27][time: 56.02]
[Epoch: 3/13][Iter: 960/1903][lr: 0.000100][loss_conf: 2.78][loss_obj: 0.76][loss_act: 10.28][loss_rel: 4.75][loss_interact: 0.01][loss_box: 0.29][losses: 40.03][time: 56.06]
[Epoch: 3/13][Iter: 970/1903][lr: 0.000100][loss_conf: 2.99][loss_obj: 0.77][loss_act: 10.55][loss_rel: 5.01][loss_interact: 0.00][loss_box: 0.30][losses: 41.66][time: 55.97]
[Epoch: 3/13][Iter: 980/1903][lr: 0.000100][loss_conf: 3.01][loss_obj: 0.70][loss_act: 10.33][loss_rel: 4.58][loss_interact: 0.01][loss_box: 0.29][losses: 40.12][time: 56.83]
[Epoch: 3/13][Iter: 990/1903][lr: 0.000100][loss_conf: 2.99][loss_obj: 0.81][loss_act: 10.57][loss_rel: 5.13][loss_interact: 0.01][loss_box: 0.31][losses: 42.13][time: 55.55]
[Epoch: 3/13][Iter: 1000/1903][lr: 0.000100][loss_conf: 2.90][loss_obj: 0.75][loss_act: 9.87][loss_rel: 4.88][loss_interact: 0.01][loss_box: 0.29][losses: 39.75][time: 56.37]
[Epoch: 3/13][Iter: 1010/1903][lr: 0.000100][loss_conf: 2.91][loss_obj: 0.74][loss_act: 9.86][loss_rel: 4.75][loss_interact: 0.01][loss_box: 0.29][losses: 39.43][time: 56.52]
[Epoch: 3/13][Iter: 1020/1903][lr: 0.000100][loss_conf: 2.92][loss_obj: 0.79][loss_act: 10.79][loss_rel: 4.90][loss_interact: 0.01][loss_box: 0.29][losses: 41.67][time: 56.41]
[Epoch: 3/13][Iter: 1030/1903][lr: 0.000100][loss_conf: 2.89][loss_obj: 0.79][loss_act: 11.40][loss_rel: 5.12][loss_interact: 0.01][loss_box: 0.30][losses: 43.41][time: 55.62]
[Epoch: 3/13][Iter: 1040/1903][lr: 0.000100][loss_conf: 2.93][loss_obj: 0.80][loss_act: 10.97][loss_rel: 4.57][loss_interact: 0.02][loss_box: 0.30][losses: 41.54][time: 55.75]
[Epoch: 3/13][Iter: 1050/1903][lr: 0.000100][loss_conf: 3.02][loss_obj: 0.80][loss_act: 9.55][loss_rel: 4.75][loss_interact: 0.02][loss_box: 0.29][losses: 39.20][time: 56.91]
[Epoch: 3/13][Iter: 1060/1903][lr: 0.000100][loss_conf: 2.89][loss_obj: 0.81][loss_act: 10.07][loss_rel: 4.81][loss_interact: 0.01][loss_box: 0.29][losses: 40.09][time: 55.63]
[Epoch: 3/13][Iter: 1070/1903][lr: 0.000100][loss_conf: 2.85][loss_obj: 0.69][loss_act: 9.60][loss_rel: 4.92][loss_interact: 0.00][loss_box: 0.29][losses: 39.00][time: 56.92]
[Epoch: 3/13][Iter: 1080/1903][lr: 0.000100][loss_conf: 3.07][loss_obj: 0.72][loss_act: 9.85][loss_rel: 4.69][loss_interact: 0.01][loss_box: 0.30][losses: 39.69][time: 54.75]
[Epoch: 3/13][Iter: 1090/1903][lr: 0.000100][loss_conf: 2.92][loss_obj: 0.76][loss_act: 11.30][loss_rel: 4.84][loss_interact: 0.00][loss_box: 0.28][losses: 42.46][time: 56.62]
[Epoch: 3/13][Iter: 1100/1903][lr: 0.000100][loss_conf: 2.84][loss_obj: 0.72][loss_act: 10.23][loss_rel: 4.87][loss_interact: 0.01][loss_box: 0.30][losses: 40.31][time: 55.16]
[Epoch: 3/13][Iter: 1110/1903][lr: 0.000100][loss_conf: 2.92][loss_obj: 0.82][loss_act: 10.83][loss_rel: 4.80][loss_interact: 0.01][loss_box: 0.29][losses: 41.66][time: 57.11]
[Epoch: 3/13][Iter: 1120/1903][lr: 0.000100][loss_conf: 2.97][loss_obj: 0.80][loss_act: 9.91][loss_rel: 4.79][loss_interact: 0.02][loss_box: 0.29][losses: 39.89][time: 54.82]
[Epoch: 3/13][Iter: 1130/1903][lr: 0.000100][loss_conf: 2.88][loss_obj: 0.77][loss_act: 10.66][loss_rel: 4.54][loss_interact: 0.02][loss_box: 0.30][losses: 40.73][time: 57.14]
[Epoch: 3/13][Iter: 1140/1903][lr: 0.000100][loss_conf: 2.87][loss_obj: 0.80][loss_act: 10.56][loss_rel: 4.91][loss_interact: 0.01][loss_box: 0.29][losses: 41.26][time: 55.36]
[Epoch: 3/13][Iter: 1150/1903][lr: 0.000100][loss_conf: 2.99][loss_obj: 0.83][loss_act: 11.29][loss_rel: 5.17][loss_interact: 0.01][loss_box: 0.30][losses: 43.57][time: 57.09]
[Epoch: 3/13][Iter: 1160/1903][lr: 0.000100][loss_conf: 2.82][loss_obj: 0.82][loss_act: 10.24][loss_rel: 4.50][loss_interact: 0.01][loss_box: 0.28][losses: 39.65][time: 55.15]
[Epoch: 3/13][Iter: 1170/1903][lr: 0.000100][loss_conf: 2.87][loss_obj: 0.73][loss_act: 10.58][loss_rel: 4.77][loss_interact: 0.01][loss_box: 0.29][losses: 40.78][time: 56.56]
[Epoch: 3/13][Iter: 1180/1903][lr: 0.000100][loss_conf: 2.82][loss_obj: 0.79][loss_act: 10.30][loss_rel: 4.69][loss_interact: 0.01][loss_box: 0.29][losses: 40.11][time: 55.82]
[Epoch: 3/13][Iter: 1190/1903][lr: 0.000100][loss_conf: 2.90][loss_obj: 0.73][loss_act: 10.38][loss_rel: 4.82][loss_interact: 0.01][loss_box: 0.29][losses: 40.60][time: 55.16]
[Epoch: 3/13][Iter: 1200/1903][lr: 0.000100][loss_conf: 3.00][loss_obj: 0.68][loss_act: 10.76][loss_rel: 4.74][loss_interact: 0.01][loss_box: 0.30][losses: 41.37][time: 56.45]
[Epoch: 3/13][Iter: 1210/1903][lr: 0.000100][loss_conf: 2.89][loss_obj: 0.82][loss_act: 10.15][loss_rel: 5.02][loss_interact: 0.01][loss_box: 0.29][losses: 40.71][time: 54.73]
[Epoch: 3/13][Iter: 1220/1903][lr: 0.000100][loss_conf: 2.86][loss_obj: 0.78][loss_act: 11.32][loss_rel: 4.67][loss_interact: 0.01][loss_box: 0.29][losses: 42.21][time: 57.19]
[Epoch: 3/13][Iter: 1230/1903][lr: 0.000100][loss_conf: 2.96][loss_obj: 0.85][loss_act: 10.70][loss_rel: 4.86][loss_interact: 0.01][loss_box: 0.30][losses: 41.71][time: 55.41]
[Epoch: 3/13][Iter: 1240/1903][lr: 0.000100][loss_conf: 2.88][loss_obj: 0.80][loss_act: 10.13][loss_rel: 4.85][loss_interact: 0.01][loss_box: 0.30][losses: 40.28][time: 56.56]
[Epoch: 3/13][Iter: 1250/1903][lr: 0.000100][loss_conf: 2.94][loss_obj: 0.70][loss_act: 10.26][loss_rel: 4.56][loss_interact: 0.01][loss_box: 0.30][losses: 39.90][time: 56.04]
[Epoch: 3/13][Iter: 1260/1903][lr: 0.000100][loss_conf: 2.95][loss_obj: 0.65][loss_act: 9.94][loss_rel: 4.69][loss_interact: 0.02][loss_box: 0.30][losses: 39.49][time: 55.66]
[Epoch: 3/13][Iter: 1270/1903][lr: 0.000100][loss_conf: 2.84][loss_obj: 0.78][loss_act: 10.25][loss_rel: 4.66][loss_interact: 0.01][loss_box: 0.31][losses: 40.15][time: 55.06]
[Epoch: 3/13][Iter: 1280/1903][lr: 0.000100][loss_conf: 2.82][loss_obj: 0.67][loss_act: 10.15][loss_rel: 4.31][loss_interact: 0.01][loss_box: 0.27][losses: 38.62][time: 57.01]
[Epoch: 3/13][Iter: 1290/1903][lr: 0.000100][loss_conf: 2.89][loss_obj: 0.72][loss_act: 9.90][loss_rel: 5.16][loss_interact: 0.01][loss_box: 0.28][losses: 40.14][time: 54.39]
[Epoch: 3/13][Iter: 1300/1903][lr: 0.000100][loss_conf: 2.77][loss_obj: 0.69][loss_act: 10.26][loss_rel: 4.61][loss_interact: 0.01][loss_box: 0.29][losses: 39.53][time: 57.90]
[Epoch: 3/13][Iter: 1310/1903][lr: 0.000100][loss_conf: 2.80][loss_obj: 0.71][loss_act: 10.55][loss_rel: 4.56][loss_interact: 0.00][loss_box: 0.28][losses: 40.03][time: 54.57]
[Epoch: 3/13][Iter: 1320/1903][lr: 0.000100][loss_conf: 2.99][loss_obj: 0.70][loss_act: 10.95][loss_rel: 4.90][loss_interact: 0.01][loss_box: 0.28][losses: 41.93][time: 58.34]
[Epoch: 3/13][Iter: 1330/1903][lr: 0.000100][loss_conf: 2.90][loss_obj: 0.83][loss_act: 10.52][loss_rel: 4.72][loss_interact: 0.01][loss_box: 0.30][losses: 40.93][time: 53.77]
[Epoch: 3/13][Iter: 1340/1903][lr: 0.000100][loss_conf: 2.86][loss_obj: 0.70][loss_act: 10.04][loss_rel: 4.69][loss_interact: 0.01][loss_box: 0.29][losses: 39.50][time: 58.89]
[Epoch: 3/13][Iter: 1350/1903][lr: 0.000100][loss_conf: 2.82][loss_obj: 0.82][loss_act: 10.63][loss_rel: 4.62][loss_interact: 0.00][loss_box: 0.30][losses: 40.81][time: 53.46]
[Epoch: 3/13][Iter: 1360/1903][lr: 0.000100][loss_conf: 2.74][loss_obj: 0.75][loss_act: 10.41][loss_rel: 4.76][loss_interact: 0.00][loss_box: 0.28][losses: 40.14][time: 58.50]
[Epoch: 3/13][Iter: 1370/1903][lr: 0.000100][loss_conf: 2.98][loss_obj: 0.69][loss_act: 9.82][loss_rel: 4.53][loss_interact: 0.01][loss_box: 0.30][losses: 39.03][time: 53.52]
[Epoch: 3/13][Iter: 1380/1903][lr: 0.000100][loss_conf: 2.79][loss_obj: 0.77][loss_act: 9.94][loss_rel: 4.76][loss_interact: 0.01][loss_box: 0.29][losses: 39.44][time: 58.69]
[Epoch: 3/13][Iter: 1390/1903][lr: 0.000100][loss_conf: 2.92][loss_obj: 0.73][loss_act: 10.79][loss_rel: 5.10][loss_interact: 0.01][loss_box: 0.30][losses: 42.12][time: 54.23]
[Epoch: 3/13][Iter: 1400/1903][lr: 0.000100][loss_conf: 2.86][loss_obj: 0.74][loss_act: 10.72][loss_rel: 4.98][loss_interact: 0.02][loss_box: 0.28][losses: 41.46][time: 58.94]
[Epoch: 3/13][Iter: 1410/1903][lr: 0.000100][loss_conf: 2.88][loss_obj: 0.78][loss_act: 10.07][loss_rel: 4.49][loss_interact: 0.01][loss_box: 0.29][losses: 39.39][time: 54.96]
[Epoch: 3/13][Iter: 1420/1903][lr: 0.000100][loss_conf: 2.95][loss_obj: 0.77][loss_act: 9.84][loss_rel: 4.68][loss_interact: 0.00][loss_box: 0.29][losses: 39.41][time: 59.09]
[Epoch: 3/13][Iter: 1430/1903][lr: 0.000100][loss_conf: 2.87][loss_obj: 0.82][loss_act: 9.71][loss_rel: 4.77][loss_interact: 0.01][loss_box: 0.30][losses: 39.33][time: 54.55]
[Epoch: 3/13][Iter: 1440/1903][lr: 0.000100][loss_conf: 2.82][loss_obj: 0.71][loss_act: 10.21][loss_rel: 4.93][loss_interact: 0.01][loss_box: 0.29][losses: 40.25][time: 58.13]
[Epoch: 3/13][Iter: 1450/1903][lr: 0.000100][loss_conf: 2.91][loss_obj: 0.84][loss_act: 10.61][loss_rel: 4.71][loss_interact: 0.01][loss_box: 0.28][losses: 40.94][time: 55.70]
[Epoch: 3/13][Iter: 1460/1903][lr: 0.000100][loss_conf: 2.91][loss_obj: 0.72][loss_act: 10.38][loss_rel: 4.53][loss_interact: 0.01][loss_box: 0.28][losses: 39.91][time: 57.34]
[Epoch: 3/13][Iter: 1470/1903][lr: 0.000100][loss_conf: 3.02][loss_obj: 0.84][loss_act: 10.46][loss_rel: 4.96][loss_interact: 0.02][loss_box: 0.30][losses: 41.56][time: 55.10]
[Epoch: 3/13][Iter: 1480/1903][lr: 0.000100][loss_conf: 2.88][loss_obj: 0.73][loss_act: 10.60][loss_rel: 4.61][loss_interact: 0.01][loss_box: 0.29][losses: 40.60][time: 58.47]
[Epoch: 3/13][Iter: 1490/1903][lr: 0.000100][loss_conf: 2.98][loss_obj: 0.79][loss_act: 9.99][loss_rel: 4.79][loss_interact: 0.01][loss_box: 0.28][losses: 39.98][time: 54.54]
[Epoch: 3/13][Iter: 1500/1903][lr: 0.000100][loss_conf: 2.86][loss_obj: 0.75][loss_act: 10.15][loss_rel: 4.70][loss_interact: 0.01][loss_box: 0.29][losses: 39.85][time: 58.36]
[Epoch: 3/13][Iter: 1510/1903][lr: 0.000100][loss_conf: 2.86][loss_obj: 0.69][loss_act: 9.79][loss_rel: 4.77][loss_interact: 0.00][loss_box: 0.29][losses: 39.16][time: 53.95]
[Epoch: 3/13][Iter: 1520/1903][lr: 0.000100][loss_conf: 2.86][loss_obj: 0.67][loss_act: 10.44][loss_rel: 4.47][loss_interact: 0.01][loss_box: 0.30][losses: 39.86][time: 59.38]
[Epoch: 3/13][Iter: 1530/1903][lr: 0.000100][loss_conf: 2.83][loss_obj: 0.74][loss_act: 10.68][loss_rel: 4.90][loss_interact: 0.01][loss_box: 0.30][losses: 41.32][time: 53.91]
[Epoch: 3/13][Iter: 1540/1903][lr: 0.000100][loss_conf: 2.94][loss_obj: 0.76][loss_act: 10.31][loss_rel: 4.65][loss_interact: 0.02][loss_box: 0.30][losses: 40.32][time: 58.10]
[Epoch: 3/13][Iter: 1550/1903][lr: 0.000100][loss_conf: 2.90][loss_obj: 0.74][loss_act: 10.85][loss_rel: 4.82][loss_interact: 0.01][loss_box: 0.29][losses: 41.52][time: 54.76]
[Epoch: 3/13][Iter: 1560/1903][lr: 0.000100][loss_conf: 2.96][loss_obj: 0.79][loss_act: 10.71][loss_rel: 4.77][loss_interact: 0.01][loss_box: 0.30][losses: 41.42][time: 58.54]
[Epoch: 3/13][Iter: 1570/1903][lr: 0.000100][loss_conf: 2.81][loss_obj: 0.70][loss_act: 9.76][loss_rel: 4.53][loss_interact: 0.00][loss_box: 0.28][losses: 38.42][time: 54.32]
[Epoch: 3/13][Iter: 1580/1903][lr: 0.000100][loss_conf: 2.81][loss_obj: 0.76][loss_act: 9.48][loss_rel: 4.64][loss_interact: 0.01][loss_box: 0.29][losses: 38.27][time: 57.65]
[Epoch: 3/13][Iter: 1590/1903][lr: 0.000100][loss_conf: 2.80][loss_obj: 0.73][loss_act: 10.28][loss_rel: 4.97][loss_interact: 0.01][loss_box: 0.29][losses: 40.54][time: 54.96]
[Epoch: 3/13][Iter: 1600/1903][lr: 0.000100][loss_conf: 2.82][loss_obj: 0.76][loss_act: 9.91][loss_rel: 4.35][loss_interact: 0.01][loss_box: 0.29][losses: 38.55][time: 58.08]
[Epoch: 3/13][Iter: 1610/1903][lr: 0.000100][loss_conf: 2.92][loss_obj: 0.75][loss_act: 10.82][loss_rel: 4.80][loss_interact: 0.01][loss_box: 0.28][losses: 41.44][time: 56.28]
[Epoch: 3/13][Iter: 1620/1903][lr: 0.000100][loss_conf: 2.90][loss_obj: 0.79][loss_act: 10.55][loss_rel: 4.97][loss_interact: 0.01][loss_box: 0.29][losses: 41.34][time: 56.87]
[Epoch: 3/13][Iter: 1630/1903][lr: 0.000100][loss_conf: 2.90][loss_obj: 0.81][loss_act: 10.95][loss_rel: 5.00][loss_interact: 0.01][loss_box: 0.29][losses: 42.26][time: 55.71]
[Epoch: 3/13][Iter: 1640/1903][lr: 0.000100][loss_conf: 2.86][loss_obj: 0.78][loss_act: 10.83][loss_rel: 4.68][loss_interact: 0.01][loss_box: 0.30][losses: 41.36][time: 57.27]
[Epoch: 3/13][Iter: 1650/1903][lr: 0.000100][loss_conf: 2.82][loss_obj: 0.72][loss_act: 10.40][loss_rel: 4.55][loss_interact: 0.00][loss_box: 0.29][losses: 39.84][time: 56.75]
[Epoch: 3/13][Iter: 1660/1903][lr: 0.000100][loss_conf: 2.81][loss_obj: 0.73][loss_act: 10.83][loss_rel: 4.42][loss_interact: 0.01][loss_box: 0.29][losses: 40.55][time: 56.89]
[Epoch: 3/13][Iter: 1670/1903][lr: 0.000100][loss_conf: 2.83][loss_obj: 0.73][loss_act: 9.44][loss_rel: 4.64][loss_interact: 0.01][loss_box: 0.29][losses: 38.16][time: 57.80]
[Epoch: 3/13][Iter: 1680/1903][lr: 0.000100][loss_conf: 2.89][loss_obj: 0.75][loss_act: 10.20][loss_rel: 5.21][loss_interact: 0.01][loss_box: 0.29][losses: 41.02][time: 55.11]
[Epoch: 3/13][Iter: 1690/1903][lr: 0.000100][loss_conf: 2.84][loss_obj: 0.76][loss_act: 10.17][loss_rel: 4.54][loss_interact: 0.00][loss_box: 0.30][losses: 39.61][time: 58.29]
[Epoch: 3/13][Iter: 1700/1903][lr: 0.000100][loss_conf: 2.84][loss_obj: 0.78][loss_act: 10.72][loss_rel: 4.88][loss_interact: 0.01][loss_box: 0.29][losses: 41.36][time: 54.68]
[Epoch: 3/13][Iter: 1710/1903][lr: 0.000100][loss_conf: 2.92][loss_obj: 0.85][loss_act: 11.37][loss_rel: 4.64][loss_interact: 0.01][loss_box: 0.29][losses: 42.48][time: 58.56]
[Epoch: 3/13][Iter: 1720/1903][lr: 0.000100][loss_conf: 2.90][loss_obj: 0.65][loss_act: 9.12][loss_rel: 4.57][loss_interact: 0.01][loss_box: 0.28][losses: 37.30][time: 55.62]
[Epoch: 3/13][Iter: 1730/1903][lr: 0.000100][loss_conf: 2.78][loss_obj: 0.71][loss_act: 9.36][loss_rel: 4.81][loss_interact: 0.00][loss_box: 0.29][losses: 38.25][time: 57.70]
[Epoch: 3/13][Iter: 1740/1903][lr: 0.000100][loss_conf: 2.85][loss_obj: 0.82][loss_act: 10.38][loss_rel: 4.97][loss_interact: 0.01][loss_box: 0.30][losses: 41.05][time: 55.81]
[Epoch: 3/13][Iter: 1750/1903][lr: 0.000100][loss_conf: 2.82][loss_obj: 0.73][loss_act: 9.75][loss_rel: 4.77][loss_interact: 0.02][loss_box: 0.29][losses: 39.02][time: 56.29]
[Epoch: 3/13][Iter: 1760/1903][lr: 0.000100][loss_conf: 2.83][loss_obj: 0.82][loss_act: 10.39][loss_rel: 4.67][loss_interact: 0.01][loss_box: 0.29][losses: 40.39][time: 55.94]
[Epoch: 3/13][Iter: 1770/1903][lr: 0.000100][loss_conf: 2.84][loss_obj: 0.76][loss_act: 9.79][loss_rel: 4.96][loss_interact: 0.01][loss_box: 0.30][losses: 39.66][time: 56.86]
[Epoch: 3/13][Iter: 1780/1903][lr: 0.000100][loss_conf: 2.79][loss_obj: 0.76][loss_act: 10.48][loss_rel: 4.48][loss_interact: 0.01][loss_box: 0.29][losses: 39.90][time: 56.73]
[Epoch: 3/13][Iter: 1790/1903][lr: 0.000100][loss_conf: 2.91][loss_obj: 0.80][loss_act: 10.69][loss_rel: 4.60][loss_interact: 0.01][loss_box: 0.30][losses: 41.03][time: 57.24]
[Epoch: 3/13][Iter: 1800/1903][lr: 0.000100][loss_conf: 2.79][loss_obj: 0.70][loss_act: 9.97][loss_rel: 5.07][loss_interact: 0.01][loss_box: 0.29][losses: 39.98][time: 55.85]
[Epoch: 3/13][Iter: 1810/1903][lr: 0.000100][loss_conf: 2.92][loss_obj: 0.72][loss_act: 10.41][loss_rel: 4.66][loss_interact: 0.00][loss_box: 0.30][losses: 40.40][time: 57.28]
[Epoch: 3/13][Iter: 1820/1903][lr: 0.000100][loss_conf: 2.78][loss_obj: 0.67][loss_act: 10.09][loss_rel: 4.66][loss_interact: 0.01][loss_box: 0.28][losses: 39.22][time: 56.93]
[Epoch: 3/13][Iter: 1830/1903][lr: 0.000100][loss_conf: 2.96][loss_obj: 0.69][loss_act: 9.76][loss_rel: 4.63][loss_interact: 0.01][loss_box: 0.29][losses: 38.95][time: 56.33]
[Epoch: 3/13][Iter: 1840/1903][lr: 0.000100][loss_conf: 2.80][loss_obj: 0.76][loss_act: 10.77][loss_rel: 4.89][loss_interact: 0.00][loss_box: 0.29][losses: 41.32][time: 56.90]
[Epoch: 3/13][Iter: 1850/1903][lr: 0.000100][loss_conf: 2.84][loss_obj: 0.77][loss_act: 10.79][loss_rel: 5.05][loss_interact: 0.01][loss_box: 0.29][losses: 41.84][time: 56.53]
[Epoch: 3/13][Iter: 1860/1903][lr: 0.000100][loss_conf: 2.85][loss_obj: 0.69][loss_act: 9.33][loss_rel: 4.62][loss_interact: 0.00][loss_box: 0.28][losses: 37.81][time: 57.02]
[Epoch: 3/13][Iter: 1870/1903][lr: 0.000100][loss_conf: 2.81][loss_obj: 0.78][loss_act: 10.74][loss_rel: 4.66][loss_interact: 0.01][loss_box: 0.29][losses: 40.94][time: 56.43]
[Epoch: 3/13][Iter: 1880/1903][lr: 0.000100][loss_conf: 2.88][loss_obj: 0.78][loss_act: 9.49][loss_rel: 4.56][loss_interact: 0.01][loss_box: 0.30][losses: 38.39][time: 56.41]
[Epoch: 3/13][Iter: 1890/1903][lr: 0.000100][loss_conf: 2.87][loss_obj: 0.75][loss_act: 10.12][loss_rel: 4.78][loss_interact: 0.01][loss_box: 0.29][losses: 39.99][time: 56.66]
[Epoch: 3/13][Iter: 1900/1903][lr: 0.000100][loss_conf: 2.94][loss_obj: 0.75][loss_act: 9.99][loss_rel: 4.68][loss_interact: 0.01][loss_box: 0.28][losses: 39.53][time: 55.35]
No evaluator ... save model and go on training.
Saving state, epoch: 3
[Epoch: 4/13][Iter: 0/1903][lr: 0.000100][loss_conf: 2.88][loss_obj: 0.80][loss_act: 10.38][loss_rel: 4.65][loss_interact: 0.01][loss_box: 0.29][losses: 40.34][time: 37.37]
[Epoch: 4/13][Iter: 10/1903][lr: 0.000100][loss_conf: 2.82][loss_obj: 0.67][loss_act: 10.30][loss_rel: 4.73][loss_interact: 0.01][loss_box: 0.29][losses: 39.95][time: 49.54]
[Epoch: 4/13][Iter: 20/1903][lr: 0.000100][loss_conf: 2.80][loss_obj: 0.73][loss_act: 10.23][loss_rel: 4.93][loss_interact: 0.01][loss_box: 0.30][losses: 40.38][time: 58.54]
[Epoch: 4/13][Iter: 30/1903][lr: 0.000100][loss_conf: 2.93][loss_obj: 0.75][loss_act: 9.79][loss_rel: 4.66][loss_interact: 0.02][loss_box: 0.28][losses: 39.11][time: 48.60]
[Epoch: 4/13][Iter: 40/1903][lr: 0.000100][loss_conf: 2.92][loss_obj: 0.69][loss_act: 9.90][loss_rel: 4.97][loss_interact: 0.00][loss_box: 0.29][losses: 39.88][time: 59.46]
[Epoch: 4/13][Iter: 50/1903][lr: 0.000100][loss_conf: 2.82][loss_obj: 0.67][loss_act: 10.55][loss_rel: 4.58][loss_interact: 0.01][loss_box: 0.29][losses: 40.20][time: 47.16]
[Epoch: 4/13][Iter: 60/1903][lr: 0.000100][loss_conf: 2.79][loss_obj: 0.78][loss_act: 9.97][loss_rel: 4.66][loss_interact: 0.00][loss_box: 0.30][losses: 39.41][time: 60.64]
[Epoch: 4/13][Iter: 70/1903][lr: 0.000100][loss_conf: 2.86][loss_obj: 0.74][loss_act: 10.24][loss_rel: 4.81][loss_interact: 0.01][loss_box: 0.28][losses: 40.16][time: 47.00]
[Epoch: 4/13][Iter: 80/1903][lr: 0.000100][loss_conf: 2.82][loss_obj: 0.67][loss_act: 10.25][loss_rel: 4.27][loss_interact: 0.01][loss_box: 0.27][losses: 38.73][time: 59.96]
[Epoch: 4/13][Iter: 90/1903][lr: 0.000100][loss_conf: 2.89][loss_obj: 0.74][loss_act: 9.90][loss_rel: 4.85][loss_interact: 0.01][loss_box: 0.30][losses: 39.76][time: 47.76]
[Epoch: 4/13][Iter: 100/1903][lr: 0.000100][loss_conf: 2.89][loss_obj: 0.77][loss_act: 10.24][loss_rel: 4.67][loss_interact: 0.01][loss_box: 0.28][losses: 40.01][time: 58.81]
[Epoch: 4/13][Iter: 110/1903][lr: 0.000100][loss_conf: 2.90][loss_obj: 0.75][loss_act: 10.30][loss_rel: 4.57][loss_interact: 0.00][loss_box: 0.29][losses: 39.99][time: 47.34]
[Epoch: 4/13][Iter: 120/1903][lr: 0.000100][loss_conf: 2.78][loss_obj: 0.73][loss_act: 10.28][loss_rel: 4.54][loss_interact: 0.00][loss_box: 0.29][losses: 39.51][time: 59.98]
[Epoch: 4/13][Iter: 130/1903][lr: 0.000100][loss_conf: 2.82][loss_obj: 0.68][loss_act: 10.65][loss_rel: 4.72][loss_interact: 0.01][loss_box: 0.29][losses: 40.69][time: 48.17]
[Epoch: 4/13][Iter: 140/1903][lr: 0.000100][loss_conf: 2.87][loss_obj: 0.70][loss_act: 10.01][loss_rel: 4.71][loss_interact: 0.00][loss_box: 0.28][losses: 39.42][time: 61.12]
[Epoch: 4/13][Iter: 150/1903][lr: 0.000100][loss_conf: 2.93][loss_obj: 0.73][loss_act: 9.69][loss_rel: 4.98][loss_interact: 0.00][loss_box: 0.29][losses: 39.61][time: 47.79]
[Epoch: 4/13][Iter: 160/1903][lr: 0.000100][loss_conf: 2.90][loss_obj: 0.68][loss_act: 9.56][loss_rel: 4.82][loss_interact: 0.01][loss_box: 0.28][losses: 38.75][time: 61.10]
[Epoch: 4/13][Iter: 170/1903][lr: 0.000100][loss_conf: 2.91][loss_obj: 0.69][loss_act: 9.74][loss_rel: 4.83][loss_interact: 0.01][loss_box: 0.28][losses: 39.16][time: 47.97]
[Epoch: 4/13][Iter: 180/1903][lr: 0.000100][loss_conf: 2.79][loss_obj: 0.69][loss_act: 9.45][loss_rel: 4.66][loss_interact: 0.00][loss_box: 0.28][losses: 38.00][time: 59.98]
[Epoch: 4/13][Iter: 190/1903][lr: 0.000100][loss_conf: 2.85][loss_obj: 0.75][loss_act: 10.39][loss_rel: 4.84][loss_interact: 0.01][loss_box: 0.29][losses: 40.54][time: 48.91]
[Epoch: 4/13][Iter: 200/1903][lr: 0.000100][loss_conf: 2.94][loss_obj: 0.75][loss_act: 9.99][loss_rel: 4.68][loss_interact: 0.02][loss_box: 0.28][losses: 39.60][time: 61.44]
[Epoch: 4/13][Iter: 210/1903][lr: 0.000100][loss_conf: 2.78][loss_obj: 0.72][loss_act: 9.77][loss_rel: 4.67][loss_interact: 0.01][loss_box: 0.29][losses: 38.81][time: 48.68]
[Epoch: 4/13][Iter: 220/1903][lr: 0.000100][loss_conf: 2.67][loss_obj: 0.77][loss_act: 9.26][loss_rel: 4.56][loss_interact: 0.00][loss_box: 0.29][losses: 37.42][time: 61.83]
[Epoch: 4/13][Iter: 230/1903][lr: 0.000100][loss_conf: 2.86][loss_obj: 0.84][loss_act: 10.70][loss_rel: 4.70][loss_interact: 0.00][loss_box: 0.30][losses: 41.17][time: 48.29]
[Epoch: 4/13][Iter: 240/1903][lr: 0.000100][loss_conf: 2.84][loss_obj: 0.71][loss_act: 10.28][loss_rel: 4.50][loss_interact: 0.01][loss_box: 0.29][losses: 39.58][time: 59.52]
[Epoch: 4/13][Iter: 250/1903][lr: 0.000100][loss_conf: 2.96][loss_obj: 0.74][loss_act: 10.98][loss_rel: 4.98][loss_interact: 0.02][loss_box: 0.28][losses: 42.17][time: 48.52]
[Epoch: 4/13][Iter: 260/1903][lr: 0.000100][loss_conf: 2.78][loss_obj: 0.72][loss_act: 10.20][loss_rel: 4.57][loss_interact: 0.01][loss_box: 0.28][losses: 39.41][time: 61.76]
[Epoch: 4/13][Iter: 270/1903][lr: 0.000100][loss_conf: 2.94][loss_obj: 0.73][loss_act: 10.01][loss_rel: 4.89][loss_interact: 0.00][loss_box: 0.28][losses: 39.95][time: 48.84]
[Epoch: 4/13][Iter: 280/1903][lr: 0.000100][loss_conf: 2.73][loss_obj: 0.72][loss_act: 9.71][loss_rel: 4.61][loss_interact: 0.00][loss_box: 0.29][losses: 38.46][time: 59.79]
[Epoch: 4/13][Iter: 290/1903][lr: 0.000100][loss_conf: 2.88][loss_obj: 0.73][loss_act: 10.32][loss_rel: 4.83][loss_interact: 0.00][loss_box: 0.29][losses: 40.48][time: 48.99]
[Epoch: 4/13][Iter: 300/1903][lr: 0.000100][loss_conf: 2.89][loss_obj: 0.72][loss_act: 10.29][loss_rel: 4.91][loss_interact: 0.01][loss_box: 0.29][losses: 40.51][time: 59.91]
[Epoch: 4/13][Iter: 310/1903][lr: 0.000100][loss_conf: 2.78][loss_obj: 0.66][loss_act: 10.02][loss_rel: 4.62][loss_interact: 0.00][loss_box: 0.28][losses: 38.99][time: 47.84]
[Epoch: 4/13][Iter: 320/1903][lr: 0.000100][loss_conf: 2.75][loss_obj: 0.71][loss_act: 9.41][loss_rel: 4.65][loss_interact: 0.01][loss_box: 0.29][losses: 37.93][time: 61.08]
[Epoch: 4/13][Iter: 330/1903][lr: 0.000100][loss_conf: 2.95][loss_obj: 0.73][loss_act: 10.32][loss_rel: 4.80][loss_interact: 0.01][loss_box: 0.29][losses: 40.49][time: 79.48]
[Epoch: 4/13][Iter: 340/1903][lr: 0.000100][loss_conf: 2.91][loss_obj: 0.80][loss_act: 10.22][loss_rel: 4.37][loss_interact: 0.00][loss_box: 0.29][losses: 39.47][time: 60.80]
[Epoch: 4/13][Iter: 350/1903][lr: 0.000100][loss_conf: 2.78][loss_obj: 0.71][loss_act: 10.22][loss_rel: 4.84][loss_interact: 0.01][loss_box: 0.28][losses: 39.95][time: 48.91]
[Epoch: 4/13][Iter: 360/1903][lr: 0.000100][loss_conf: 2.77][loss_obj: 0.69][loss_act: 9.91][loss_rel: 4.63][loss_interact: 0.01][loss_box: 0.28][losses: 38.85][time: 61.15]
[Epoch: 4/13][Iter: 370/1903][lr: 0.000100][loss_conf: 2.75][loss_obj: 0.80][loss_act: 10.11][loss_rel: 4.62][loss_interact: 0.00][loss_box: 0.29][losses: 39.47][time: 49.35]
[Epoch: 4/13][Iter: 380/1903][lr: 0.000100][loss_conf: 2.77][loss_obj: 0.78][loss_act: 9.47][loss_rel: 4.57][loss_interact: 0.00][loss_box: 0.29][losses: 38.11][time: 62.04]
[Epoch: 4/13][Iter: 390/1903][lr: 0.000100][loss_conf: 2.71][loss_obj: 0.71][loss_act: 9.56][loss_rel: 4.36][loss_interact: 0.00][loss_box: 0.30][losses: 37.64][time: 49.48]
[Epoch: 4/13][Iter: 400/1903][lr: 0.000100][loss_conf: 2.90][loss_obj: 0.64][loss_act: 10.02][loss_rel: 4.47][loss_interact: 0.01][loss_box: 0.29][losses: 38.95][time: 63.08]
[Epoch: 4/13][Iter: 410/1903][lr: 0.000100][loss_conf: 2.74][loss_obj: 0.78][loss_act: 10.07][loss_rel: 4.72][loss_interact: 0.00][loss_box: 0.29][losses: 39.51][time: 49.06]
[Epoch: 4/13][Iter: 420/1903][lr: 0.000100][loss_conf: 2.74][loss_obj: 0.66][loss_act: 9.64][loss_rel: 4.66][loss_interact: 0.01][loss_box: 0.28][losses: 38.24][time: 62.94]
[Epoch: 4/13][Iter: 430/1903][lr: 0.000100][loss_conf: 2.83][loss_obj: 0.72][loss_act: 9.22][loss_rel: 4.67][loss_interact: 0.01][loss_box: 0.28][losses: 37.69][time: 49.88]
[Epoch: 4/13][Iter: 440/1903][lr: 0.000100][loss_conf: 2.90][loss_obj: 0.78][loss_act: 10.15][loss_rel: 4.83][loss_interact: 0.01][loss_box: 0.28][losses: 40.17][time: 61.73]
[Epoch: 4/13][Iter: 450/1903][lr: 0.000100][loss_conf: 2.78][loss_obj: 0.68][loss_act: 9.72][loss_rel: 4.47][loss_interact: 0.01][loss_box: 0.27][losses: 38.05][time: 49.63]
[Epoch: 4/13][Iter: 460/1903][lr: 0.000100][loss_conf: 2.80][loss_obj: 0.76][loss_act: 9.78][loss_rel: 4.76][loss_interact: 0.01][loss_box: 0.29][losses: 39.09][time: 61.28]
[Epoch: 4/13][Iter: 470/1903][lr: 0.000100][loss_conf: 2.86][loss_obj: 0.72][loss_act: 10.36][loss_rel: 4.47][loss_interact: 0.00][loss_box: 0.28][losses: 39.64][time: 50.29]
[Epoch: 4/13][Iter: 480/1903][lr: 0.000100][loss_conf: 2.72][loss_obj: 0.71][loss_act: 10.18][loss_rel: 4.67][loss_interact: 0.01][loss_box: 0.28][losses: 39.42][time: 61.14]
[Epoch: 4/13][Iter: 490/1903][lr: 0.000100][loss_conf: 2.74][loss_obj: 0.72][loss_act: 9.51][loss_rel: 4.34][loss_interact: 0.01][loss_box: 0.28][losses: 37.49][time: 48.41]
[Epoch: 4/13][Iter: 500/1903][lr: 0.000100][loss_conf: 2.85][loss_obj: 0.75][loss_act: 10.01][loss_rel: 4.66][loss_interact: 0.00][loss_box: 0.29][losses: 39.39][time: 63.20]
[Epoch: 4/13][Iter: 510/1903][lr: 0.000100][loss_conf: 2.83][loss_obj: 0.64][loss_act: 10.01][loss_rel: 4.61][loss_interact: 0.01][loss_box: 0.30][losses: 39.15][time: 48.35]
[Epoch: 4/13][Iter: 520/1903][lr: 0.000100][loss_conf: 2.82][loss_obj: 0.74][loss_act: 9.97][loss_rel: 4.54][loss_interact: 0.01][loss_box: 0.28][losses: 38.98][time: 62.58]
[Epoch: 4/13][Iter: 530/1903][lr: 0.000100][loss_conf: 2.71][loss_obj: 0.71][loss_act: 10.84][loss_rel: 4.74][loss_interact: 0.01][loss_box: 0.28][losses: 40.85][time: 50.09]
[Epoch: 4/13][Iter: 540/1903][lr: 0.000100][loss_conf: 2.82][loss_obj: 0.65][loss_act: 9.21][loss_rel: 4.51][loss_interact: 0.00][loss_box: 0.29][losses: 37.26][time: 62.26]
[Epoch: 4/13][Iter: 550/1903][lr: 0.000100][loss_conf: 2.80][loss_obj: 0.78][loss_act: 9.99][loss_rel: 4.80][loss_interact: 0.01][loss_box: 0.29][losses: 39.66][time: 50.15]
[Epoch: 4/13][Iter: 560/1903][lr: 0.000100][loss_conf: 2.78][loss_obj: 0.61][loss_act: 10.07][loss_rel: 4.40][loss_interact: 0.00][loss_box: 0.28][losses: 38.55][time: 63.47]
[Epoch: 4/13][Iter: 570/1903][lr: 0.000100][loss_conf: 2.86][loss_obj: 0.81][loss_act: 10.81][loss_rel: 5.05][loss_interact: 0.01][loss_box: 0.29][losses: 41.98][time: 49.68]
[Epoch: 4/13][Iter: 580/1903][lr: 0.000100][loss_conf: 2.87][loss_obj: 0.75][loss_act: 10.16][loss_rel: 4.80][loss_interact: 0.01][loss_box: 0.29][losses: 40.10][time: 61.60]
[Epoch: 4/13][Iter: 590/1903][lr: 0.000100][loss_conf: 2.78][loss_obj: 0.59][loss_act: 9.12][loss_rel: 4.41][loss_interact: 0.01][loss_box: 0.29][losses: 36.70][time: 48.71]
[Epoch: 4/13][Iter: 600/1903][lr: 0.000100][loss_conf: 2.84][loss_obj: 0.72][loss_act: 9.88][loss_rel: 4.76][loss_interact: 0.00][loss_box: 0.30][losses: 39.36][time: 62.50]
[Epoch: 4/13][Iter: 610/1903][lr: 0.000100][loss_conf: 2.68][loss_obj: 0.68][loss_act: 9.97][loss_rel: 4.46][loss_interact: 0.00][loss_box: 0.28][losses: 38.36][time: 49.73]
[Epoch: 4/13][Iter: 620/1903][lr: 0.000100][loss_conf: 2.79][loss_obj: 0.69][loss_act: 10.22][loss_rel: 5.23][loss_interact: 0.00][loss_box: 0.29][losses: 40.79][time: 62.18]
[Epoch: 4/13][Iter: 630/1903][lr: 0.000100][loss_conf: 2.76][loss_obj: 0.64][loss_act: 9.75][loss_rel: 4.83][loss_interact: 0.01][loss_box: 0.28][losses: 38.78][time: 48.91]
[Epoch: 4/13][Iter: 640/1903][lr: 0.000100][loss_conf: 2.75][loss_obj: 0.77][loss_act: 9.44][loss_rel: 4.51][loss_interact: 0.01][loss_box: 0.29][losses: 37.80][time: 62.19]
[Epoch: 4/13][Iter: 650/1903][lr: 0.000100][loss_conf: 2.81][loss_obj: 0.82][loss_act: 10.65][loss_rel: 4.68][loss_interact: 0.00][loss_box: 0.28][losses: 40.77][time: 50.29]
[Epoch: 4/13][Iter: 660/1903][lr: 0.000100][loss_conf: 2.83][loss_obj: 0.76][loss_act: 8.90][loss_rel: 4.54][loss_interact: 0.00][loss_box: 0.28][losses: 36.90][time: 61.05]
[Epoch: 4/13][Iter: 670/1903][lr: 0.000100][loss_conf: 2.88][loss_obj: 0.86][loss_act: 9.25][loss_rel: 4.57][loss_interact: 0.01][loss_box: 0.30][losses: 38.14][time: 50.18]
[Epoch: 4/13][Iter: 680/1903][lr: 0.000100][loss_conf: 2.80][loss_obj: 0.70][loss_act: 10.50][loss_rel: 4.48][loss_interact: 0.00][loss_box: 0.29][losses: 39.83][time: 61.32]
[Epoch: 4/13][Iter: 690/1903][lr: 0.000100][loss_conf: 2.77][loss_obj: 0.75][loss_act: 10.76][loss_rel: 4.79][loss_interact: 0.01][loss_box: 0.29][losses: 41.08][time: 50.21]
[Epoch: 4/13][Iter: 700/1903][lr: 0.000100][loss_conf: 2.69][loss_obj: 0.68][loss_act: 9.51][loss_rel: 4.63][loss_interact: 0.01][loss_box: 0.29][losses: 37.91][time: 62.44]
[Epoch: 4/13][Iter: 710/1903][lr: 0.000100][loss_conf: 2.85][loss_obj: 0.74][loss_act: 9.37][loss_rel: 4.68][loss_interact: 0.01][loss_box: 0.29][losses: 38.22][time: 49.42]
[Epoch: 4/13][Iter: 720/1903][lr: 0.000100][loss_conf: 2.86][loss_obj: 0.71][loss_act: 10.16][loss_rel: 4.81][loss_interact: 0.01][loss_box: 0.28][losses: 39.90][time: 62.24]
[Epoch: 4/13][Iter: 730/1903][lr: 0.000100][loss_conf: 2.77][loss_obj: 0.65][loss_act: 9.65][loss_rel: 4.59][loss_interact: 0.00][loss_box: 0.28][losses: 38.13][time: 49.30]
[Epoch: 4/13][Iter: 740/1903][lr: 0.000100][loss_conf: 2.83][loss_obj: 0.70][loss_act: 9.83][loss_rel: 4.70][loss_interact: 0.00][loss_box: 0.29][losses: 39.01][time: 62.92]
[Epoch: 4/13][Iter: 750/1903][lr: 0.000100][loss_conf: 2.72][loss_obj: 0.73][loss_act: 10.27][loss_rel: 4.40][loss_interact: 0.00][loss_box: 0.29][losses: 39.17][time: 49.92]
[Epoch: 4/13][Iter: 760/1903][lr: 0.000100][loss_conf: 2.87][loss_obj: 0.66][loss_act: 10.60][loss_rel: 4.89][loss_interact: 0.00][loss_box: 0.29][losses: 40.93][time: 61.92]
[Epoch: 4/13][Iter: 770/1903][lr: 0.000100][loss_conf: 2.87][loss_obj: 0.77][loss_act: 10.61][loss_rel: 4.75][loss_interact: 0.01][loss_box: 0.28][losses: 40.83][time: 49.83]
[Epoch: 4/13][Iter: 780/1903][lr: 0.000100][loss_conf: 2.92][loss_obj: 0.71][loss_act: 9.83][loss_rel: 4.72][loss_interact: 0.01][loss_box: 0.29][losses: 39.28][time: 62.24]
[Epoch: 4/13][Iter: 790/1903][lr: 0.000100][loss_conf: 2.71][loss_obj: 0.72][loss_act: 9.77][loss_rel: 4.56][loss_interact: 0.01][loss_box: 0.30][losses: 38.49][time: 49.51]
[Epoch: 4/13][Iter: 800/1903][lr: 0.000100][loss_conf: 2.68][loss_obj: 0.69][loss_act: 9.90][loss_rel: 4.68][loss_interact: 0.00][loss_box: 0.28][losses: 38.74][time: 62.47]
[Epoch: 4/13][Iter: 810/1903][lr: 0.000100][loss_conf: 2.77][loss_obj: 0.71][loss_act: 9.07][loss_rel: 4.70][loss_interact: 0.01][loss_box: 0.29][losses: 37.40][time: 49.67]
[Epoch: 4/13][Iter: 820/1903][lr: 0.000100][loss_conf: 2.80][loss_obj: 0.74][loss_act: 10.40][loss_rel: 4.90][loss_interact: 0.01][loss_box: 0.29][losses: 40.63][time: 62.48]
[Epoch: 4/13][Iter: 830/1903][lr: 0.000100][loss_conf: 2.89][loss_obj: 0.74][loss_act: 10.20][loss_rel: 4.63][loss_interact: 0.00][loss_box: 0.29][losses: 39.79][time: 50.20]
[Epoch: 4/13][Iter: 840/1903][lr: 0.000100][loss_conf: 2.75][loss_obj: 0.73][loss_act: 10.23][loss_rel: 4.81][loss_interact: 0.00][loss_box: 0.29][losses: 39.96][time: 61.97]
[Epoch: 4/13][Iter: 850/1903][lr: 0.000100][loss_conf: 2.76][loss_obj: 0.71][loss_act: 9.79][loss_rel: 4.35][loss_interact: 0.00][loss_box: 0.28][losses: 38.01][time: 48.74]
[Epoch: 4/13][Iter: 860/1903][lr: 0.000100][loss_conf: 2.90][loss_obj: 0.77][loss_act: 9.18][loss_rel: 4.57][loss_interact: 0.01][loss_box: 0.28][losses: 37.66][time: 62.14]
[Epoch: 4/13][Iter: 870/1903][lr: 0.000100][loss_conf: 2.78][loss_obj: 0.76][loss_act: 9.03][loss_rel: 4.55][loss_interact: 0.00][loss_box: 0.29][losses: 37.12][time: 49.11]
[Epoch: 4/13][Iter: 880/1903][lr: 0.000100][loss_conf: 2.83][loss_obj: 0.74][loss_act: 9.96][loss_rel: 4.62][loss_interact: 0.00][loss_box: 0.28][losses: 39.11][time: 62.90]
[Epoch: 4/13][Iter: 890/1903][lr: 0.000100][loss_conf: 2.80][loss_obj: 0.67][loss_act: 9.74][loss_rel: 4.40][loss_interact: 0.00][loss_box: 0.27][losses: 37.94][time: 50.14]
[Epoch: 4/13][Iter: 900/1903][lr: 0.000100][loss_conf: 2.70][loss_obj: 0.69][loss_act: 9.09][loss_rel: 4.41][loss_interact: 0.01][loss_box: 0.28][losses: 36.63][time: 62.85]
[Epoch: 4/13][Iter: 910/1903][lr: 0.000100][loss_conf: 2.79][loss_obj: 0.69][loss_act: 10.20][loss_rel: 4.92][loss_interact: 0.00][loss_box: 0.29][losses: 40.09][time: 49.26]
[Epoch: 4/13][Iter: 920/1903][lr: 0.000100][loss_conf: 2.75][loss_obj: 0.75][loss_act: 10.11][loss_rel: 4.69][loss_interact: 0.00][loss_box: 0.28][losses: 39.40][time: 62.17]
[Epoch: 4/13][Iter: 930/1903][lr: 0.000100][loss_conf: 2.72][loss_obj: 0.67][loss_act: 9.97][loss_rel: 4.71][loss_interact: 0.02][loss_box: 0.28][losses: 38.95][time: 49.94]
[Epoch: 4/13][Iter: 940/1903][lr: 0.000100][loss_conf: 2.76][loss_obj: 0.72][loss_act: 10.52][loss_rel: 4.44][loss_interact: 0.00][loss_box: 0.28][losses: 39.72][time: 62.23]
[Epoch: 4/13][Iter: 950/1903][lr: 0.000100][loss_conf: 2.78][loss_obj: 0.66][loss_act: 9.57][loss_rel: 4.49][loss_interact: 0.00][loss_box: 0.27][losses: 37.66][time: 49.84]
[Epoch: 4/13][Iter: 960/1903][lr: 0.000100][loss_conf: 2.80][loss_obj: 0.67][loss_act: 9.87][loss_rel: 4.44][loss_interact: 0.01][loss_box: 0.29][losses: 38.44][time: 62.80]
[Epoch: 4/13][Iter: 970/1903][lr: 0.000100][loss_conf: 2.78][loss_obj: 0.67][loss_act: 9.96][loss_rel: 4.65][loss_interact: 0.00][loss_box: 0.27][losses: 38.87][time: 50.10]
[Epoch: 4/13][Iter: 980/1903][lr: 0.000100][loss_conf: 2.71][loss_obj: 0.73][loss_act: 9.97][loss_rel: 4.50][loss_interact: 0.00][loss_box: 0.28][losses: 38.59][time: 63.96]
[Epoch: 4/13][Iter: 990/1903][lr: 0.000100][loss_conf: 2.78][loss_obj: 0.71][loss_act: 10.56][loss_rel: 4.33][loss_interact: 0.01][loss_box: 0.28][losses: 39.63][time: 49.23]
[Epoch: 4/13][Iter: 1000/1903][lr: 0.000100][loss_conf: 2.80][loss_obj: 0.74][loss_act: 9.48][loss_rel: 4.82][loss_interact: 0.01][loss_box: 0.28][losses: 38.57][time: 61.83]
[Epoch: 4/13][Iter: 1010/1903][lr: 0.000100][loss_conf: 2.82][loss_obj: 0.73][loss_act: 9.25][loss_rel: 4.83][loss_interact: 0.00][loss_box: 0.28][losses: 38.03][time: 50.24]
[Epoch: 4/13][Iter: 1020/1903][lr: 0.000100][loss_conf: 2.80][loss_obj: 0.70][loss_act: 10.82][loss_rel: 4.71][loss_interact: 0.01][loss_box: 0.29][losses: 41.02][time: 62.76]
[Epoch: 4/13][Iter: 1030/1903][lr: 0.000100][loss_conf: 2.88][loss_obj: 0.75][loss_act: 10.07][loss_rel: 4.53][loss_interact: 0.00][loss_box: 0.28][losses: 39.24][time: 49.76]
[Epoch: 4/13][Iter: 1040/1903][lr: 0.000100][loss_conf: 2.91][loss_obj: 0.72][loss_act: 10.30][loss_rel: 5.01][loss_interact: 0.01][loss_box: 0.30][losses: 40.87][time: 63.00]
[Epoch: 4/13][Iter: 1050/1903][lr: 0.000100][loss_conf: 2.80][loss_obj: 0.84][loss_act: 9.76][loss_rel: 4.71][loss_interact: 0.00][loss_box: 0.28][losses: 39.00][time: 48.84]
[Epoch: 4/13][Iter: 1060/1903][lr: 0.000100][loss_conf: 2.77][loss_obj: 0.69][loss_act: 10.06][loss_rel: 4.47][loss_interact: 0.00][loss_box: 0.28][losses: 38.78][time: 62.12]
[Epoch: 4/13][Iter: 1070/1903][lr: 0.000100][loss_conf: 2.83][loss_obj: 0.74][loss_act: 9.89][loss_rel: 4.98][loss_interact: 0.01][loss_box: 0.28][losses: 39.69][time: 49.40]
[Epoch: 4/13][Iter: 1080/1903][lr: 0.000100][loss_conf: 2.76][loss_obj: 0.74][loss_act: 9.71][loss_rel: 4.89][loss_interact: 0.00][loss_box: 0.29][losses: 39.10][time: 62.17]
[Epoch: 4/13][Iter: 1090/1903][lr: 0.000100][loss_conf: 2.79][loss_obj: 0.73][loss_act: 9.83][loss_rel: 4.63][loss_interact: 0.00][loss_box: 0.29][losses: 38.83][time: 49.55]
[Epoch: 4/13][Iter: 1100/1903][lr: 0.000100][loss_conf: 2.84][loss_obj: 0.70][loss_act: 9.63][loss_rel: 4.84][loss_interact: 0.01][loss_box: 0.27][losses: 38.77][time: 61.88]
[Epoch: 4/13][Iter: 1110/1903][lr: 0.000100][loss_conf: 2.72][loss_obj: 0.77][loss_act: 10.14][loss_rel: 4.13][loss_interact: 0.00][loss_box: 0.28][losses: 38.31][time: 49.51]
[Epoch: 4/13][Iter: 1120/1903][lr: 0.000100][loss_conf: 2.81][loss_obj: 0.65][loss_act: 10.12][loss_rel: 4.68][loss_interact: 0.00][loss_box: 0.28][losses: 39.35][time: 62.91]
[Epoch: 4/13][Iter: 1130/1903][lr: 0.000100][loss_conf: 2.75][loss_obj: 0.69][loss_act: 9.12][loss_rel: 4.64][loss_interact: 0.01][loss_box: 0.28][losses: 37.24][time: 49.26]
[Epoch: 4/13][Iter: 1140/1903][lr: 0.000100][loss_conf: 2.84][loss_obj: 0.75][loss_act: 9.94][loss_rel: 4.83][loss_interact: 0.01][loss_box: 0.29][losses: 39.62][time: 62.08]
[Epoch: 4/13][Iter: 1150/1903][lr: 0.000100][loss_conf: 2.72][loss_obj: 0.72][loss_act: 8.91][loss_rel: 4.43][loss_interact: 0.00][loss_box: 0.29][losses: 36.49][time: 50.81]
[Epoch: 4/13][Iter: 1160/1903][lr: 0.000100][loss_conf: 2.76][loss_obj: 0.66][loss_act: 9.41][loss_rel: 4.28][loss_interact: 0.00][loss_box: 0.28][losses: 37.00][time: 61.26]
[Epoch: 4/13][Iter: 1170/1903][lr: 0.000100][loss_conf: 2.76][loss_obj: 0.72][loss_act: 9.29][loss_rel: 4.72][loss_interact: 0.00][loss_box: 0.28][losses: 37.77][time: 51.79]
[Epoch: 4/13][Iter: 1180/1903][lr: 0.000100][loss_conf: 2.76][loss_obj: 0.75][loss_act: 9.05][loss_rel: 4.76][loss_interact: 0.00][loss_box: 0.29][losses: 37.52][time: 61.36]
[Epoch: 4/13][Iter: 1190/1903][lr: 0.000100][loss_conf: 2.76][loss_obj: 0.69][loss_act: 9.46][loss_rel: 4.57][loss_interact: 0.01][loss_box: 0.29][losses: 37.82][time: 50.60]
[Epoch: 4/13][Iter: 1200/1903][lr: 0.000100][loss_conf: 2.83][loss_obj: 0.71][loss_act: 9.38][loss_rel: 4.72][loss_interact: 0.01][loss_box: 0.28][losses: 38.06][time: 62.16]
[Epoch: 4/13][Iter: 1210/1903][lr: 0.000100][loss_conf: 2.77][loss_obj: 0.73][loss_act: 9.26][loss_rel: 4.73][loss_interact: 0.00][loss_box: 0.28][losses: 37.81][time: 49.69]
[Epoch: 4/13][Iter: 1220/1903][lr: 0.000100][loss_conf: 2.78][loss_obj: 0.78][loss_act: 9.48][loss_rel: 4.76][loss_interact: 0.00][loss_box: 0.27][losses: 38.37][time: 62.90]
[Epoch: 4/13][Iter: 1230/1903][lr: 0.000100][loss_conf: 2.74][loss_obj: 0.73][loss_act: 9.57][loss_rel: 4.76][loss_interact: 0.00][loss_box: 0.29][losses: 38.50][time: 49.61]
[Epoch: 4/13][Iter: 1240/1903][lr: 0.000100][loss_conf: 2.90][loss_obj: 0.75][loss_act: 9.40][loss_rel: 4.80][loss_interact: 0.01][loss_box: 0.29][losses: 38.62][time: 62.33]
[Epoch: 4/13][Iter: 1250/1903][lr: 0.000100][loss_conf: 2.83][loss_obj: 0.77][loss_act: 9.83][loss_rel: 4.57][loss_interact: 0.00][loss_box: 0.29][losses: 38.90][time: 50.12]
[Epoch: 4/13][Iter: 1260/1903][lr: 0.000100][loss_conf: 2.73][loss_obj: 0.74][loss_act: 9.90][loss_rel: 4.63][loss_interact: 0.00][loss_box: 0.28][losses: 38.79][time: 61.61]
[Epoch: 4/13][Iter: 1270/1903][lr: 0.000100][loss_conf: 2.75][loss_obj: 0.74][loss_act: 10.89][loss_rel: 4.78][loss_interact: 0.00][loss_box: 0.30][losses: 41.38][time: 50.62]
[Epoch: 4/13][Iter: 1280/1903][lr: 0.000100][loss_conf: 2.76][loss_obj: 0.74][loss_act: 9.78][loss_rel: 4.63][loss_interact: 0.00][loss_box: 0.30][losses: 38.77][time: 62.89]
[Epoch: 4/13][Iter: 1290/1903][lr: 0.000100][loss_conf: 2.80][loss_obj: 0.64][loss_act: 9.30][loss_rel: 4.57][loss_interact: 0.01][loss_box: 0.28][losses: 37.43][time: 49.99]
[Epoch: 4/13][Iter: 1300/1903][lr: 0.000100][loss_conf: 2.77][loss_obj: 0.67][loss_act: 9.99][loss_rel: 4.68][loss_interact: 0.00][loss_box: 0.28][losses: 39.02][time: 62.08]
[Epoch: 4/13][Iter: 1310/1903][lr: 0.000100][loss_conf: 2.77][loss_obj: 0.70][loss_act: 10.54][loss_rel: 4.71][loss_interact: 0.01][loss_box: 0.27][losses: 40.13][time: 49.40]
[Epoch: 4/13][Iter: 1320/1903][lr: 0.000100][loss_conf: 2.79][loss_obj: 0.72][loss_act: 9.54][loss_rel: 4.85][loss_interact: 0.01][loss_box: 0.28][losses: 38.61][time: 62.79]
[Epoch: 4/13][Iter: 1330/1903][lr: 0.000100][loss_conf: 2.80][loss_obj: 0.65][loss_act: 9.69][loss_rel: 5.01][loss_interact: 0.01][loss_box: 0.27][losses: 39.06][time: 50.92]
[Epoch: 4/13][Iter: 1340/1903][lr: 0.000100][loss_conf: 2.77][loss_obj: 0.67][loss_act: 9.63][loss_rel: 4.75][loss_interact: 0.00][loss_box: 0.28][losses: 38.44][time: 62.64]
[Epoch: 4/13][Iter: 1350/1903][lr: 0.000100][loss_conf: 2.85][loss_obj: 0.74][loss_act: 9.51][loss_rel: 4.52][loss_interact: 0.01][loss_box: 0.28][losses: 38.06][time: 50.50]
[Epoch: 4/13][Iter: 1360/1903][lr: 0.000100][loss_conf: 2.79][loss_obj: 0.67][loss_act: 9.52][loss_rel: 4.62][loss_interact: 0.01][loss_box: 0.27][losses: 37.94][time: 62.18]
[Epoch: 4/13][Iter: 1370/1903][lr: 0.000100][loss_conf: 2.81][loss_obj: 0.77][loss_act: 11.30][loss_rel: 4.87][loss_interact: 0.01][loss_box: 0.29][losses: 42.44][time: 51.79]
[Epoch: 4/13][Iter: 1380/1903][lr: 0.000100][loss_conf: 2.87][loss_obj: 0.69][loss_act: 9.31][loss_rel: 4.40][loss_interact: 0.00][loss_box: 0.28][losses: 37.37][time: 61.14]
[Epoch: 4/13][Iter: 1390/1903][lr: 0.000100][loss_conf: 2.73][loss_obj: 0.72][loss_act: 9.59][loss_rel: 4.65][loss_interact: 0.00][loss_box: 0.29][losses: 38.27][time: 51.09]
[Epoch: 4/13][Iter: 1400/1903][lr: 0.000100][loss_conf: 2.73][loss_obj: 0.74][loss_act: 9.91][loss_rel: 4.60][loss_interact: 0.00][loss_box: 0.27][losses: 38.65][time: 63.29]
[Epoch: 4/13][Iter: 1410/1903][lr: 0.000100][loss_conf: 2.82][loss_obj: 0.71][loss_act: 10.29][loss_rel: 4.40][loss_interact: 0.00][loss_box: 0.28][losses: 39.28][time: 50.20]
[Epoch: 4/13][Iter: 1420/1903][lr: 0.000100][loss_conf: 2.73][loss_obj: 0.67][loss_act: 10.84][loss_rel: 4.51][loss_interact: 0.00][loss_box: 0.28][losses: 40.32][time: 63.60]
[Epoch: 4/13][Iter: 1430/1903][lr: 0.000100][loss_conf: 2.81][loss_obj: 0.66][loss_act: 10.12][loss_rel: 4.76][loss_interact: 0.01][loss_box: 0.28][losses: 39.52][time: 50.32]
[Epoch: 4/13][Iter: 1440/1903][lr: 0.000100][loss_conf: 2.83][loss_obj: 0.72][loss_act: 9.65][loss_rel: 4.55][loss_interact: 0.01][loss_box: 0.29][losses: 38.39][time: 63.24]
[Epoch: 4/13][Iter: 1450/1903][lr: 0.000100][loss_conf: 2.73][loss_obj: 0.66][loss_act: 9.97][loss_rel: 4.48][loss_interact: 0.00][loss_box: 0.28][losses: 38.44][time: 49.69]
[Epoch: 4/13][Iter: 1460/1903][lr: 0.000100][loss_conf: 2.73][loss_obj: 0.71][loss_act: 9.72][loss_rel: 4.53][loss_interact: 0.00][loss_box: 0.28][losses: 38.21][time: 63.70]
[Epoch: 4/13][Iter: 1470/1903][lr: 0.000100][loss_conf: 2.76][loss_obj: 0.69][loss_act: 10.31][loss_rel: 4.44][loss_interact: 0.01][loss_box: 0.27][losses: 39.17][time: 50.77]
[Epoch: 4/13][Iter: 1480/1903][lr: 0.000100][loss_conf: 2.77][loss_obj: 0.68][loss_act: 9.82][loss_rel: 4.92][loss_interact: 0.01][loss_box: 0.28][losses: 39.17][time: 65.85]
[Epoch: 4/13][Iter: 1490/1903][lr: 0.000100][loss_conf: 2.79][loss_obj: 0.67][loss_act: 9.82][loss_rel: 4.63][loss_interact: 0.00][loss_box: 0.28][losses: 38.67][time: 49.71]
[Epoch: 4/13][Iter: 1500/1903][lr: 0.000100][loss_conf: 2.74][loss_obj: 0.67][loss_act: 10.05][loss_rel: 4.35][loss_interact: 0.01][loss_box: 0.29][losses: 38.53][time: 62.30]
[Epoch: 4/13][Iter: 1510/1903][lr: 0.000100][loss_conf: 2.75][loss_obj: 0.72][loss_act: 9.94][loss_rel: 4.56][loss_interact: 0.00][loss_box: 0.28][losses: 38.76][time: 49.60]
[Epoch: 4/13][Iter: 1520/1903][lr: 0.000100][loss_conf: 2.89][loss_obj: 0.69][loss_act: 9.69][loss_rel: 4.67][loss_interact: 0.00][loss_box: 0.29][losses: 38.82][time: 63.48]
[Epoch: 4/13][Iter: 1530/1903][lr: 0.000100][loss_conf: 2.75][loss_obj: 0.61][loss_act: 9.56][loss_rel: 4.78][loss_interact: 0.01][loss_box: 0.29][losses: 38.34][time: 49.34]
[Epoch: 4/13][Iter: 1540/1903][lr: 0.000100][loss_conf: 2.74][loss_obj: 0.67][loss_act: 9.84][loss_rel: 4.73][loss_interact: 0.01][loss_box: 0.30][losses: 38.97][time: 62.91]
[Epoch: 4/13][Iter: 1550/1903][lr: 0.000100][loss_conf: 2.72][loss_obj: 0.76][loss_act: 9.75][loss_rel: 4.64][loss_interact: 0.00][loss_box: 0.28][losses: 38.58][time: 50.10]
[Epoch: 4/13][Iter: 1560/1903][lr: 0.000100][loss_conf: 2.78][loss_obj: 0.68][loss_act: 9.21][loss_rel: 4.78][loss_interact: 0.01][loss_box: 0.27][losses: 37.63][time: 62.35]
[Epoch: 4/13][Iter: 1570/1903][lr: 0.000100][loss_conf: 2.79][loss_obj: 0.73][loss_act: 10.58][loss_rel: 4.61][loss_interact: 0.00][loss_box: 0.28][losses: 40.20][time: 49.67]
[Epoch: 4/13][Iter: 1580/1903][lr: 0.000100][loss_conf: 2.68][loss_obj: 0.71][loss_act: 9.06][loss_rel: 4.84][loss_interact: 0.01][loss_box: 0.29][losses: 37.46][time: 62.86]
[Epoch: 4/13][Iter: 1590/1903][lr: 0.000100][loss_conf: 2.76][loss_obj: 0.67][loss_act: 8.83][loss_rel: 4.62][loss_interact: 0.00][loss_box: 0.29][losses: 36.72][time: 49.20]
[Epoch: 4/13][Iter: 1600/1903][lr: 0.000100][loss_conf: 2.94][loss_obj: 0.73][loss_act: 9.89][loss_rel: 4.72][loss_interact: 0.01][loss_box: 0.29][losses: 39.45][time: 62.93]
[Epoch: 4/13][Iter: 1610/1903][lr: 0.000100][loss_conf: 2.71][loss_obj: 0.73][loss_act: 8.58][loss_rel: 4.58][loss_interact: 0.00][loss_box: 0.29][losses: 36.10][time: 49.16]
[Epoch: 4/13][Iter: 1620/1903][lr: 0.000100][loss_conf: 2.83][loss_obj: 0.69][loss_act: 9.86][loss_rel: 4.70][loss_interact: 0.01][loss_box: 0.28][losses: 39.01][time: 62.62]
[Epoch: 4/13][Iter: 1630/1903][lr: 0.000100][loss_conf: 2.60][loss_obj: 0.62][loss_act: 9.16][loss_rel: 4.36][loss_interact: 0.00][loss_box: 0.28][losses: 36.27][time: 49.51]
[Epoch: 4/13][Iter: 1640/1903][lr: 0.000100][loss_conf: 2.77][loss_obj: 0.61][loss_act: 9.28][loss_rel: 4.60][loss_interact: 0.01][loss_box: 0.27][losses: 37.26][time: 62.60]
[Epoch: 4/13][Iter: 1650/1903][lr: 0.000100][loss_conf: 2.86][loss_obj: 0.69][loss_act: 9.62][loss_rel: 4.53][loss_interact: 0.00][loss_box: 0.27][losses: 38.11][time: 49.57]
[Epoch: 4/13][Iter: 1660/1903][lr: 0.000100][loss_conf: 2.74][loss_obj: 0.70][loss_act: 8.69][loss_rel: 4.63][loss_interact: 0.00][loss_box: 0.28][losses: 36.27][time: 62.40]
[Epoch: 4/13][Iter: 1670/1903][lr: 0.000100][loss_conf: 2.68][loss_obj: 0.69][loss_act: 10.12][loss_rel: 4.48][loss_interact: 0.01][loss_box: 0.28][losses: 38.77][time: 50.12]
[Epoch: 4/13][Iter: 1680/1903][lr: 0.000100][loss_conf: 2.76][loss_obj: 0.74][loss_act: 9.41][loss_rel: 4.65][loss_interact: 0.01][loss_box: 0.29][losses: 38.00][time: 62.16]
[Epoch: 4/13][Iter: 1690/1903][lr: 0.000100][loss_conf: 2.80][loss_obj: 0.73][loss_act: 9.42][loss_rel: 4.56][loss_interact: 0.01][loss_box: 0.29][losses: 37.89][time: 50.69]
[Epoch: 4/13][Iter: 1700/1903][lr: 0.000100][loss_conf: 2.73][loss_obj: 0.70][loss_act: 9.59][loss_rel: 4.80][loss_interact: 0.00][loss_box: 0.28][losses: 38.47][time: 62.71]
[Epoch: 4/13][Iter: 1710/1903][lr: 0.000100][loss_conf: 2.75][loss_obj: 0.73][loss_act: 8.98][loss_rel: 4.59][loss_interact: 0.00][loss_box: 0.28][losses: 36.95][time: 50.14]
[Epoch: 4/13][Iter: 1720/1903][lr: 0.000100][loss_conf: 2.80][loss_obj: 0.70][loss_act: 9.95][loss_rel: 4.69][loss_interact: 0.00][loss_box: 0.28][losses: 39.07][time: 62.20]
[Epoch: 4/13][Iter: 1730/1903][lr: 0.000100][loss_conf: 2.91][loss_obj: 0.77][loss_act: 10.19][loss_rel: 4.65][loss_interact: 0.00][loss_box: 0.28][losses: 39.85][time: 50.40]
[Epoch: 4/13][Iter: 1740/1903][lr: 0.000100][loss_conf: 2.81][loss_obj: 0.72][loss_act: 9.20][loss_rel: 4.51][loss_interact: 0.01][loss_box: 0.27][losses: 37.25][time: 62.89]
[Epoch: 4/13][Iter: 1750/1903][lr: 0.000100][loss_conf: 2.77][loss_obj: 0.66][loss_act: 9.39][loss_rel: 4.83][loss_interact: 0.00][loss_box: 0.29][losses: 38.17][time: 49.61]
[Epoch: 4/13][Iter: 1760/1903][lr: 0.000100][loss_conf: 2.73][loss_obj: 0.68][loss_act: 10.46][loss_rel: 4.78][loss_interact: 0.00][loss_box: 0.28][losses: 40.12][time: 63.34]
[Epoch: 4/13][Iter: 1770/1903][lr: 0.000100][loss_conf: 2.83][loss_obj: 0.69][loss_act: 9.76][loss_rel: 4.56][loss_interact: 0.00][loss_box: 0.28][losses: 38.44][time: 49.38]
[Epoch: 4/13][Iter: 1780/1903][lr: 0.000100][loss_conf: 2.73][loss_obj: 0.57][loss_act: 9.37][loss_rel: 4.45][loss_interact: 0.00][loss_box: 0.28][losses: 37.03][time: 62.83]
[Epoch: 4/13][Iter: 1790/1903][lr: 0.000100][loss_conf: 2.72][loss_obj: 0.77][loss_act: 9.97][loss_rel: 4.64][loss_interact: 0.01][loss_box: 0.27][losses: 38.95][time: 49.55]
[Epoch: 4/13][Iter: 1800/1903][lr: 0.000100][loss_conf: 2.70][loss_obj: 0.64][loss_act: 10.55][loss_rel: 4.59][loss_interact: 0.00][loss_box: 0.29][losses: 39.86][time: 61.50]
[Epoch: 4/13][Iter: 1810/1903][lr: 0.000100][loss_conf: 2.82][loss_obj: 0.67][loss_act: 8.97][loss_rel: 4.86][loss_interact: 0.00][loss_box: 0.27][losses: 37.38][time: 49.99]
[Epoch: 4/13][Iter: 1820/1903][lr: 0.000100][loss_conf: 2.77][loss_obj: 0.79][loss_act: 10.63][loss_rel: 4.66][loss_interact: 0.00][loss_box: 0.28][losses: 40.52][time: 62.51]
[Epoch: 4/13][Iter: 1830/1903][lr: 0.000100][loss_conf: 2.69][loss_obj: 0.64][loss_act: 9.71][loss_rel: 4.44][loss_interact: 0.00][loss_box: 0.28][losses: 37.73][time: 49.68]
[Epoch: 4/13][Iter: 1840/1903][lr: 0.000100][loss_conf: 2.75][loss_obj: 0.68][loss_act: 9.66][loss_rel: 4.57][loss_interact: 0.00][loss_box: 0.28][losses: 38.13][time: 61.86]
[Epoch: 4/13][Iter: 1850/1903][lr: 0.000100][loss_conf: 2.79][loss_obj: 0.70][loss_act: 9.25][loss_rel: 4.78][loss_interact: 0.00][loss_box: 0.28][losses: 37.86][time: 49.04]
[Epoch: 4/13][Iter: 1860/1903][lr: 0.000100][loss_conf: 2.72][loss_obj: 0.74][loss_act: 9.27][loss_rel: 4.47][loss_interact: 0.00][loss_box: 0.29][losses: 37.27][time: 62.63]
[Epoch: 4/13][Iter: 1870/1903][lr: 0.000100][loss_conf: 2.74][loss_obj: 0.74][loss_act: 9.43][loss_rel: 4.76][loss_interact: 0.01][loss_box: 0.29][losses: 38.25][time: 49.92]
[Epoch: 4/13][Iter: 1880/1903][lr: 0.000100][loss_conf: 2.77][loss_obj: 0.67][loss_act: 9.04][loss_rel: 4.62][loss_interact: 0.00][loss_box: 0.29][losses: 37.09][time: 63.13]
[Epoch: 4/13][Iter: 1890/1903][lr: 0.000100][loss_conf: 2.76][loss_obj: 0.72][loss_act: 10.09][loss_rel: 4.52][loss_interact: 0.00][loss_box: 0.29][losses: 39.03][time: 50.37]
[Epoch: 4/13][Iter: 1900/1903][lr: 0.000100][loss_conf: 2.79][loss_obj: 0.64][loss_act: 8.65][loss_rel: 4.56][loss_interact: 0.01][loss_box: 0.28][losses: 36.10][time: 60.44]
No evaluator ... save model and go on training.
Saving state, epoch: 4
[Epoch: 5/13][Iter: 0/1903][lr: 0.000100][loss_conf: 2.62][loss_obj: 0.66][loss_act: 9.34][loss_rel: 4.50][loss_interact: 0.01][loss_box: 0.27][losses: 36.96][time: 32.16]
[Epoch: 5/13][Iter: 10/1903][lr: 0.000100][loss_conf: 2.67][loss_obj: 0.71][loss_act: 9.04][loss_rel: 4.32][loss_interact: 0.00][loss_box: 0.29][losses: 36.35][time: 49.62]
[Epoch: 5/13][Iter: 20/1903][lr: 0.000100][loss_conf: 2.66][loss_obj: 0.63][loss_act: 9.72][loss_rel: 4.46][loss_interact: 0.00][loss_box: 0.28][losses: 37.74][time: 61.65]
[Epoch: 5/13][Iter: 30/1903][lr: 0.000100][loss_conf: 2.76][loss_obj: 0.69][loss_act: 9.39][loss_rel: 4.33][loss_interact: 0.01][loss_box: 0.28][losses: 37.15][time: 49.04]
[Epoch: 5/13][Iter: 40/1903][lr: 0.000100][loss_conf: 2.84][loss_obj: 0.73][loss_act: 9.07][loss_rel: 4.45][loss_interact: 0.00][loss_box: 0.28][losses: 36.97][time: 61.15]
[Epoch: 5/13][Iter: 50/1903][lr: 0.000100][loss_conf: 2.72][loss_obj: 0.74][loss_act: 9.82][loss_rel: 4.77][loss_interact: 0.02][loss_box: 0.28][losses: 38.90][time: 48.60]
[Epoch: 5/13][Iter: 60/1903][lr: 0.000100][loss_conf: 2.73][loss_obj: 0.63][loss_act: 9.03][loss_rel: 4.36][loss_interact: 0.00][loss_box: 0.29][losses: 36.42][time: 61.47]
[Epoch: 5/13][Iter: 70/1903][lr: 0.000100][loss_conf: 2.73][loss_obj: 0.67][loss_act: 9.57][loss_rel: 4.46][loss_interact: 0.00][loss_box: 0.28][losses: 37.65][time: 49.48]
[Epoch: 5/13][Iter: 80/1903][lr: 0.000100][loss_conf: 2.71][loss_obj: 0.64][loss_act: 9.17][loss_rel: 4.44][loss_interact: 0.00][loss_box: 0.28][losses: 36.68][time: 64.66]
[Epoch: 5/13][Iter: 90/1903][lr: 0.000100][loss_conf: 2.74][loss_obj: 0.63][loss_act: 10.41][loss_rel: 4.52][loss_interact: 0.00][loss_box: 0.27][losses: 39.36][time: 50.57]
[Epoch: 5/13][Iter: 100/1903][lr: 0.000100][loss_conf: 2.64][loss_obj: 0.66][loss_act: 10.16][loss_rel: 4.40][loss_interact: 0.00][loss_box: 0.29][losses: 38.59][time: 63.14]
[Epoch: 5/13][Iter: 110/1903][lr: 0.000100][loss_conf: 2.73][loss_obj: 0.64][loss_act: 8.90][loss_rel: 4.46][loss_interact: 0.00][loss_box: 0.28][losses: 36.31][time: 52.45]
[Epoch: 5/13][Iter: 120/1903][lr: 0.000100][loss_conf: 2.63][loss_obj: 0.71][loss_act: 10.20][loss_rel: 4.53][loss_interact: 0.00][loss_box: 0.28][losses: 38.96][time: 62.23]
[Epoch: 5/13][Iter: 130/1903][lr: 0.000100][loss_conf: 2.72][loss_obj: 0.61][loss_act: 9.00][loss_rel: 4.63][loss_interact: 0.00][loss_box: 0.28][losses: 36.71][time: 51.59]
[Epoch: 5/13][Iter: 140/1903][lr: 0.000100][loss_conf: 2.64][loss_obj: 0.63][loss_act: 9.42][loss_rel: 4.43][loss_interact: 0.01][loss_box: 0.27][losses: 36.96][time: 61.77]
[Epoch: 5/13][Iter: 150/1903][lr: 0.000100][loss_conf: 2.72][loss_obj: 0.67][loss_act: 9.93][loss_rel: 4.52][loss_interact: 0.00][loss_box: 0.29][losses: 38.61][time: 47.89]
[Epoch: 5/13][Iter: 160/1903][lr: 0.000100][loss_conf: 2.73][loss_obj: 0.63][loss_act: 8.69][loss_rel: 4.33][loss_interact: 0.00][loss_box: 0.27][losses: 35.46][time: 66.73]
[Epoch: 5/13][Iter: 170/1903][lr: 0.000100][loss_conf: 2.73][loss_obj: 0.68][loss_act: 9.40][loss_rel: 4.92][loss_interact: 0.01][loss_box: 0.29][losses: 38.35][time: 45.56]
[Epoch: 5/13][Iter: 180/1903][lr: 0.000100][loss_conf: 2.78][loss_obj: 0.65][loss_act: 10.41][loss_rel: 4.55][loss_interact: 0.01][loss_box: 0.28][losses: 39.63][time: 65.11]
[Epoch: 5/13][Iter: 190/1903][lr: 0.000100][loss_conf: 2.78][loss_obj: 0.69][loss_act: 9.24][loss_rel: 4.49][loss_interact: 0.00][loss_box: 0.29][losses: 37.28][time: 50.14]
[Epoch: 5/13][Iter: 200/1903][lr: 0.000100][loss_conf: 2.76][loss_obj: 0.71][loss_act: 10.27][loss_rel: 4.68][loss_interact: 0.01][loss_box: 0.28][losses: 39.63][time: 65.78]
[Epoch: 5/13][Iter: 210/1903][lr: 0.000100][loss_conf: 2.68][loss_obj: 0.69][loss_act: 9.41][loss_rel: 4.55][loss_interact: 0.00][loss_box: 0.29][losses: 37.55][time: 49.64]
[Epoch: 5/13][Iter: 220/1903][lr: 0.000100][loss_conf: 2.64][loss_obj: 0.69][loss_act: 9.91][loss_rel: 4.54][loss_interact: 0.00][loss_box: 0.28][losses: 38.32][time: 62.63]
[Epoch: 5/13][Iter: 230/1903][lr: 0.000100][loss_conf: 2.72][loss_obj: 0.64][loss_act: 9.02][loss_rel: 4.46][loss_interact: 0.01][loss_box: 0.27][losses: 36.45][time: 50.33]
[Epoch: 5/13][Iter: 240/1903][lr: 0.000100][loss_conf: 2.75][loss_obj: 0.73][loss_act: 9.18][loss_rel: 4.66][loss_interact: 0.00][loss_box: 0.28][losses: 37.45][time: 61.98]
[Epoch: 5/13][Iter: 250/1903][lr: 0.000100][loss_conf: 2.79][loss_obj: 0.68][loss_act: 9.10][loss_rel: 4.74][loss_interact: 0.00][loss_box: 0.28][losses: 37.45][time: 49.86]
[Epoch: 5/13][Iter: 260/1903][lr: 0.000100][loss_conf: 2.66][loss_obj: 0.61][loss_act: 9.29][loss_rel: 4.38][loss_interact: 0.00][loss_box: 0.28][losses: 36.67][time: 62.95]
[Epoch: 5/13][Iter: 270/1903][lr: 0.000100][loss_conf: 2.76][loss_obj: 0.63][loss_act: 9.46][loss_rel: 4.68][loss_interact: 0.01][loss_box: 0.27][losses: 37.81][time: 50.18]
[Epoch: 5/13][Iter: 280/1903][lr: 0.000100][loss_conf: 2.83][loss_obj: 0.75][loss_act: 8.68][loss_rel: 4.65][loss_interact: 0.00][loss_box: 0.28][losses: 36.65][time: 62.20]
[Epoch: 5/13][Iter: 290/1903][lr: 0.000100][loss_conf: 2.69][loss_obj: 0.76][loss_act: 9.66][loss_rel: 4.59][loss_interact: 0.01][loss_box: 0.29][losses: 38.32][time: 49.45]
[Epoch: 5/13][Iter: 300/1903][lr: 0.000100][loss_conf: 2.70][loss_obj: 0.68][loss_act: 8.43][loss_rel: 4.69][loss_interact: 0.00][loss_box: 0.27][losses: 35.74][time: 62.98]
[Epoch: 5/13][Iter: 310/1903][lr: 0.000100][loss_conf: 2.71][loss_obj: 0.68][loss_act: 9.67][loss_rel: 4.24][loss_interact: 0.01][loss_box: 0.29][losses: 37.51][time: 50.06]
[Epoch: 5/13][Iter: 320/1903][lr: 0.000100][loss_conf: 2.77][loss_obj: 0.65][loss_act: 9.98][loss_rel: 4.50][loss_interact: 0.00][loss_box: 0.28][losses: 38.62][time: 62.77]
[Epoch: 5/13][Iter: 330/1903][lr: 0.000100][loss_conf: 2.67][loss_obj: 0.77][loss_act: 10.27][loss_rel: 4.48][loss_interact: 0.00][loss_box: 0.28][losses: 39.17][time: 49.75]
[Epoch: 5/13][Iter: 340/1903][lr: 0.000100][loss_conf: 2.71][loss_obj: 0.77][loss_act: 9.96][loss_rel: 4.36][loss_interact: 0.00][loss_box: 0.28][losses: 38.40][time: 61.93]
[Epoch: 5/13][Iter: 350/1903][lr: 0.000100][loss_conf: 2.66][loss_obj: 0.60][loss_act: 9.25][loss_rel: 4.64][loss_interact: 0.00][loss_box: 0.27][losses: 36.99][time: 49.78]
[Epoch: 5/13][Iter: 360/1903][lr: 0.000100][loss_conf: 2.80][loss_obj: 0.67][loss_act: 8.86][loss_rel: 4.67][loss_interact: 0.01][loss_box: 0.29][losses: 36.89][time: 62.25]
[Epoch: 5/13][Iter: 370/1903][lr: 0.000100][loss_conf: 2.65][loss_obj: 0.68][loss_act: 8.84][loss_rel: 4.31][loss_interact: 0.00][loss_box: 0.28][losses: 35.76][time: 49.98]
[Epoch: 5/13][Iter: 380/1903][lr: 0.000100][loss_conf: 2.73][loss_obj: 0.68][loss_act: 9.95][loss_rel: 4.08][loss_interact: 0.00][loss_box: 0.28][losses: 37.67][time: 63.24]
[Epoch: 5/13][Iter: 390/1903][lr: 0.000100][loss_conf: 2.81][loss_obj: 0.67][loss_act: 9.23][loss_rel: 4.76][loss_interact: 0.01][loss_box: 0.27][losses: 37.65][time: 51.59]
[Epoch: 5/13][Iter: 400/1903][lr: 0.000100][loss_conf: 2.82][loss_obj: 0.67][loss_act: 10.30][loss_rel: 4.77][loss_interact: 0.00][loss_box: 0.27][losses: 39.86][time: 64.76]
[Epoch: 5/13][Iter: 410/1903][lr: 0.000100][loss_conf: 2.66][loss_obj: 0.65][loss_act: 9.71][loss_rel: 4.53][loss_interact: 0.00][loss_box: 0.27][losses: 37.83][time: 50.67]
[Epoch: 5/13][Iter: 420/1903][lr: 0.000100][loss_conf: 2.62][loss_obj: 0.65][loss_act: 9.05][loss_rel: 4.53][loss_interact: 0.01][loss_box: 0.29][losses: 36.64][time: 64.88]
[Epoch: 5/13][Iter: 430/1903][lr: 0.000100][loss_conf: 2.67][loss_obj: 0.63][loss_act: 8.29][loss_rel: 4.44][loss_interact: 0.00][loss_box: 0.28][losses: 34.83][time: 51.32]
[Epoch: 5/13][Iter: 440/1903][lr: 0.000100][loss_conf: 2.73][loss_obj: 0.67][loss_act: 9.41][loss_rel: 4.58][loss_interact: 0.00][loss_box: 0.28][losses: 37.58][time: 65.05]
[Epoch: 5/13][Iter: 450/1903][lr: 0.000100][loss_conf: 2.62][loss_obj: 0.74][loss_act: 9.54][loss_rel: 4.46][loss_interact: 0.00][loss_box: 0.27][losses: 37.47][time: 51.68]
[Epoch: 5/13][Iter: 460/1903][lr: 0.000100][loss_conf: 2.76][loss_obj: 0.64][loss_act: 9.72][loss_rel: 4.40][loss_interact: 0.00][loss_box: 0.28][losses: 37.83][time: 65.65]
[Epoch: 5/13][Iter: 470/1903][lr: 0.000100][loss_conf: 2.76][loss_obj: 0.68][loss_act: 9.79][loss_rel: 4.38][loss_interact: 0.00][loss_box: 0.27][losses: 37.93][time: 52.67]
[Epoch: 5/13][Iter: 480/1903][lr: 0.000100][loss_conf: 2.68][loss_obj: 0.69][loss_act: 9.64][loss_rel: 4.70][loss_interact: 0.01][loss_box: 0.28][losses: 38.27][time: 65.06]
[Epoch: 5/13][Iter: 490/1903][lr: 0.000100][loss_conf: 2.78][loss_obj: 0.67][loss_act: 9.49][loss_rel: 4.42][loss_interact: 0.00][loss_box: 0.29][losses: 37.60][time: 52.26]
[Epoch: 5/13][Iter: 500/1903][lr: 0.000100][loss_conf: 2.65][loss_obj: 0.70][loss_act: 9.14][loss_rel: 4.13][loss_interact: 0.00][loss_box: 0.27][losses: 35.95][time: 66.09]
[Epoch: 5/13][Iter: 510/1903][lr: 0.000100][loss_conf: 2.78][loss_obj: 0.78][loss_act: 9.17][loss_rel: 4.69][loss_interact: 0.01][loss_box: 0.29][losses: 37.72][time: 51.51]
[Epoch: 5/13][Iter: 520/1903][lr: 0.000100][loss_conf: 2.81][loss_obj: 0.59][loss_act: 8.47][loss_rel: 4.68][loss_interact: 0.00][loss_box: 0.28][losses: 35.95][time: 65.92]
[Epoch: 5/13][Iter: 530/1903][lr: 0.000100][loss_conf: 2.61][loss_obj: 0.67][loss_act: 8.98][loss_rel: 4.75][loss_interact: 0.00][loss_box: 0.27][losses: 36.78][time: 49.91]
[Epoch: 5/13][Iter: 540/1903][lr: 0.000100][loss_conf: 2.77][loss_obj: 0.63][loss_act: 9.09][loss_rel: 4.51][loss_interact: 0.00][loss_box: 0.28][losses: 36.82][time: 63.11]
[Epoch: 5/13][Iter: 550/1903][lr: 0.000100][loss_conf: 2.68][loss_obj: 0.69][loss_act: 9.00][loss_rel: 4.50][loss_interact: 0.00][loss_box: 0.26][losses: 36.35][time: 50.74]
[Epoch: 5/13][Iter: 560/1903][lr: 0.000100][loss_conf: 2.79][loss_obj: 0.71][loss_act: 9.49][loss_rel: 4.62][loss_interact: 0.00][loss_box: 0.28][losses: 38.05][time: 63.85]
[Epoch: 5/13][Iter: 570/1903][lr: 0.000100][loss_conf: 2.80][loss_obj: 0.69][loss_act: 9.18][loss_rel: 4.94][loss_interact: 0.00][loss_box: 0.28][losses: 38.03][time: 50.89]
[Epoch: 5/13][Iter: 580/1903][lr: 0.000100][loss_conf: 2.74][loss_obj: 0.72][loss_act: 9.33][loss_rel: 4.57][loss_interact: 0.01][loss_box: 0.27][losses: 37.46][time: 64.62]
[Epoch: 5/13][Iter: 590/1903][lr: 0.000100][loss_conf: 2.67][loss_obj: 0.70][loss_act: 9.59][loss_rel: 4.66][loss_interact: 0.00][loss_box: 0.28][losses: 38.07][time: 50.34]
[Epoch: 5/13][Iter: 600/1903][lr: 0.000100][loss_conf: 2.78][loss_obj: 0.65][loss_act: 9.87][loss_rel: 4.51][loss_interact: 0.00][loss_box: 0.28][losses: 38.43][time: 63.46]
[Epoch: 5/13][Iter: 610/1903][lr: 0.000100][loss_conf: 2.71][loss_obj: 0.72][loss_act: 9.85][loss_rel: 4.64][loss_interact: 0.00][loss_box: 0.27][losses: 38.50][time: 51.30]
[Epoch: 5/13][Iter: 620/1903][lr: 0.000100][loss_conf: 2.77][loss_obj: 0.61][loss_act: 9.25][loss_rel: 4.44][loss_interact: 0.01][loss_box: 0.27][losses: 36.87][time: 63.84]
[Epoch: 5/13][Iter: 630/1903][lr: 0.000100][loss_conf: 2.78][loss_obj: 0.69][loss_act: 9.07][loss_rel: 4.41][loss_interact: 0.00][loss_box: 0.27][losses: 36.64][time: 50.58]
[Epoch: 5/13][Iter: 640/1903][lr: 0.000100][loss_conf: 2.67][loss_obj: 0.67][loss_act: 9.86][loss_rel: 4.62][loss_interact: 0.01][loss_box: 0.28][losses: 38.47][time: 63.42]
[Epoch: 5/13][Iter: 650/1903][lr: 0.000100][loss_conf: 2.66][loss_obj: 0.79][loss_act: 9.14][loss_rel: 4.88][loss_interact: 0.00][loss_box: 0.28][losses: 37.72][time: 50.17]
[Epoch: 5/13][Iter: 660/1903][lr: 0.000100][loss_conf: 2.69][loss_obj: 0.67][loss_act: 9.77][loss_rel: 4.31][loss_interact: 0.01][loss_box: 0.28][losses: 37.71][time: 63.39]
[Epoch: 5/13][Iter: 670/1903][lr: 0.000100][loss_conf: 2.75][loss_obj: 0.61][loss_act: 9.43][loss_rel: 4.53][loss_interact: 0.00][loss_box: 0.28][losses: 37.46][time: 51.16]
[Epoch: 5/13][Iter: 680/1903][lr: 0.000100][loss_conf: 2.70][loss_obj: 0.68][loss_act: 9.21][loss_rel: 4.52][loss_interact: 0.00][loss_box: 0.26][losses: 36.84][time: 64.33]
[Epoch: 5/13][Iter: 690/1903][lr: 0.000100][loss_conf: 2.68][loss_obj: 0.61][loss_act: 9.48][loss_rel: 4.65][loss_interact: 0.00][loss_box: 0.27][losses: 37.55][time: 51.17]
[Epoch: 5/13][Iter: 700/1903][lr: 0.000100][loss_conf: 2.75][loss_obj: 0.63][loss_act: 9.51][loss_rel: 4.48][loss_interact: 0.00][loss_box: 0.27][losses: 37.46][time: 63.28]
[Epoch: 5/13][Iter: 710/1903][lr: 0.000100][loss_conf: 2.68][loss_obj: 0.63][loss_act: 9.63][loss_rel: 4.15][loss_interact: 0.00][loss_box: 0.28][losses: 36.99][time: 50.32]
[Epoch: 5/13][Iter: 720/1903][lr: 0.000100][loss_conf: 2.67][loss_obj: 0.62][loss_act: 9.44][loss_rel: 4.41][loss_interact: 0.00][loss_box: 0.27][losses: 37.00][time: 64.02]
[Epoch: 5/13][Iter: 730/1903][lr: 0.000100][loss_conf: 2.75][loss_obj: 0.67][loss_act: 9.38][loss_rel: 4.45][loss_interact: 0.00][loss_box: 0.28][losses: 37.28][time: 51.14]
[Epoch: 5/13][Iter: 740/1903][lr: 0.000100][loss_conf: 2.59][loss_obj: 0.65][loss_act: 9.10][loss_rel: 4.47][loss_interact: 0.00][loss_box: 0.27][losses: 36.34][time: 63.90]
[Epoch: 5/13][Iter: 750/1903][lr: 0.000100][loss_conf: 2.81][loss_obj: 0.73][loss_act: 9.17][loss_rel: 4.48][loss_interact: 0.01][loss_box: 0.28][losses: 37.21][time: 50.73]
[Epoch: 5/13][Iter: 760/1903][lr: 0.000100][loss_conf: 2.73][loss_obj: 0.58][loss_act: 9.21][loss_rel: 4.44][loss_interact: 0.00][loss_box: 0.28][losses: 36.76][time: 63.74]
[Epoch: 5/13][Iter: 770/1903][lr: 0.000100][loss_conf: 2.81][loss_obj: 0.73][loss_act: 10.77][loss_rel: 4.49][loss_interact: 0.01][loss_box: 0.28][losses: 40.40][time: 50.39]
[Epoch: 5/13][Iter: 780/1903][lr: 0.000100][loss_conf: 2.76][loss_obj: 0.67][loss_act: 10.04][loss_rel: 4.32][loss_interact: 0.01][loss_box: 0.28][losses: 38.38][time: 62.83]
[Epoch: 5/13][Iter: 790/1903][lr: 0.000100][loss_conf: 2.73][loss_obj: 0.71][loss_act: 9.27][loss_rel: 4.64][loss_interact: 0.00][loss_box: 0.28][losses: 37.55][time: 51.28]
[Epoch: 5/13][Iter: 800/1903][lr: 0.000100][loss_conf: 2.62][loss_obj: 0.70][loss_act: 9.81][loss_rel: 4.76][loss_interact: 0.00][loss_box: 0.27][losses: 38.52][time: 63.37]
[Epoch: 5/13][Iter: 810/1903][lr: 0.000100][loss_conf: 2.67][loss_obj: 0.71][loss_act: 10.12][loss_rel: 4.63][loss_interact: 0.00][loss_box: 0.27][losses: 39.00][time: 51.42]
[Epoch: 5/13][Iter: 820/1903][lr: 0.000100][loss_conf: 2.67][loss_obj: 0.68][loss_act: 9.33][loss_rel: 4.39][loss_interact: 0.00][loss_box: 0.28][losses: 36.95][time: 63.01]
[Epoch: 5/13][Iter: 830/1903][lr: 0.000100][loss_conf: 2.70][loss_obj: 0.65][loss_act: 9.06][loss_rel: 4.54][loss_interact: 0.00][loss_box: 0.27][losses: 36.61][time: 50.21]
[Epoch: 5/13][Iter: 840/1903][lr: 0.000100][loss_conf: 2.70][loss_obj: 0.79][loss_act: 9.23][loss_rel: 4.80][loss_interact: 0.00][loss_box: 0.28][losses: 37.87][time: 64.00]
[Epoch: 5/13][Iter: 850/1903][lr: 0.000100][loss_conf: 2.65][loss_obj: 0.69][loss_act: 10.10][loss_rel: 4.41][loss_interact: 0.00][loss_box: 0.29][losses: 38.57][time: 51.14]
[Epoch: 5/13][Iter: 860/1903][lr: 0.000100][loss_conf: 2.72][loss_obj: 0.65][loss_act: 8.99][loss_rel: 4.32][loss_interact: 0.00][loss_box: 0.27][losses: 36.12][time: 103.64]
[Epoch: 5/13][Iter: 870/1903][lr: 0.000100][loss_conf: 2.73][loss_obj: 0.56][loss_act: 9.23][loss_rel: 4.73][loss_interact: 0.00][loss_box: 0.27][losses: 37.16][time: 51.30]
[Epoch: 5/13][Iter: 880/1903][lr: 0.000100][loss_conf: 2.72][loss_obj: 0.69][loss_act: 9.28][loss_rel: 4.53][loss_interact: 0.01][loss_box: 0.28][losses: 37.26][time: 64.32]
[Epoch: 5/13][Iter: 890/1903][lr: 0.000100][loss_conf: 2.60][loss_obj: 0.66][loss_act: 9.62][loss_rel: 4.16][loss_interact: 0.00][loss_box: 0.29][losses: 36.98][time: 50.62]
[Epoch: 5/13][Iter: 900/1903][lr: 0.000100][loss_conf: 2.66][loss_obj: 0.69][loss_act: 9.36][loss_rel: 4.28][loss_interact: 0.00][loss_box: 0.29][losses: 36.88][time: 63.86]
[Epoch: 5/13][Iter: 910/1903][lr: 0.000100][loss_conf: 2.72][loss_obj: 0.64][loss_act: 9.54][loss_rel: 4.90][loss_interact: 0.00][loss_box: 0.29][losses: 38.49][time: 51.44]
[Epoch: 5/13][Iter: 920/1903][lr: 0.000100][loss_conf: 2.59][loss_obj: 0.62][loss_act: 9.00][loss_rel: 4.28][loss_interact: 0.01][loss_box: 0.28][losses: 35.76][time: 63.17]
[Epoch: 5/13][Iter: 930/1903][lr: 0.000100][loss_conf: 2.66][loss_obj: 0.66][loss_act: 9.69][loss_rel: 4.26][loss_interact: 0.00][loss_box: 0.28][losses: 37.34][time: 50.74]
[Epoch: 5/13][Iter: 940/1903][lr: 0.000100][loss_conf: 2.73][loss_obj: 0.66][loss_act: 9.07][loss_rel: 4.47][loss_interact: 0.00][loss_box: 0.28][losses: 36.69][time: 63.54]
[Epoch: 5/13][Iter: 950/1903][lr: 0.000100][loss_conf: 2.66][loss_obj: 0.62][loss_act: 9.58][loss_rel: 4.57][loss_interact: 0.00][loss_box: 0.28][losses: 37.70][time: 50.70]
[Epoch: 5/13][Iter: 960/1903][lr: 0.000100][loss_conf: 2.69][loss_obj: 0.70][loss_act: 9.87][loss_rel: 4.21][loss_interact: 0.01][loss_box: 0.28][losses: 37.76][time: 63.49]
[Epoch: 5/13][Iter: 970/1903][lr: 0.000100][loss_conf: 2.68][loss_obj: 0.69][loss_act: 9.07][loss_rel: 4.65][loss_interact: 0.01][loss_box: 0.28][losses: 37.05][time: 50.92]
[Epoch: 5/13][Iter: 980/1903][lr: 0.000100][loss_conf: 2.71][loss_obj: 0.74][loss_act: 9.08][loss_rel: 4.58][loss_interact: 0.01][loss_box: 0.29][losses: 37.10][time: 63.07]
[Epoch: 5/13][Iter: 990/1903][lr: 0.000100][loss_conf: 2.73][loss_obj: 0.64][loss_act: 9.55][loss_rel: 4.37][loss_interact: 0.01][loss_box: 0.27][losses: 37.33][time: 51.42]
[Epoch: 5/13][Iter: 1000/1903][lr: 0.000100][loss_conf: 2.73][loss_obj: 0.75][loss_act: 10.18][loss_rel: 4.73][loss_interact: 0.00][loss_box: 0.28][losses: 39.57][time: 64.33]
[Epoch: 5/13][Iter: 1010/1903][lr: 0.000100][loss_conf: 2.79][loss_obj: 0.75][loss_act: 10.15][loss_rel: 4.62][loss_interact: 0.01][loss_box: 0.28][losses: 39.37][time: 50.15]
[Epoch: 5/13][Iter: 1020/1903][lr: 0.000100][loss_conf: 2.69][loss_obj: 0.68][loss_act: 8.79][loss_rel: 4.37][loss_interact: 0.01][loss_box: 0.28][losses: 35.93][time: 62.77]
